#
# A fatal error has been detected by the Java Runtime Environment:
#
#  EXCEPTION_ACCESS_VIOLATION (0xc0000005) at pc=0x00007ff97db155e4, pid=11956, tid=11676
#
# JRE version: OpenJDK Runtime Environment Corretto-17.0.6.10.1 (17.0.6+10) (build 17.0.6+10-LTS)
# Java VM: OpenJDK 64-Bit Server VM Corretto-17.0.6.10.1 (17.0.6+10-LTS, mixed mode, sharing, tiered, compressed oops, compressed class ptrs, g1 gc, windows-amd64)
# Problematic frame:
# C  [lwjgl_nanovg.dll+0x355e4]
#
# No core dump will be written. Minidumps are not enabled by default on client versions of Windows
#
# If you would like to submit a bug report, please visit:
#   https://github.com/corretto/corretto-17/issues/
# The crash happened outside the Java Virtual Machine in native code.
# See problematic frame for where to report the bug.
#

---------------  S U M M A R Y ------------

Command Line: -Dfile.encoding=windows-1252 -Duser.country=GB -Duser.language=en -Duser.variant Shapes

Host: Intel(R) Core(TM) i5-9300H CPU @ 2.40GHz, 8 cores, 7G,  Windows 10 , 64 bit Build 19041 (10.0.19041.3636)
Time: Wed Jan 17 21:45:59 2024 GMT Standard Time elapsed time: 0.789822 seconds (0d 0h 0m 0s)

---------------  T H R E A D  ---------------

Current thread (0x00000168eae18850):  JavaThread "main" [_thread_in_native, id=11676, stack(0x000000058ad00000,0x000000058ae00000)]

Stack: [0x000000058ad00000,0x000000058ae00000],  sp=0x000000058adfef10,  free space=1019k
Native frames: (J=compiled Java code, j=interpreted, Vv=VM code, C=native code)
C  [lwjgl_nanovg.dll+0x355e4]

Java frames: (J=compiled Java code, j=interpreted, Vv=VM code)
j  org.lwjgl.nanovg.NanoVG.nnvgBeginFrame(JFFF)V+0
j  org.lwjgl.nanovg.NanoVG.nvgBeginFrame(JFFF)V+16
j  org.nvgu.NVGU.beginFrame(II)Lorg/nvgu/NVGU;+9
j  org.nvgu.NVGU.frame(IILjava/lang/Runnable;)Lorg/nvgu/NVGU;+3
j  Shapes.lambda$main$2(Lorg/nvgu/NVGU;Lcc/grng/brick/Brick;)V+13
j  Shapes$$Lambda$8+0x0000000800c02dc0.run()V+8
j  Window.loop(Ljava/lang/Runnable;Ljava/lang/Runnable;)V+34
j  Window.run(Ljava/lang/Runnable;Ljava/lang/Runnable;)V+7
j  Shapes.main([Ljava/lang/String;)V+89
v  ~StubRoutines::call_stub

siginfo: EXCEPTION_ACCESS_VIOLATION (0xc0000005), writing address 0x0000000000002287


Register to memory mapping:

RIP=0x00007ff97db155e4 lwjgl_nanovg.dll
RAX=0x00007ff97db155d0 lwjgl_nanovg.dll
RBX={method} {0x00000168fa9c9cc8} 'nnvgBeginFrame' '(JFFF)V' in 'org/lwjgl/nanovg/NanoVG'
RCX=0xffffffffffffffff is an unknown value
RDX=0x000000058adfeff8 is pointing into the stack for thread: 0x00000168eae18850
RSP=0x000000058adfef10 is pointing into the stack for thread: 0x00000168eae18850
RBP=0x000000058adfefe8 is pointing into the stack for thread: 0x00000168eae18850
RSI=0x0000000000000110 is an unknown value
RDI=0x0 is NULL
R8 =0xffffffffffffffff is an unknown value
R9 =0x0000000000000002 is an unknown value
R10=0x000001688753d5f2 is at code_begin+946 in an Interpreter codelet
method entry point (kind = native)  [0x000001688753d240, 0x000001688753dbc0]  2432 bytes
R11=0x00000000894f9720 is an oop: java.lang.Class 
{0x00000000894f9720} - klass: 'java/lang/Class'
 - ---- fields (total size 40 words):
 - private volatile transient 'classRedefinedCount' 'I' @12  0
 - private volatile transient 'cachedConstructor' 'Ljava/lang/reflect/Constructor;' @40  NULL (0)
 - private transient 'name' 'Ljava/lang/String;' @44  "org.lwjgl.nanovg.NanoVG"{0x00000000894f9870} (894f9870)
 - private transient 'module' 'Ljava/lang/Module;' @48  a 'java/lang/Module'{0x0000000089b662c8} (89b662c8)
 - private final 'classLoader' 'Ljava/lang/ClassLoader;' @52  a 'jdk/internal/loader/ClassLoaders$AppClassLoader'{0x0000000089b66108} (89b66108)
 - private transient 'classData' 'Ljava/lang/Object;' @56  NULL (0)
 - private transient 'packageName' 'Ljava/lang/String;' @60  "org.lwjgl.nanovg"{0x00000000894d55e8} (894d55e8)
 - private final 'componentType' 'Ljava/lang/Class;' @64  NULL (0)
 - private volatile transient 'reflectionData' 'Ljava/lang/ref/SoftReference;' @68  NULL (0)
 - private volatile transient 'genericInfo' 'Lsun/reflect/generics/repository/ClassRepository;' @72  NULL (0)
 - private volatile transient 'enumConstants' '[Ljava/lang/Object;' @76  NULL (0)
 - private volatile transient 'enumConstantDirectory' 'Ljava/util/Map;' @80  NULL (0)
 - private volatile transient 'annotationData' 'Ljava/lang/Class$AnnotationData;' @84  NULL (0)
 - private volatile transient 'annotationType' 'Lsun/reflect/annotation/AnnotationType;' @88  NULL (0)
 - transient 'classValueMap' 'Ljava/lang/ClassValue$ClassValueMap;' @92  NULL (0)
 - signature: Lorg/lwjgl/nanovg/NanoVG;
 - fake entry for mirror: 'org/lwjgl/nanovg/NanoVG'
 - fake entry for array: NULL
 - fake entry for oop_size: 40
 - fake entry for static_oop_field_count: 0
 - public static final 'NVG_PI' 'F' @136  3.141593 (40490fdb)
 - public static final 'NVG_CCW' 'I' @140  1
 - public static final 'NVG_CW' 'I' @144  2
 - public static final 'NVG_SOLID' 'I' @148  1
 - public static final 'NVG_HOLE' 'I' @152  2
 - public static final 'NVG_BUTT' 'I' @156  0
 - public static final 'NVG_ROUND' 'I' @160  1
 - public static final 'NVG_SQUARE' 'I' @164  2
 - public static final 'NVG_BEVEL' 'I' @168  3
 - public static final 'NVG_MITER' 'I' @172  4
 - public static final 'NVG_ALIGN_LEFT' 'I' @176  1
 - public static final 'NVG_ALIGN_CENTER' 'I' @180  2
 - public static final 'NVG_ALIGN_RIGHT' 'I' @184  4
 - public static final 'NVG_ALIGN_TOP' 'I' @188  8
 - public static final 'NVG_ALIGN_MIDDLE' 'I' @192  16 (10)
 - public static final 'NVG_ALIGN_BOTTOM' 'I' @196  32 (20)
 - public static final 'NVG_ALIGN_BASELINE' 'I' @200  64 (40)
 - public static final 'NVG_ZERO' 'I' @204  1
 - public static final 'NVG_ONE' 'I' @208  2
 - public static final 'NVG_SRC_COLOR' 'I' @212  4
 - public static final 'NVG_ONE_MINUS_SRC_COLOR' 'I' @216  8
 - public static final 'NVG_DST_COLOR' 'I' @220  16 (10)
 - public static final 'NVG_ONE_MINUS_DST_COLOR' 'I' @224  32 (20)
 - public static final 'NVG_SRC_ALPHA' 'I' @228  64 (40)
 - public static final 'NVG_ONE_MINUS_SRC_ALPHA' 'I' @232  128 (80)
 - public static final 'NVG_DST_ALPHA' 'I' @236  256 (100)
 - public static final 'NVG_ONE_MINUS_DST_ALPHA' 'I' @240  512 (200)
 - public static final 'NVG_SRC_ALPHA_SATURATE' 'I' @244  1024 (400)
 - public static final 'NVG_SOURCE_OVER' 'I' @248  0
 - public static final 'NVG_SOURCE_IN' 'I' @252  1
 - public static final 'NVG_SOURCE_OUT' 'I' @256  2
 - public static final 'NVG_ATOP' 'I' @260  3
 - public static final 'NVG_DESTINATION_OVER' 'I' @264  4
 - public static final 'NVG_DESTINATION_IN' 'I' @268  5
 - public static final 'NVG_DESTINATION_OUT' 'I' @272  6
 - public static final 'NVG_DESTINATION_ATOP' 'I' @276  7
 - public static final 'NVG_LIGHTER' 'I' @280  8
 - public static final 'NVG_COPY' 'I' @284  9
 - public static final 'NVG_XOR' 'I' @288  10 (a)
 - public static final 'NVG_IMAGE_GENERATE_MIPMAPS' 'I' @292  1
 - public static final 'NVG_IMAGE_REPEATX' 'I' @296  2
 - public static final 'NVG_IMAGE_REPEATY' 'I' @300  4
 - public static final 'NVG_IMAGE_FLIPY' 'I' @304  8
 - public static final 'NVG_IMAGE_PREMULTIPLIED' 'I' @308  16 (10)
 - public static final 'NVG_IMAGE_NEAREST' 'I' @312  32 (20)
 - static final 'nvgCreateInternal' 'J' @112  140709532328768 (7db0e340 7ff9)
 - static final 'nvgInternalParams' 'J' @120  140709532329376 (7db0e5a0 7ff9)
 - static final 'nvgDeleteInternal' 'J' @128  140709532329392 (7db0e5b0 7ff9)
R12=0x0 is NULL
R13=0x00000168fa97fff0 is pointing into metadata
R14=0x000000058adff028 is pointing into the stack for thread: 0x00000168eae18850
R15=0x00000168eae18850 is a thread


Registers:
RAX=0x00007ff97db155d0, RBX=0x00000168fa9c9cc0, RCX=0xffffffffffffffff, RDX=0x000000058adfeff8
RSP=0x000000058adfef10, RBP=0x000000058adfefe8, RSI=0x0000000000000110, RDI=0x0000000000000000
R8 =0xffffffffffffffff, R9 =0x0000000000000002, R10=0x000001688753d5f2, R11=0x00000000894f9720
R12=0x0000000000000000, R13=0x00000168fa97fff0, R14=0x000000058adff028, R15=0x00000168eae18850
RIP=0x00007ff97db155e4, EFLAGS=0x0000000000010246

Top of Stack: (sp=0x000000058adfef10)
0x000000058adfef10:   00000000000003c4 000001688753d48e
0x000000058adfef20:   00000168fa9c9cc0 00000168fa9c9cc0
0x000000058adfef30:   0000000000000000 0000000000000000
0x000000058adfef40:   00000000000003c4 000001688753d621
0x000000058adfef50:   00000168fa9c9cc0 00007ff97fa02f47
0x000000058adfef60:   00000000000003c4 000001688753d33c
0x000000058adfef70:   0000016844160000 000000003f800000
0x000000058adfef80:   00000168875394fe 00007ff97f9fc5a7
0x000000058adfef90:   3ff0000000000000 000001688753d2f6
0x000000058adfefa0:   000000058adfefa0 00000168fa97fff0
0x000000058adfefb0:   000000058adff028 00000168fa9d8000
0x000000058adfefc0:   0000000000000000 00000000894f9720
0x000000058adfefd0:   00000168fa9c9cc0 0000000000000000
0x000000058adfefe0:   000000058adff008 000000058adff078
0x000000058adfeff0:   00000168875394fe 00000000894f9720
0x000000058adff000:   000001688753af78 000001683f800000 

Instructions: (pc=0x00007ff97db155e4)
0x00007ff97db154e4:   c8 74 50 00 00 85 c0 0f 88 8a 00 00 00 41 3b 40
0x00007ff97db154f4:   74 0f 8d 80 00 00 00 f3 43 0f 10 84 c8 7c 50 00
0x00007ff97db15504:   00 48 8b c8 49 8b 40 60 f3 0f 10 1d 40 88 03 00
0x00007ff97db15514:   f3 0f 59 c3 48 8b 14 c8 f3 0f 2c c0 48 83 ba e0
0x00007ff97db15524:   00 00 00 00 74 51 98 48 85 f6 74 17 66 0f 6e c0
0x00007ff97db15534:   0f 5b c0 f3 0f 59 82 f0 00 00 00 f3 0f 5e c3 f3
0x00007ff97db15544:   0f 11 06 66 0f 6e c8 0f 5b c9 48 85 ff 74 13 0f
0x00007ff97db15554:   28 c1 f3 0f 59 82 f4 00 00 00 f3 0f 5e c3 f3 0f
0x00007ff97db15564:   11 07 48 85 db 74 10 f3 0f 59 8a f8 00 00 00 f3
0x00007ff97db15574:   0f 5e cb f3 0f 11 0b 48 85 f6 74 0b 0f 28 c2 f3
0x00007ff97db15584:   0f 59 06 f3 0f 11 06 48 85 ff 74 0b 0f 28 c2 f3
0x00007ff97db15594:   0f 59 07 f3 0f 11 07 48 85 db 74 08 f3 0f 59 13
0x00007ff97db155a4:   f3 0f 11 13 48 8b 5c 24 30 48 8b 6c 24 38 48 8b
0x00007ff97db155b4:   74 24 40 48 8b 7c 24 48 48 83 c4 20 41 5e c3 cc
0x00007ff97db155c4:   cc cc cc cc cc cc cc cc cc cc cc cc 48 89 5c 24
0x00007ff97db155d4:   08 57 48 83 ec 30 33 ff 0f 29 74 24 20 49 8b c8
0x00007ff97db155e4:   41 89 b8 88 22 00 00 0f 28 f3 49 8b d8 e8 ea 94
0x00007ff97db155f4:   ff ff e8 95 95 ff ff f3 0f 10 5c 24 68 f3 0f 10
0x00007ff97db15604:   05 67 86 03 00 f3 0f 10 0d 93 86 03 00 f3 0f 10
0x00007ff97db15614:   54 24 60 48 8b 0b f3 0f 5e c3 f3 0f 5e cb f3 0f
0x00007ff97db15624:   11 83 98 22 00 00 f3 0f 10 05 1e 86 03 00 f3 0f
0x00007ff97db15634:   5e c3 f3 0f 11 8b a0 22 00 00 0f 28 ce f3 0f 11
0x00007ff97db15644:   83 9c 22 00 00 f3 0f 11 9b a4 22 00 00 ff 53 38
0x00007ff97db15654:   0f 28 74 24 20 48 89 bb c4 22 00 00 48 89 bb cc
0x00007ff97db15664:   22 00 00 48 8b 5c 24 40 48 83 c4 30 5f c3 cc cc
0x00007ff97db15674:   cc cc cc cc cc cc cc cc cc cc cc cc 49 8b 08 49
0x00007ff97db15684:   ff 60 40 cc cc cc cc cc cc cc cc cc 40 53 48 83
0x00007ff97db15694:   ec 60 49 8b 08 49 8b d8 41 ff 50 48 48 63 83 c0
0x00007ff97db156a4:   22 00 00 85 c0 0f 84 0f 01 00 00 4c 89 6c 24 40
0x00007ff97db156b4:   44 8b ac 83 b0 22 00 00 c7 84 83 b0 22 00 00 00
0x00007ff97db156c4:   00 00 00 45 85 ed 0f 84 e9 00 00 00 48 8b 0b 4c
0x00007ff97db156d4:   8d 4c 24 20 48 89 6c 24 70 4c 8d 84 24 80 00 00 


Stack slot to memory mapping:
stack at sp + 0 slots: 0x00000000000003c4 is an unknown value
stack at sp + 1 slots: 0x000001688753d48e is at code_begin+590 in an Interpreter codelet
method entry point (kind = native)  [0x000001688753d240, 0x000001688753dbc0]  2432 bytes
stack at sp + 2 slots: {method} {0x00000168fa9c9cc8} 'nnvgBeginFrame' '(JFFF)V' in 'org/lwjgl/nanovg/NanoVG'
stack at sp + 3 slots: {method} {0x00000168fa9c9cc8} 'nnvgBeginFrame' '(JFFF)V' in 'org/lwjgl/nanovg/NanoVG'
stack at sp + 4 slots: 0x0 is NULL
stack at sp + 5 slots: 0x0 is NULL
stack at sp + 6 slots: 0x00000000000003c4 is an unknown value
stack at sp + 7 slots: 0x000001688753d621 is at code_begin+993 in an Interpreter codelet
method entry point (kind = native)  [0x000001688753d240, 0x000001688753dbc0]  2432 bytes


---------------  P R O C E S S  ---------------

Threads class SMR info:
_java_thread_list=0x000001688f1de290, length=12, elements={
0x00000168eae18850, 0x00000168fa16e260, 0x00000168fa16f0d0, 0x00000168fa186390,
0x00000168fa189d70, 0x00000168fa18a720, 0x00000168fa18c0e0, 0x00000168fa190370,
0x00000168fa198e20, 0x00000168fa1bbc30, 0x00000168facf50d0, 0x00000168facfd600
}

Java Threads: ( => current thread )
=>0x00000168eae18850 JavaThread "main" [_thread_in_native, id=11676, stack(0x000000058ad00000,0x000000058ae00000)]
  0x00000168fa16e260 JavaThread "Reference Handler" daemon [_thread_blocked, id=23060, stack(0x000000058b400000,0x000000058b500000)]
  0x00000168fa16f0d0 JavaThread "Finalizer" daemon [_thread_blocked, id=23136, stack(0x000000058b500000,0x000000058b600000)]
  0x00000168fa186390 JavaThread "Signal Dispatcher" daemon [_thread_blocked, id=4412, stack(0x000000058b600000,0x000000058b700000)]
  0x00000168fa189d70 JavaThread "Attach Listener" daemon [_thread_blocked, id=16632, stack(0x000000058b700000,0x000000058b800000)]
  0x00000168fa18a720 JavaThread "Service Thread" daemon [_thread_blocked, id=21704, stack(0x000000058b800000,0x000000058b900000)]
  0x00000168fa18c0e0 JavaThread "Monitor Deflation Thread" daemon [_thread_blocked, id=13680, stack(0x000000058b900000,0x000000058ba00000)]
  0x00000168fa190370 JavaThread "C2 CompilerThread0" daemon [_thread_blocked, id=9940, stack(0x000000058ba00000,0x000000058bb00000)]
  0x00000168fa198e20 JavaThread "C1 CompilerThread0" daemon [_thread_blocked, id=17036, stack(0x000000058bb00000,0x000000058bc00000)]
  0x00000168fa1bbc30 JavaThread "Sweeper thread" daemon [_thread_blocked, id=21152, stack(0x000000058bc00000,0x000000058bd00000)]
  0x00000168facf50d0 JavaThread "Notification Thread" daemon [_thread_blocked, id=21772, stack(0x000000058bd00000,0x000000058be00000)]
  0x00000168facfd600 JavaThread "Common-Cleaner" daemon [_thread_blocked, id=18140, stack(0x000000058bf00000,0x000000058c000000)]

Other Threads:
  0x00000168fa166970 VMThread "VM Thread" [stack: 0x000000058b300000,0x000000058b400000] [id=5600]
  0x00000168eae89dc0 WatcherThread [stack: 0x000000058be00000,0x000000058bf00000] [id=19424]
  0x00000168eae71790 GCTaskThread "GC Thread#0" [stack: 0x000000058ae00000,0x000000058af00000] [id=22152]
  0x00000168eae82420 ConcurrentGCThread "G1 Main Marker" [stack: 0x000000058af00000,0x000000058b000000] [id=20948]
  0x00000168eae83670 ConcurrentGCThread "G1 Conc#0" [stack: 0x000000058b000000,0x000000058b100000] [id=18948]
  0x00000168fa0220c0 ConcurrentGCThread "G1 Refine#0" [stack: 0x000000058b100000,0x000000058b200000] [id=13916]
  0x00000168fa022ae0 ConcurrentGCThread "G1 Service" [stack: 0x000000058b200000,0x000000058b300000] [id=21740]

Threads with active compile tasks:

VM state: not at safepoint (normal execution)

VM Mutex/Monitor currently owned by a thread: None

Heap address: 0x0000000081c00000, size: 2020 MB, Compressed Oops mode: 32-bit

CDS archive(s) mapped at: [0x0000000800000000-0x0000000800bc0000-0x0000000800bc0000), size 12320768, SharedBaseAddress: 0x0000000800000000, ArchiveRelocationMode: 0.
Compressed class space mapped at: 0x0000000800c00000-0x0000000840c00000, reserved size: 1073741824
Narrow klass base: 0x0000000800000000, Narrow klass shift: 0, Narrow klass range: 0x100000000

GC Precious Log:
 CPUs: 8 total, 8 available
 Memory: 8072M
 Large Page Support: Disabled
 NUMA Support: Disabled
 Compressed Oops: Enabled (32-bit)
 Heap Region Size: 1M
 Heap Min Capacity: 8M
 Heap Initial Capacity: 128M
 Heap Max Capacity: 2020M
 Pre-touch: Disabled
 Parallel Workers: 8
 Concurrent Workers: 2
 Concurrent Refinement Workers: 8
 Periodic GC: Disabled

Heap:
 garbage-first heap   total 131072K, used 7168K [0x0000000081c00000, 0x0000000100000000)
  region size 1024K, 9 young (9216K), 0 survivors (0K)
 Metaspace       used 3880K, committed 4096K, reserved 1056768K
  class space    used 251K, committed 384K, reserved 1048576K

Heap Regions: E=young(eden), S=young(survivor), O=old, HS=humongous(starts), HC=humongous(continues), CS=collection set, F=free, OA=open archive, CA=closed archive, TAMS=top-at-mark-start (previous, next)
|   0|0x0000000081c00000, 0x0000000081c00000, 0x0000000081d00000|  0%| F|  |TAMS 0x0000000081c00000, 0x0000000081c00000| Untracked 
|   1|0x0000000081d00000, 0x0000000081d00000, 0x0000000081e00000|  0%| F|  |TAMS 0x0000000081d00000, 0x0000000081d00000| Untracked 
|   2|0x0000000081e00000, 0x0000000081e00000, 0x0000000081f00000|  0%| F|  |TAMS 0x0000000081e00000, 0x0000000081e00000| Untracked 
|   3|0x0000000081f00000, 0x0000000081f00000, 0x0000000082000000|  0%| F|  |TAMS 0x0000000081f00000, 0x0000000081f00000| Untracked 
|   4|0x0000000082000000, 0x0000000082000000, 0x0000000082100000|  0%| F|  |TAMS 0x0000000082000000, 0x0000000082000000| Untracked 
|   5|0x0000000082100000, 0x0000000082100000, 0x0000000082200000|  0%| F|  |TAMS 0x0000000082100000, 0x0000000082100000| Untracked 
|   6|0x0000000082200000, 0x0000000082200000, 0x0000000082300000|  0%| F|  |TAMS 0x0000000082200000, 0x0000000082200000| Untracked 
|   7|0x0000000082300000, 0x0000000082300000, 0x0000000082400000|  0%| F|  |TAMS 0x0000000082300000, 0x0000000082300000| Untracked 
|   8|0x0000000082400000, 0x0000000082400000, 0x0000000082500000|  0%| F|  |TAMS 0x0000000082400000, 0x0000000082400000| Untracked 
|   9|0x0000000082500000, 0x0000000082500000, 0x0000000082600000|  0%| F|  |TAMS 0x0000000082500000, 0x0000000082500000| Untracked 
|  10|0x0000000082600000, 0x0000000082600000, 0x0000000082700000|  0%| F|  |TAMS 0x0000000082600000, 0x0000000082600000| Untracked 
|  11|0x0000000082700000, 0x0000000082700000, 0x0000000082800000|  0%| F|  |TAMS 0x0000000082700000, 0x0000000082700000| Untracked 
|  12|0x0000000082800000, 0x0000000082800000, 0x0000000082900000|  0%| F|  |TAMS 0x0000000082800000, 0x0000000082800000| Untracked 
|  13|0x0000000082900000, 0x0000000082900000, 0x0000000082a00000|  0%| F|  |TAMS 0x0000000082900000, 0x0000000082900000| Untracked 
|  14|0x0000000082a00000, 0x0000000082a00000, 0x0000000082b00000|  0%| F|  |TAMS 0x0000000082a00000, 0x0000000082a00000| Untracked 
|  15|0x0000000082b00000, 0x0000000082b00000, 0x0000000082c00000|  0%| F|  |TAMS 0x0000000082b00000, 0x0000000082b00000| Untracked 
|  16|0x0000000082c00000, 0x0000000082c00000, 0x0000000082d00000|  0%| F|  |TAMS 0x0000000082c00000, 0x0000000082c00000| Untracked 
|  17|0x0000000082d00000, 0x0000000082d00000, 0x0000000082e00000|  0%| F|  |TAMS 0x0000000082d00000, 0x0000000082d00000| Untracked 
|  18|0x0000000082e00000, 0x0000000082e00000, 0x0000000082f00000|  0%| F|  |TAMS 0x0000000082e00000, 0x0000000082e00000| Untracked 
|  19|0x0000000082f00000, 0x0000000082f00000, 0x0000000083000000|  0%| F|  |TAMS 0x0000000082f00000, 0x0000000082f00000| Untracked 
|  20|0x0000000083000000, 0x0000000083000000, 0x0000000083100000|  0%| F|  |TAMS 0x0000000083000000, 0x0000000083000000| Untracked 
|  21|0x0000000083100000, 0x0000000083100000, 0x0000000083200000|  0%| F|  |TAMS 0x0000000083100000, 0x0000000083100000| Untracked 
|  22|0x0000000083200000, 0x0000000083200000, 0x0000000083300000|  0%| F|  |TAMS 0x0000000083200000, 0x0000000083200000| Untracked 
|  23|0x0000000083300000, 0x0000000083300000, 0x0000000083400000|  0%| F|  |TAMS 0x0000000083300000, 0x0000000083300000| Untracked 
|  24|0x0000000083400000, 0x0000000083400000, 0x0000000083500000|  0%| F|  |TAMS 0x0000000083400000, 0x0000000083400000| Untracked 
|  25|0x0000000083500000, 0x0000000083500000, 0x0000000083600000|  0%| F|  |TAMS 0x0000000083500000, 0x0000000083500000| Untracked 
|  26|0x0000000083600000, 0x0000000083600000, 0x0000000083700000|  0%| F|  |TAMS 0x0000000083600000, 0x0000000083600000| Untracked 
|  27|0x0000000083700000, 0x0000000083700000, 0x0000000083800000|  0%| F|  |TAMS 0x0000000083700000, 0x0000000083700000| Untracked 
|  28|0x0000000083800000, 0x0000000083800000, 0x0000000083900000|  0%| F|  |TAMS 0x0000000083800000, 0x0000000083800000| Untracked 
|  29|0x0000000083900000, 0x0000000083900000, 0x0000000083a00000|  0%| F|  |TAMS 0x0000000083900000, 0x0000000083900000| Untracked 
|  30|0x0000000083a00000, 0x0000000083a00000, 0x0000000083b00000|  0%| F|  |TAMS 0x0000000083a00000, 0x0000000083a00000| Untracked 
|  31|0x0000000083b00000, 0x0000000083b00000, 0x0000000083c00000|  0%| F|  |TAMS 0x0000000083b00000, 0x0000000083b00000| Untracked 
|  32|0x0000000083c00000, 0x0000000083c00000, 0x0000000083d00000|  0%| F|  |TAMS 0x0000000083c00000, 0x0000000083c00000| Untracked 
|  33|0x0000000083d00000, 0x0000000083d00000, 0x0000000083e00000|  0%| F|  |TAMS 0x0000000083d00000, 0x0000000083d00000| Untracked 
|  34|0x0000000083e00000, 0x0000000083e00000, 0x0000000083f00000|  0%| F|  |TAMS 0x0000000083e00000, 0x0000000083e00000| Untracked 
|  35|0x0000000083f00000, 0x0000000083f00000, 0x0000000084000000|  0%| F|  |TAMS 0x0000000083f00000, 0x0000000083f00000| Untracked 
|  36|0x0000000084000000, 0x0000000084000000, 0x0000000084100000|  0%| F|  |TAMS 0x0000000084000000, 0x0000000084000000| Untracked 
|  37|0x0000000084100000, 0x0000000084100000, 0x0000000084200000|  0%| F|  |TAMS 0x0000000084100000, 0x0000000084100000| Untracked 
|  38|0x0000000084200000, 0x0000000084200000, 0x0000000084300000|  0%| F|  |TAMS 0x0000000084200000, 0x0000000084200000| Untracked 
|  39|0x0000000084300000, 0x0000000084300000, 0x0000000084400000|  0%| F|  |TAMS 0x0000000084300000, 0x0000000084300000| Untracked 
|  40|0x0000000084400000, 0x0000000084400000, 0x0000000084500000|  0%| F|  |TAMS 0x0000000084400000, 0x0000000084400000| Untracked 
|  41|0x0000000084500000, 0x0000000084500000, 0x0000000084600000|  0%| F|  |TAMS 0x0000000084500000, 0x0000000084500000| Untracked 
|  42|0x0000000084600000, 0x0000000084600000, 0x0000000084700000|  0%| F|  |TAMS 0x0000000084600000, 0x0000000084600000| Untracked 
|  43|0x0000000084700000, 0x0000000084700000, 0x0000000084800000|  0%| F|  |TAMS 0x0000000084700000, 0x0000000084700000| Untracked 
|  44|0x0000000084800000, 0x0000000084800000, 0x0000000084900000|  0%| F|  |TAMS 0x0000000084800000, 0x0000000084800000| Untracked 
|  45|0x0000000084900000, 0x0000000084900000, 0x0000000084a00000|  0%| F|  |TAMS 0x0000000084900000, 0x0000000084900000| Untracked 
|  46|0x0000000084a00000, 0x0000000084a00000, 0x0000000084b00000|  0%| F|  |TAMS 0x0000000084a00000, 0x0000000084a00000| Untracked 
|  47|0x0000000084b00000, 0x0000000084b00000, 0x0000000084c00000|  0%| F|  |TAMS 0x0000000084b00000, 0x0000000084b00000| Untracked 
|  48|0x0000000084c00000, 0x0000000084c00000, 0x0000000084d00000|  0%| F|  |TAMS 0x0000000084c00000, 0x0000000084c00000| Untracked 
|  49|0x0000000084d00000, 0x0000000084d00000, 0x0000000084e00000|  0%| F|  |TAMS 0x0000000084d00000, 0x0000000084d00000| Untracked 
|  50|0x0000000084e00000, 0x0000000084e00000, 0x0000000084f00000|  0%| F|  |TAMS 0x0000000084e00000, 0x0000000084e00000| Untracked 
|  51|0x0000000084f00000, 0x0000000084f00000, 0x0000000085000000|  0%| F|  |TAMS 0x0000000084f00000, 0x0000000084f00000| Untracked 
|  52|0x0000000085000000, 0x0000000085000000, 0x0000000085100000|  0%| F|  |TAMS 0x0000000085000000, 0x0000000085000000| Untracked 
|  53|0x0000000085100000, 0x0000000085100000, 0x0000000085200000|  0%| F|  |TAMS 0x0000000085100000, 0x0000000085100000| Untracked 
|  54|0x0000000085200000, 0x0000000085200000, 0x0000000085300000|  0%| F|  |TAMS 0x0000000085200000, 0x0000000085200000| Untracked 
|  55|0x0000000085300000, 0x0000000085300000, 0x0000000085400000|  0%| F|  |TAMS 0x0000000085300000, 0x0000000085300000| Untracked 
|  56|0x0000000085400000, 0x0000000085400000, 0x0000000085500000|  0%| F|  |TAMS 0x0000000085400000, 0x0000000085400000| Untracked 
|  57|0x0000000085500000, 0x0000000085500000, 0x0000000085600000|  0%| F|  |TAMS 0x0000000085500000, 0x0000000085500000| Untracked 
|  58|0x0000000085600000, 0x0000000085600000, 0x0000000085700000|  0%| F|  |TAMS 0x0000000085600000, 0x0000000085600000| Untracked 
|  59|0x0000000085700000, 0x0000000085700000, 0x0000000085800000|  0%| F|  |TAMS 0x0000000085700000, 0x0000000085700000| Untracked 
|  60|0x0000000085800000, 0x0000000085800000, 0x0000000085900000|  0%| F|  |TAMS 0x0000000085800000, 0x0000000085800000| Untracked 
|  61|0x0000000085900000, 0x0000000085900000, 0x0000000085a00000|  0%| F|  |TAMS 0x0000000085900000, 0x0000000085900000| Untracked 
|  62|0x0000000085a00000, 0x0000000085a00000, 0x0000000085b00000|  0%| F|  |TAMS 0x0000000085a00000, 0x0000000085a00000| Untracked 
|  63|0x0000000085b00000, 0x0000000085b00000, 0x0000000085c00000|  0%| F|  |TAMS 0x0000000085b00000, 0x0000000085b00000| Untracked 
|  64|0x0000000085c00000, 0x0000000085c00000, 0x0000000085d00000|  0%| F|  |TAMS 0x0000000085c00000, 0x0000000085c00000| Untracked 
|  65|0x0000000085d00000, 0x0000000085d00000, 0x0000000085e00000|  0%| F|  |TAMS 0x0000000085d00000, 0x0000000085d00000| Untracked 
|  66|0x0000000085e00000, 0x0000000085e00000, 0x0000000085f00000|  0%| F|  |TAMS 0x0000000085e00000, 0x0000000085e00000| Untracked 
|  67|0x0000000085f00000, 0x0000000085f00000, 0x0000000086000000|  0%| F|  |TAMS 0x0000000085f00000, 0x0000000085f00000| Untracked 
|  68|0x0000000086000000, 0x0000000086000000, 0x0000000086100000|  0%| F|  |TAMS 0x0000000086000000, 0x0000000086000000| Untracked 
|  69|0x0000000086100000, 0x0000000086100000, 0x0000000086200000|  0%| F|  |TAMS 0x0000000086100000, 0x0000000086100000| Untracked 
|  70|0x0000000086200000, 0x0000000086200000, 0x0000000086300000|  0%| F|  |TAMS 0x0000000086200000, 0x0000000086200000| Untracked 
|  71|0x0000000086300000, 0x0000000086300000, 0x0000000086400000|  0%| F|  |TAMS 0x0000000086300000, 0x0000000086300000| Untracked 
|  72|0x0000000086400000, 0x0000000086400000, 0x0000000086500000|  0%| F|  |TAMS 0x0000000086400000, 0x0000000086400000| Untracked 
|  73|0x0000000086500000, 0x0000000086500000, 0x0000000086600000|  0%| F|  |TAMS 0x0000000086500000, 0x0000000086500000| Untracked 
|  74|0x0000000086600000, 0x0000000086600000, 0x0000000086700000|  0%| F|  |TAMS 0x0000000086600000, 0x0000000086600000| Untracked 
|  75|0x0000000086700000, 0x0000000086700000, 0x0000000086800000|  0%| F|  |TAMS 0x0000000086700000, 0x0000000086700000| Untracked 
|  76|0x0000000086800000, 0x0000000086800000, 0x0000000086900000|  0%| F|  |TAMS 0x0000000086800000, 0x0000000086800000| Untracked 
|  77|0x0000000086900000, 0x0000000086900000, 0x0000000086a00000|  0%| F|  |TAMS 0x0000000086900000, 0x0000000086900000| Untracked 
|  78|0x0000000086a00000, 0x0000000086a00000, 0x0000000086b00000|  0%| F|  |TAMS 0x0000000086a00000, 0x0000000086a00000| Untracked 
|  79|0x0000000086b00000, 0x0000000086b00000, 0x0000000086c00000|  0%| F|  |TAMS 0x0000000086b00000, 0x0000000086b00000| Untracked 
|  80|0x0000000086c00000, 0x0000000086c00000, 0x0000000086d00000|  0%| F|  |TAMS 0x0000000086c00000, 0x0000000086c00000| Untracked 
|  81|0x0000000086d00000, 0x0000000086d00000, 0x0000000086e00000|  0%| F|  |TAMS 0x0000000086d00000, 0x0000000086d00000| Untracked 
|  82|0x0000000086e00000, 0x0000000086e00000, 0x0000000086f00000|  0%| F|  |TAMS 0x0000000086e00000, 0x0000000086e00000| Untracked 
|  83|0x0000000086f00000, 0x0000000086f00000, 0x0000000087000000|  0%| F|  |TAMS 0x0000000086f00000, 0x0000000086f00000| Untracked 
|  84|0x0000000087000000, 0x0000000087000000, 0x0000000087100000|  0%| F|  |TAMS 0x0000000087000000, 0x0000000087000000| Untracked 
|  85|0x0000000087100000, 0x0000000087100000, 0x0000000087200000|  0%| F|  |TAMS 0x0000000087100000, 0x0000000087100000| Untracked 
|  86|0x0000000087200000, 0x0000000087200000, 0x0000000087300000|  0%| F|  |TAMS 0x0000000087200000, 0x0000000087200000| Untracked 
|  87|0x0000000087300000, 0x0000000087300000, 0x0000000087400000|  0%| F|  |TAMS 0x0000000087300000, 0x0000000087300000| Untracked 
|  88|0x0000000087400000, 0x0000000087400000, 0x0000000087500000|  0%| F|  |TAMS 0x0000000087400000, 0x0000000087400000| Untracked 
|  89|0x0000000087500000, 0x0000000087500000, 0x0000000087600000|  0%| F|  |TAMS 0x0000000087500000, 0x0000000087500000| Untracked 
|  90|0x0000000087600000, 0x0000000087600000, 0x0000000087700000|  0%| F|  |TAMS 0x0000000087600000, 0x0000000087600000| Untracked 
|  91|0x0000000087700000, 0x0000000087700000, 0x0000000087800000|  0%| F|  |TAMS 0x0000000087700000, 0x0000000087700000| Untracked 
|  92|0x0000000087800000, 0x0000000087800000, 0x0000000087900000|  0%| F|  |TAMS 0x0000000087800000, 0x0000000087800000| Untracked 
|  93|0x0000000087900000, 0x0000000087900000, 0x0000000087a00000|  0%| F|  |TAMS 0x0000000087900000, 0x0000000087900000| Untracked 
|  94|0x0000000087a00000, 0x0000000087a00000, 0x0000000087b00000|  0%| F|  |TAMS 0x0000000087a00000, 0x0000000087a00000| Untracked 
|  95|0x0000000087b00000, 0x0000000087b00000, 0x0000000087c00000|  0%| F|  |TAMS 0x0000000087b00000, 0x0000000087b00000| Untracked 
|  96|0x0000000087c00000, 0x0000000087c00000, 0x0000000087d00000|  0%| F|  |TAMS 0x0000000087c00000, 0x0000000087c00000| Untracked 
|  97|0x0000000087d00000, 0x0000000087d00000, 0x0000000087e00000|  0%| F|  |TAMS 0x0000000087d00000, 0x0000000087d00000| Untracked 
|  98|0x0000000087e00000, 0x0000000087e00000, 0x0000000087f00000|  0%| F|  |TAMS 0x0000000087e00000, 0x0000000087e00000| Untracked 
|  99|0x0000000087f00000, 0x0000000087f00000, 0x0000000088000000|  0%| F|  |TAMS 0x0000000087f00000, 0x0000000087f00000| Untracked 
| 100|0x0000000088000000, 0x0000000088000000, 0x0000000088100000|  0%| F|  |TAMS 0x0000000088000000, 0x0000000088000000| Untracked 
| 101|0x0000000088100000, 0x0000000088100000, 0x0000000088200000|  0%| F|  |TAMS 0x0000000088100000, 0x0000000088100000| Untracked 
| 102|0x0000000088200000, 0x0000000088200000, 0x0000000088300000|  0%| F|  |TAMS 0x0000000088200000, 0x0000000088200000| Untracked 
| 103|0x0000000088300000, 0x0000000088300000, 0x0000000088400000|  0%| F|  |TAMS 0x0000000088300000, 0x0000000088300000| Untracked 
| 104|0x0000000088400000, 0x0000000088400000, 0x0000000088500000|  0%| F|  |TAMS 0x0000000088400000, 0x0000000088400000| Untracked 
| 105|0x0000000088500000, 0x0000000088500000, 0x0000000088600000|  0%| F|  |TAMS 0x0000000088500000, 0x0000000088500000| Untracked 
| 106|0x0000000088600000, 0x0000000088600000, 0x0000000088700000|  0%| F|  |TAMS 0x0000000088600000, 0x0000000088600000| Untracked 
| 107|0x0000000088700000, 0x0000000088700000, 0x0000000088800000|  0%| F|  |TAMS 0x0000000088700000, 0x0000000088700000| Untracked 
| 108|0x0000000088800000, 0x0000000088800000, 0x0000000088900000|  0%| F|  |TAMS 0x0000000088800000, 0x0000000088800000| Untracked 
| 109|0x0000000088900000, 0x0000000088900000, 0x0000000088a00000|  0%| F|  |TAMS 0x0000000088900000, 0x0000000088900000| Untracked 
| 110|0x0000000088a00000, 0x0000000088a00000, 0x0000000088b00000|  0%| F|  |TAMS 0x0000000088a00000, 0x0000000088a00000| Untracked 
| 111|0x0000000088b00000, 0x0000000088b00000, 0x0000000088c00000|  0%| F|  |TAMS 0x0000000088b00000, 0x0000000088b00000| Untracked 
| 112|0x0000000088c00000, 0x0000000088c00000, 0x0000000088d00000|  0%| F|  |TAMS 0x0000000088c00000, 0x0000000088c00000| Untracked 
| 113|0x0000000088d00000, 0x0000000088d00000, 0x0000000088e00000|  0%| F|  |TAMS 0x0000000088d00000, 0x0000000088d00000| Untracked 
| 114|0x0000000088e00000, 0x0000000088e00000, 0x0000000088f00000|  0%| F|  |TAMS 0x0000000088e00000, 0x0000000088e00000| Untracked 
| 115|0x0000000088f00000, 0x0000000088f00000, 0x0000000089000000|  0%| F|  |TAMS 0x0000000088f00000, 0x0000000088f00000| Untracked 
| 116|0x0000000089000000, 0x0000000089000000, 0x0000000089100000|  0%| F|  |TAMS 0x0000000089000000, 0x0000000089000000| Untracked 
| 117|0x0000000089100000, 0x0000000089100000, 0x0000000089200000|  0%| F|  |TAMS 0x0000000089100000, 0x0000000089100000| Untracked 
| 118|0x0000000089200000, 0x0000000089200000, 0x0000000089300000|  0%| F|  |TAMS 0x0000000089200000, 0x0000000089200000| Untracked 
| 119|0x0000000089300000, 0x0000000089376450, 0x0000000089400000| 46%| E|  |TAMS 0x0000000089300000, 0x0000000089300000| Complete 
| 120|0x0000000089400000, 0x0000000089500000, 0x0000000089500000|100%| E|CS|TAMS 0x0000000089400000, 0x0000000089400000| Complete 
| 121|0x0000000089500000, 0x0000000089600000, 0x0000000089600000|100%| E|  |TAMS 0x0000000089500000, 0x0000000089500000| Complete 
| 122|0x0000000089600000, 0x0000000089700000, 0x0000000089700000|100%| E|CS|TAMS 0x0000000089600000, 0x0000000089600000| Complete 
| 123|0x0000000089700000, 0x0000000089800000, 0x0000000089800000|100%| E|CS|TAMS 0x0000000089700000, 0x0000000089700000| Complete 
| 124|0x0000000089800000, 0x0000000089900000, 0x0000000089900000|100%| E|CS|TAMS 0x0000000089800000, 0x0000000089800000| Complete 
| 125|0x0000000089900000, 0x0000000089a00000, 0x0000000089a00000|100%| E|CS|TAMS 0x0000000089900000, 0x0000000089900000| Complete 
| 126|0x0000000089a00000, 0x0000000089b00000, 0x0000000089b00000|100%| E|CS|TAMS 0x0000000089a00000, 0x0000000089a00000| Complete 
| 127|0x0000000089b00000, 0x0000000089c00000, 0x0000000089c00000|100%| E|CS|TAMS 0x0000000089b00000, 0x0000000089b00000| Complete 

Card table byte_map: [0x00000168f3040000,0x00000168f3440000] _byte_map_base: 0x00000168f2c32000

Marking Bits (Prev, Next): (CMBitMap*) 0x00000168eae71da0, (CMBitMap*) 0x00000168eae71de0
 Prev Bits: [0x00000168f3840000, 0x00000168f57d0000)
 Next Bits: [0x00000168f57d0000, 0x00000168f7760000)

Polling page: 0x00000168e8e20000

Metaspace:

Usage:
  Non-class:      3.54 MB used.
      Class:    251.23 KB used.
       Both:      3.79 MB used.

Virtual space:
  Non-class space:        8.00 MB reserved,       3.63 MB ( 45%) committed,  1 nodes.
      Class space:        1.00 GB reserved,     384.00 KB ( <1%) committed,  1 nodes.
             Both:        1.01 GB reserved,       4.00 MB ( <1%) committed. 

Chunk freelists:
   Non-Class:  2.14 MB
       Class:  3.61 MB
        Both:  5.75 MB

MaxMetaspaceSize: unlimited
CompressedClassSpaceSize: 1.00 GB
Initial GC threshold: 21.00 MB
Current GC threshold: 21.00 MB
CDS: on
MetaspaceReclaimPolicy: balanced
 - commit_granule_bytes: 65536.
 - commit_granule_words: 8192.
 - virtual_space_node_default_size: 1048576.
 - enlarge_chunks_in_place: 1.
 - new_chunks_are_fully_committed: 0.
 - uncommit_free_chunks: 1.
 - use_allocation_guard: 0.
 - handle_deallocations: 1.


Internal statistics:

num_allocs_failed_limit: 0.
num_arena_births: 108.
num_arena_deaths: 0.
num_vsnodes_births: 2.
num_vsnodes_deaths: 0.
num_space_committed: 62.
num_space_uncommitted: 0.
num_chunks_returned_to_freelist: 0.
num_chunks_taken_from_freelist: 198.
num_chunk_merges: 0.
num_chunk_splits: 132.
num_chunks_enlarged: 84.
num_purges: 0.
num_inconsistent_stats: 0.

CodeHeap 'non-profiled nmethods': size=120000Kb used=232Kb max_used=232Kb free=119767Kb
 bounds [0x0000016887ad0000, 0x0000016887d40000, 0x000001688f000000]
CodeHeap 'profiled nmethods': size=120000Kb used=1274Kb max_used=1274Kb free=118725Kb
 bounds [0x0000016880000000, 0x0000016880270000, 0x0000016887530000]
CodeHeap 'non-nmethods': size=5760Kb used=1630Kb max_used=1646Kb free=4129Kb
 bounds [0x0000016887530000, 0x00000168877a0000, 0x0000016887ad0000]
 total_blobs=1834 nmethods=762 adapters=985
 compilation: enabled
              stopped_count=0, restarted_count=0
 full_count=0

Compilation events (20 events):
Event: 0.763 Thread 0x00000168fa198e20  752       3       java.nio.Buffer::flip (20 bytes)
Event: 0.763 Thread 0x00000168fa198e20 nmethod 752 0x000001688013b590 code [0x000001688013b720, 0x000001688013b838]
Event: 0.763 Thread 0x00000168fa198e20  753   !   3       sun.nio.ch.NativeThreadSet::add (155 bytes)
Event: 0.763 Thread 0x00000168fa198e20 nmethod 753 0x000001688013b910 code [0x000001688013bae0, 0x000001688013c0e8]
Event: 0.763 Thread 0x00000168fa198e20  754   !   3       sun.nio.ch.NativeThreadSet::remove (50 bytes)
Event: 0.763 Thread 0x00000168fa198e20 nmethod 754 0x000001688013c390 code [0x000001688013c540, 0x000001688013c828]
Event: 0.764 Thread 0x00000168fa198e20  755       3       java.nio.MappedByteBuffer::limit (6 bytes)
Event: 0.764 Thread 0x00000168fa198e20 nmethod 755 0x000001688013c990 code [0x000001688013cb40, 0x000001688013cd48]
Event: 0.764 Thread 0x00000168fa198e20  756       3       java.io.InputStream::read (9 bytes)
Event: 0.764 Thread 0x00000168fa198e20 nmethod 756 0x000001688013ce90 code [0x000001688013d040, 0x000001688013d228]
Event: 0.764 Thread 0x00000168fa198e20  757  s    3       sun.nio.ch.ChannelInputStream::read (77 bytes)
Event: 0.764 Thread 0x00000168fa198e20 nmethod 757 0x000001688013d310 code [0x000001688013d540, 0x000001688013de28]
Event: 0.764 Thread 0x00000168fa198e20  758       3       sun.nio.ch.ChannelInputStream::read (10 bytes)
Event: 0.764 Thread 0x00000168fa198e20 nmethod 758 0x000001688013e110 code [0x000001688013e2a0, 0x000001688013e3e8]
Event: 0.766 Thread 0x00000168fa190370  759   !   4       jdk.internal.misc.ScopedMemoryAccess::getByte (20 bytes)
Event: 0.766 Thread 0x00000168fa198e20  761       3       java.io.RandomAccessFile::seek (22 bytes)
Event: 0.766 Thread 0x00000168fa190370 nmethod 759 0x0000016887b09c90 code [0x0000016887b09e00, 0x0000016887b09eb8]
Event: 0.766 Thread 0x00000168fa190370  760       4       java.io.WinNTFileSystem::isSlash (18 bytes)
Event: 0.766 Thread 0x00000168fa198e20 nmethod 761 0x000001688013e490 code [0x000001688013e640, 0x000001688013e878]
Event: 0.766 Thread 0x00000168fa190370 nmethod 760 0x0000016887b09f90 code [0x0000016887b0a100, 0x0000016887b0a198]

GC Heap History (0 events):
No events

Dll operation events (10 events):
Event: 0.008 Loaded shared library C:\Program Files\Amazon Corretto\jdk17.0.6_10\bin\java.dll
Event: 0.016 Loaded shared library C:\Program Files\Amazon Corretto\jdk17.0.6_10\bin\jsvml.dll
Event: 0.068 Loaded shared library C:\Program Files\Amazon Corretto\jdk17.0.6_10\bin\net.dll
Event: 0.070 Loaded shared library C:\Program Files\Amazon Corretto\jdk17.0.6_10\bin\nio.dll
Event: 0.075 Loaded shared library C:\Program Files\Amazon Corretto\jdk17.0.6_10\bin\zip.dll
Event: 0.097 Loaded shared library C:\Program Files\Amazon Corretto\jdk17.0.6_10\bin\jimage.dll
Event: 0.101 Loaded shared library C:\Program Files\Amazon Corretto\jdk17.0.6_10\bin\awt.dll
Event: 0.211 Loaded shared library C:\Users\Aanil\AppData\Local\Temp\lwjgl_Aanil\3.3.3+5\x64\lwjgl.dll
Event: 0.651 Loaded shared library C:\Users\Aanil\AppData\Local\Temp\lwjgl_Aanil\3.3.3+5\x64\lwjgl_opengl.dll
Event: 0.765 Loaded shared library C:\Users\Aanil\AppData\Local\Temp\lwjgl_Aanil\3.3.3+5\x64\lwjgl_nanovg.dll

Deoptimization events (20 events):
Event: 0.338 Thread 0x00000168eae18850 DEOPT PACKING pc=0x00000168800bfa4a sp=0x000000058adfdf80
Event: 0.338 Thread 0x00000168eae18850 DEOPT UNPACKING pc=0x0000016887587143 sp=0x000000058adfd3f8 mode 0
Event: 0.338 Thread 0x00000168eae18850 DEOPT PACKING pc=0x00000168800bfa4a sp=0x000000058adfdf80
Event: 0.338 Thread 0x00000168eae18850 DEOPT UNPACKING pc=0x0000016887587143 sp=0x000000058adfd3f8 mode 0
Event: 0.339 Thread 0x00000168eae18850 DEOPT PACKING pc=0x00000168800bfa4a sp=0x000000058adfdf80
Event: 0.339 Thread 0x00000168eae18850 DEOPT UNPACKING pc=0x0000016887587143 sp=0x000000058adfd3f8 mode 0
Event: 0.339 Thread 0x00000168eae18850 DEOPT PACKING pc=0x00000168800bfa4a sp=0x000000058adfdf80
Event: 0.339 Thread 0x00000168eae18850 DEOPT UNPACKING pc=0x0000016887587143 sp=0x000000058adfd3f8 mode 0
Event: 0.339 Thread 0x00000168eae18850 DEOPT PACKING pc=0x00000168800bfa4a sp=0x000000058adfdf80
Event: 0.339 Thread 0x00000168eae18850 DEOPT UNPACKING pc=0x0000016887587143 sp=0x000000058adfd3f8 mode 0
Event: 0.339 Thread 0x00000168eae18850 DEOPT PACKING pc=0x00000168800bfa4a sp=0x000000058adfdf80
Event: 0.339 Thread 0x00000168eae18850 DEOPT UNPACKING pc=0x0000016887587143 sp=0x000000058adfd3f8 mode 0
Event: 0.340 Thread 0x00000168eae18850 DEOPT PACKING pc=0x00000168800bfb59 sp=0x000000058adfdf80
Event: 0.340 Thread 0x00000168eae18850 DEOPT UNPACKING pc=0x0000016887587143 sp=0x000000058adfd3f8 mode 0
Event: 0.340 Thread 0x00000168eae18850 DEOPT PACKING pc=0x00000168800bfa4a sp=0x000000058adfdf80
Event: 0.340 Thread 0x00000168eae18850 DEOPT UNPACKING pc=0x0000016887587143 sp=0x000000058adfd3f8 mode 0
Event: 0.666 Thread 0x00000168eae18850 Uncommon trap: trap_request=0xffffff54 fr.pc=0x0000016887b06060 relative=0x0000000000000060
Event: 0.666 Thread 0x00000168eae18850 Uncommon trap: reason=speculate_null_assert action=make_not_entrant pc=0x0000016887b06060 method=sun.misc.Unsafe.putLong(Ljava/lang/Object;JJ)V @ 7 c2
Event: 0.666 Thread 0x00000168eae18850 DEOPT PACKING pc=0x0000016887b06060 sp=0x000000058adfee40
Event: 0.666 Thread 0x00000168eae18850 DEOPT UNPACKING pc=0x00000168875869a3 sp=0x000000058adfedb8 mode 2

Classes unloaded (0 events):
No events

Classes redefined (0 events):
No events

Internal exceptions (20 events):
Event: 0.164 Thread 0x00000168eae18850 Exception <a 'java/lang/NoSuchMethodError'{0x00000000898902d0}: 'void java.lang.invoke.DirectMethodHandle$Holder.invokeSpecial(java.lang.Object, java.lang.Object, java.lang.Object)'> (0x00000000898902d0) 
thrown [s\src\hotspot\share\interpreter\linkResolver.cpp, line 759]
Event: 0.166 Thread 0x00000168eae18850 Exception <a 'java/lang/NoSuchMethodError'{0x00000000898a1d80}: 'java.lang.Object java.lang.invoke.DirectMethodHandle$Holder.invokeStatic(java.lang.Object, java.lang.Object, int)'> (0x00000000898a1d80) 
thrown [s\src\hotspot\share\interpreter\linkResolver.cpp, line 759]
Event: 0.168 Thread 0x00000168eae18850 Exception <a 'java/lang/NoSuchMethodError'{0x00000000898ada70}: 'void java.lang.invoke.DelegatingMethodHandle$Holder.delegate(java.lang.Object, java.lang.Object, int, java.lang.Object)'> (0x00000000898ada70) 
thrown [s\src\hotspot\share\interpreter\linkResolver.cpp, line 759]
Event: 0.169 Thread 0x00000168eae18850 Exception <a 'java/lang/NoSuchMethodError'{0x00000000898b1cb0}: 'int java.lang.invoke.DirectMethodHandle$Holder.invokeSpecial(java.lang.Object, java.lang.Object, java.lang.Object)'> (0x00000000898b1cb0) 
thrown [s\src\hotspot\share\interpreter\linkResolver.cpp, line 759]
Event: 0.209 Thread 0x00000168eae18850 Exception <a 'sun/nio/fs/WindowsException'{0x000000008971fe10}> (0x000000008971fe10) 
thrown [s\src\hotspot\share\prims\jni.cpp, line 516]
Event: 0.209 Thread 0x00000168eae18850 Exception <a 'sun/nio/fs/WindowsException'{0x0000000089720360}> (0x0000000089720360) 
thrown [s\src\hotspot\share\prims\jni.cpp, line 516]
Event: 0.278 Thread 0x00000168eae18850 Exception <a 'java/lang/NoSuchMethodError'{0x00000000897c7288}: 'int java.lang.invoke.DirectMethodHandle$Holder.invokeStaticInit(java.lang.Object, java.lang.Object, int, long)'> (0x00000000897c7288) 
thrown [s\src\hotspot\share\interpreter\linkResolver.cpp, line 759]
Event: 0.278 Thread 0x00000168eae18850 Exception <a 'java/lang/NoSuchMethodError'{0x00000000897ccb50}: 'java.lang.Object java.lang.invoke.DirectMethodHandle$Holder.newInvokeSpecial(java.lang.Object, java.lang.Object, int)'> (0x00000000897ccb50) 
thrown [s\src\hotspot\share\interpreter\linkResolver.cpp, line 759]
Event: 0.282 Thread 0x00000168eae18850 Exception <a 'java/lang/NoSuchMethodError'{0x00000000897dcdf8}: 'int java.lang.invoke.DirectMethodHandle$Holder.invokeStaticInit(java.lang.Object, java.lang.Object, long, long)'> (0x00000000897dcdf8) 
thrown [s\src\hotspot\share\interpreter\linkResolver.cpp, line 759]
Event: 0.283 Thread 0x00000168eae18850 Exception <a 'java/lang/NoSuchMethodError'{0x00000000897e2b80}: 'java.lang.Object java.lang.invoke.DirectMethodHandle$Holder.newInvokeSpecial(java.lang.Object, java.lang.Object, long)'> (0x00000000897e2b80) 
thrown [s\src\hotspot\share\interpreter\linkResolver.cpp, line 759]
Event: 0.283 Thread 0x00000168eae18850 Exception <a 'java/lang/NoSuchMethodError'{0x00000000897e6448}: 'java.lang.Object java.lang.invoke.Invokers$Holder.linkToTargetMethod(java.lang.Object, long, java.lang.Object)'> (0x00000000897e6448) 
thrown [s\src\hotspot\share\interpreter\linkResolver.cpp, line 759]
Event: 0.285 Thread 0x00000168eae18850 Exception <a 'java/lang/NoSuchMethodError'{0x00000000897edd10}: 'int java.lang.invoke.DirectMethodHandle$Holder.invokeStaticInit(java.lang.Object, java.lang.Object, java.lang.Object, long)'> (0x00000000897edd10) 
thrown [s\src\hotspot\share\interpreter\linkResolver.cpp, line 759]
Event: 0.321 Thread 0x00000168eae18850 Exception <a 'sun/nio/fs/WindowsException'{0x00000000896aea48}> (0x00000000896aea48) 
thrown [s\src\hotspot\share\prims\jni.cpp, line 516]
Event: 0.321 Thread 0x00000168eae18850 Exception <a 'sun/nio/fs/WindowsException'{0x00000000896aeda8}> (0x00000000896aeda8) 
thrown [s\src\hotspot\share\prims\jni.cpp, line 516]
Event: 0.649 Thread 0x00000168eae18850 Exception <a 'sun/nio/fs/WindowsException'{0x000000008955c530}> (0x000000008955c530) 
thrown [s\src\hotspot\share\prims\jni.cpp, line 516]
Event: 0.649 Thread 0x00000168eae18850 Exception <a 'sun/nio/fs/WindowsException'{0x000000008955c8d0}> (0x000000008955c8d0) 
thrown [s\src\hotspot\share\prims\jni.cpp, line 516]
Event: 0.657 Thread 0x00000168eae18850 Exception <a 'sun/nio/fs/WindowsException'{0x00000000895683b0}> (0x00000000895683b0) 
thrown [s\src\hotspot\share\prims\jni.cpp, line 516]
Event: 0.657 Thread 0x00000168eae18850 Exception <a 'sun/nio/fs/WindowsException'{0x0000000089568680}> (0x0000000089568680) 
thrown [s\src\hotspot\share\prims\jni.cpp, line 516]
Event: 0.764 Thread 0x00000168eae18850 Exception <a 'sun/nio/fs/WindowsException'{0x00000000893109c0}> (0x00000000893109c0) 
thrown [s\src\hotspot\share\prims\jni.cpp, line 516]
Event: 0.764 Thread 0x00000168eae18850 Exception <a 'sun/nio/fs/WindowsException'{0x0000000089310d60}> (0x0000000089310d60) 
thrown [s\src\hotspot\share\prims\jni.cpp, line 516]

VM Operations (6 events):
Event: 0.076 Executing VM operation: HandshakeAllThreads
Event: 0.076 Executing VM operation: HandshakeAllThreads done
Event: 0.202 Executing VM operation: HandshakeAllThreads
Event: 0.202 Executing VM operation: HandshakeAllThreads done
Event: 0.222 Executing VM operation: HandshakeAllThreads
Event: 0.222 Executing VM operation: HandshakeAllThreads done

Events (20 events):
Event: 0.268 loading class jdk/internal/reflect/UnsafeQualifiedStaticFieldAccessorImpl
Event: 0.268 loading class jdk/internal/reflect/UnsafeQualifiedStaticFieldAccessorImpl done
Event: 0.268 loading class jdk/internal/reflect/UnsafeQualifiedStaticObjectFieldAccessorImpl done
Event: 0.277 loading class java/util/function/LongPredicate
Event: 0.277 loading class java/util/function/LongPredicate done
Event: 0.279 loading class jdk/internal/access/foreign/MemorySegmentProxy
Event: 0.279 loading class jdk/internal/access/foreign/MemorySegmentProxy done
Event: 0.286 loading class java/nio/InvalidMarkException
Event: 0.286 loading class java/nio/InvalidMarkException done
Event: 0.286 loading class java/nio/BufferUnderflowException
Event: 0.286 loading class java/nio/BufferUnderflowException done
Event: 0.306 loading class java/util/Formatter$FixedString
Event: 0.306 loading class java/util/Formatter$FixedString done
Event: 0.322 loading class java/lang/NoSuchFieldError
Event: 0.322 loading class java/lang/NoSuchFieldError done
Event: 0.340 loading class jdk/internal/reflect/UnsafeQualifiedStaticIntegerFieldAccessorImpl
Event: 0.340 loading class jdk/internal/reflect/UnsafeQualifiedStaticIntegerFieldAccessorImpl done
Event: 0.596 Thread 0x00000168fafe0010 Thread exited: 0x00000168fafe0010
Event: 0.758 loading class jdk/internal/misc/ScopedMemoryAccess$Scope
Event: 0.758 loading class jdk/internal/misc/ScopedMemoryAccess$Scope done


Dynamic libraries:
0x00007ff69b420000 - 0x00007ff69b42d000 	C:\Program Files\Amazon Corretto\jdk17.0.6_10\bin\java.exe
0x00007ff9e2c10000 - 0x00007ff9e2e08000 	C:\Windows\SYSTEM32\ntdll.dll
0x00007ff9c1c30000 - 0x00007ff9c1c49000 	C:\Program Files\AVG\Antivirus\aswhook.dll
0x00007ff9e2980000 - 0x00007ff9e2a3d000 	C:\Windows\System32\KERNEL32.DLL
0x00007ff9e0460000 - 0x00007ff9e0756000 	C:\Windows\System32\KERNELBASE.dll
0x00007ff9e02e0000 - 0x00007ff9e03e0000 	C:\Windows\System32\ucrtbase.dll
0x00007ff9ba030000 - 0x00007ff9ba047000 	C:\Program Files\Amazon Corretto\jdk17.0.6_10\bin\jli.dll
0x00007ff9ba680000 - 0x00007ff9ba695000 	C:\Program Files\Amazon Corretto\jdk17.0.6_10\bin\VCRUNTIME140.dll
0x00007ff9e1130000 - 0x00007ff9e12ce000 	C:\Windows\System32\USER32.dll
0x00007ff9e0760000 - 0x00007ff9e0782000 	C:\Windows\System32\win32u.dll
0x00007ff9e15d0000 - 0x00007ff9e15fc000 	C:\Windows\System32\GDI32.dll
0x00007ff9e0790000 - 0x00007ff9e08aa000 	C:\Windows\System32\gdi32full.dll
0x00007ff9c2f80000 - 0x00007ff9c321a000 	C:\Windows\WinSxS\amd64_microsoft.windows.common-controls_6595b64144ccf1df_6.0.19041.3636_none_60b6a03d71f818d5\COMCTL32.dll
0x00007ff9e08b0000 - 0x00007ff9e094d000 	C:\Windows\System32\msvcp_win.dll
0x00007ff9e1510000 - 0x00007ff9e15ae000 	C:\Windows\System32\msvcrt.dll
0x00007ff9e1b60000 - 0x00007ff9e1b90000 	C:\Windows\System32\IMM32.DLL
0x00007ff9a1160000 - 0x00007ff9a11fb000 	C:\Program Files\Amazon Corretto\jdk17.0.6_10\bin\msvcp140.dll
0x00007ff97f400000 - 0x00007ff980018000 	C:\Program Files\Amazon Corretto\jdk17.0.6_10\bin\server\jvm.dll
0x00007ff9e2a40000 - 0x00007ff9e2af3000 	C:\Windows\System32\ADVAPI32.dll
0x00007ff9e1910000 - 0x00007ff9e19af000 	C:\Windows\System32\sechost.dll
0x00007ff9e27d0000 - 0x00007ff9e28f6000 	C:\Windows\System32\RPCRT4.dll
0x00007ff9e0430000 - 0x00007ff9e0457000 	C:\Windows\System32\bcrypt.dll
0x00007ff9cb1b0000 - 0x00007ff9cb1d7000 	C:\Windows\SYSTEM32\WINMM.dll
0x00007ff9d6e70000 - 0x00007ff9d6e7a000 	C:\Windows\SYSTEM32\VERSION.dll
0x00007ff9bfc30000 - 0x00007ff9bfc39000 	C:\Windows\SYSTEM32\WSOCK32.dll
0x00007ff9e1b90000 - 0x00007ff9e1bfb000 	C:\Windows\System32\WS2_32.dll
0x00007ff9deae0000 - 0x00007ff9deaf2000 	C:\Windows\SYSTEM32\kernel.appcore.dll
0x00007ff9ba500000 - 0x00007ff9ba50a000 	C:\Program Files\Amazon Corretto\jdk17.0.6_10\bin\jimage.dll
0x00007ff9de050000 - 0x00007ff9de234000 	C:\Windows\SYSTEM32\DBGHELP.DLL
0x00007ff9d5c20000 - 0x00007ff9d5c54000 	C:\Windows\SYSTEM32\dbgcore.DLL
0x00007ff9e0b20000 - 0x00007ff9e0ba2000 	C:\Windows\System32\bcryptPrimitives.dll
0x00007ff9b9c00000 - 0x00007ff9b9c25000 	C:\Program Files\Amazon Corretto\jdk17.0.6_10\bin\java.dll
0x00007ff998ab0000 - 0x00007ff998b86000 	C:\Program Files\Amazon Corretto\jdk17.0.6_10\bin\jsvml.dll
0x00007ff9e1cc0000 - 0x00007ff9e2405000 	C:\Windows\System32\SHELL32.dll
0x00007ff9de330000 - 0x00007ff9deacb000 	C:\Windows\SYSTEM32\windows.storage.dll
0x00007ff9e2410000 - 0x00007ff9e2764000 	C:\Windows\System32\combase.dll
0x00007ff9dfd10000 - 0x00007ff9dfd3d000 	C:\Windows\SYSTEM32\Wldp.dll
0x00007ff9e1c00000 - 0x00007ff9e1cad000 	C:\Windows\System32\SHCORE.dll
0x00007ff9e13d0000 - 0x00007ff9e1425000 	C:\Windows\System32\shlwapi.dll
0x00007ff9e0210000 - 0x00007ff9e0235000 	C:\Windows\SYSTEM32\profapi.dll
0x00007ff9b9fb0000 - 0x00007ff9b9fc9000 	C:\Program Files\Amazon Corretto\jdk17.0.6_10\bin\net.dll
0x00007ff9d8980000 - 0x00007ff9d8a8a000 	C:\Windows\SYSTEM32\WINHTTP.dll
0x00007ff9dfa50000 - 0x00007ff9dfaba000 	C:\Windows\system32\mswsock.dll
0x00007ff9b99e0000 - 0x00007ff9b99f5000 	C:\Program Files\Amazon Corretto\jdk17.0.6_10\bin\nio.dll
0x00007ff9b96f0000 - 0x00007ff9b9708000 	C:\Program Files\Amazon Corretto\jdk17.0.6_10\bin\zip.dll
0x00007ff97d7e0000 - 0x00007ff97d988000 	C:\Program Files\Amazon Corretto\jdk17.0.6_10\bin\awt.dll
0x00007ff9e2b00000 - 0x00007ff9e2bcd000 	C:\Windows\System32\OLEAUT32.dll
0x00007ff9dd5e0000 - 0x00007ff9dd670000 	C:\Windows\SYSTEM32\apphelp.dll
0x00007ff9aae70000 - 0x00007ff9aaeeb000 	C:\Users\Aanil\AppData\Local\Temp\lwjgl_Aanil\3.3.3+5\x64\lwjgl.dll
0x00007ff97e9c0000 - 0x00007ff97ea42000 	C:\Users\Aanil\AppData\Local\Temp\lwjgl_Aanil\3.3.3+5\x64\glfw.dll
0x00007ff9b8850000 - 0x00007ff9b8895000 	C:\Windows\SYSTEM32\dinput8.dll
0x00007ff95d510000 - 0x00007ff95d521000 	C:\Windows\SYSTEM32\xinput1_4.dll
0x00007ff9e03e0000 - 0x00007ff9e042e000 	C:\Windows\System32\cfgmgr32.dll
0x00007ff9e0070000 - 0x00007ff9e00a3000 	C:\Windows\SYSTEM32\DEVOBJ.dll
0x00007ff9ddac0000 - 0x00007ff9ddaef000 	C:\Windows\SYSTEM32\dwmapi.dll
0x00007ff9d4ef0000 - 0x00007ff9d5042000 	C:\Windows\SYSTEM32\inputhost.dll
0x00007ff9dd240000 - 0x00007ff9dd332000 	C:\Windows\SYSTEM32\CoreMessaging.dll
0x00007ff9dd480000 - 0x00007ff9dd576000 	C:\Windows\SYSTEM32\PROPSYS.dll
0x00007ff9dbb80000 - 0x00007ff9dbcd5000 	C:\Windows\SYSTEM32\wintypes.dll
0x00007ff9dcb60000 - 0x00007ff9dcebb000 	C:\Windows\SYSTEM32\CoreUIComponents.dll
0x00007ff9df410000 - 0x00007ff9df443000 	C:\Windows\SYSTEM32\ntmarta.dll
0x00007ff9dd8e0000 - 0x00007ff9dd97e000 	C:\Windows\system32\uxtheme.dll
0x00007ff9e1600000 - 0x00007ff9e1714000 	C:\Windows\System32\MSCTF.dll
0x00007ff997270000 - 0x00007ff997395000 	C:\Windows\SYSTEM32\opengl32.dll
0x00007ff9a3400000 - 0x00007ff9a342c000 	C:\Windows\SYSTEM32\GLU32.dll
0x00007ff9e1860000 - 0x00007ff9e1909000 	C:\Windows\System32\clbcatq.dll
0x00007ff922920000 - 0x00007ff926bac000 	C:\Windows\System32\DriverStore\FileRepository\nvlti.inf_amd64_13e554e5b0753033\nvoglv64.dll
0x00007ff9e0c60000 - 0x00007ff9e10ce000 	C:\Windows\System32\SETUPAPI.dll
0x00007ff9e1720000 - 0x00007ff9e184b000 	C:\Windows\System32\ole32.dll
0x00007ff9d9a30000 - 0x00007ff9d9a44000 	C:\Windows\SYSTEM32\WTSAPI32.dll
0x00007ff9dfea0000 - 0x00007ff9dfeb2000 	C:\Windows\SYSTEM32\msasn1.dll
0x00007ff9d6dc0000 - 0x00007ff9d6df1000 	C:\Windows\SYSTEM32\cryptnet.dll
0x00007ff9e0950000 - 0x00007ff9e0aad000 	C:\Windows\System32\CRYPT32.dll
0x00007ff9d6c10000 - 0x00007ff9d6d58000 	C:\Windows\SYSTEM32\drvstore.dll
0x00007ff9dfc60000 - 0x00007ff9dfc6c000 	C:\Windows\SYSTEM32\cryptbase.dll
0x00007ff9e0ab0000 - 0x00007ff9e0b17000 	C:\Windows\System32\WINTRUST.dll
0x00007ff9d13d0000 - 0x00007ff9d140b000 	C:\Windows\SYSTEM32\dxcore.dll
0x00007ff981c50000 - 0x00007ff981f21000 	C:\Windows\system32\nvspcap64.dll
0x00007ff9df800000 - 0x00007ff9df84b000 	C:\Windows\SYSTEM32\powrprof.dll
0x00007ff9df6c0000 - 0x00007ff9df6d2000 	C:\Windows\SYSTEM32\UMPDC.dll
0x00007ff9def80000 - 0x00007ff9defdb000 	C:\Windows\SYSTEM32\WINSTA.dll
0x00007ff9d5050000 - 0x00007ff9d5149000 	C:\Windows\SYSTEM32\textinputframework.dll
0x00007ff992c80000 - 0x00007ff992cde000 	C:\Users\Aanil\AppData\Local\Temp\lwjgl_Aanil\3.3.3+5\x64\lwjgl_opengl.dll
0x00007ff97dae0000 - 0x00007ff97db73000 	C:\Users\Aanil\AppData\Local\Temp\lwjgl_Aanil\3.3.3+5\x64\lwjgl_nanovg.dll

dbghelp: loaded successfully - version: 4.0.5 - missing functions: none
symbol engine: initialized successfully - sym options: 0x614 - pdb path: .;C:\Program Files\Amazon Corretto\jdk17.0.6_10\bin;C:\Windows\SYSTEM32;C:\Program Files\AVG\Antivirus;C:\Windows\WinSxS\amd64_microsoft.windows.common-controls_6595b64144ccf1df_6.0.19041.3636_none_60b6a03d71f818d5;C:\Program Files\Amazon Corretto\jdk17.0.6_10\bin\server;C:\Users\Aanil\AppData\Local\Temp\lwjgl_Aanil\3.3.3+5\x64;C:\Windows\System32\DriverStore\FileRepository\nvlti.inf_amd64_13e554e5b0753033

VM Arguments:
jvm_args: -Dfile.encoding=windows-1252 -Duser.country=GB -Duser.language=en -Duser.variant 
java_command: Shapes
java_class_path (initial): E:\Java\Brick\build\classes\java\test;E:\Java\Brick\build\resources\test;E:\Java\Brick\build\classes\java\main;E:\Java\Brick\build\resources\main;C:\Users\Aanil\.gradle\caches\modules-2\files-2.1\org.projectlombok\lombok\1.18.28\a2ff5da8bcd8b1b26f36b806ced63213362c6dcc\lombok-1.18.28.jar;C:\Users\Aanil\.gradle\caches\modules-2\files-2.1\com.github.Wolfsurge\NVGU\1.2\77e8e63fe45399b15961c33e0972fa75fd15578d\NVGU-1.2.jar;C:\Users\Aanil\.gradle\caches\modules-2\files-2.1\org.jetbrains\annotations\24.0.0\69b8b443c437fdeefa8d20c18d257b94836a92b9\annotations-24.0.0.jar;C:\Users\Aanil\.gradle\caches\modules-2\files-2.1\org.lwjgl\lwjgl-glfw\3.3.3\efa1eb78c5ccd840e9f329717109b5e892d72f8e\lwjgl-glfw-3.3.3.jar;C:\Users\Aanil\.gradle\caches\modules-2\files-2.1\org.lwjgl\lwjgl-glfw\3.3.3\e449e28b4891fc423c54c85fbc5bb0b9efece67a\lwjgl-glfw-3.3.3-natives-windows.jar;C:\Users\Aanil\.gradle\caches\modules-2\files-2.1\org.lwjgl\lwjgl-nanovg\3.3.3\37f0b9fc142948c3b2c6cd563db7233b14b9640c\lwjgl-nanovg-3.3.3.jar;C:\Users\Aanil\.gradle\caches\modules-2\files-2.1\org.lwjgl\lwjgl-nanovg\3.3.3\ccfbc346c4ce0737b7fe758d6337a3741af2f256\lwjgl-nanovg-3.3.3-natives-windows.jar;C:\Users\Aanil\.gradle\caches\modules-2\files-2.1\org.lwjgl\lwjgl-opengl\3.3.3\2f6b0147078396a58979125a4c947664e98293a\lwjgl-opengl-3.3.3.jar;C:\Users\Aanil\.gradle\caches\modules-2\files-2.1\org.lwjgl\lwjgl-opengl\3.3.3\e6c1eec8be8a71951b830a4d69efc01c6531900c\lwjgl-opengl-3.3.3-natives-windows.jar;C:\Users\Aanil\.gradle\caches\modules-2\files-2.1\org.lwjgl\lwjgl\3.3.3\29589b5f87ed335a6c7e7ee6a5775f81f97ecb84\lwjgl-3.3.3.jar;C:\Users\Aanil\.gradle\caches\modules-2\files-2.1\org.lwjgl\lwjgl\3.3.3\a5ed18a2b82fc91b81f40d717cb1f64c9dcb0540\lwjgl-3.3.3-natives-windows.jar;C:\Users\Aanil\.gradle\caches\modules-2\files-2.1\com.github.zhogoshi\animations\4.0\7ff6975936ed95bd2ad09e75b6ddfe4e545b7a\animations-4.0.jar
Launcher Type: SUN_STANDARD

[Global flags]
     intx CICompilerCount                          = 4                                         {product} {ergonomic}
     uint ConcGCThreads                            = 2                                         {product} {ergonomic}
     uint G1ConcRefinementThreads                  = 8                                         {product} {ergonomic}
   size_t G1HeapRegionSize                         = 1048576                                   {product} {ergonomic}
    uintx GCDrainStackTargetSize                   = 64                                        {product} {ergonomic}
   size_t InitialHeapSize                          = 134217728                                 {product} {ergonomic}
   size_t MarkStackSize                            = 4194304                                   {product} {ergonomic}
   size_t MaxHeapSize                              = 2118123520                                {product} {ergonomic}
   size_t MaxNewSize                               = 1270874112                                {product} {ergonomic}
   size_t MinHeapDeltaBytes                        = 1048576                                   {product} {ergonomic}
   size_t MinHeapSize                              = 8388608                                   {product} {ergonomic}
    uintx NonNMethodCodeHeapSize                   = 5839372                                {pd product} {ergonomic}
    uintx NonProfiledCodeHeapSize                  = 122909434                              {pd product} {ergonomic}
    uintx ProfiledCodeHeapSize                     = 122909434                              {pd product} {ergonomic}
    uintx ReservedCodeCacheSize                    = 251658240                              {pd product} {ergonomic}
     bool SegmentedCodeCache                       = true                                      {product} {ergonomic}
   size_t SoftMaxHeapSize                          = 2118123520                             {manageable} {ergonomic}
     bool UseCompressedClassPointers               = true                           {product lp64_product} {ergonomic}
     bool UseCompressedOops                        = true                           {product lp64_product} {ergonomic}
     bool UseG1GC                                  = true                                      {product} {ergonomic}
     bool UseLargePagesIndividualAllocation        = false                                  {pd product} {ergonomic}

Logging:
Log output configuration:
 #0: stdout all=warning uptime,level,tags
 #1: stderr all=off uptime,level,tags

Environment Variables:
JAVA_HOME=C:\Program Files\Amazon Corretto\jdk17.0.6_10
PATH=c:\devkitPro\msys2\usr\bin;C:\Program Files\Alacritty\;C:\Program Files (x86)\Common Files\Intel\Shared Libraries\redist\intel64\compiler;C:\Program Files\Amazon Corretto\jdk17.0.6_10\bin;C:\Program Files\Eclipse Adoptium\jdk-8.0.362.9-hotspot\bin;C:\Windows\system32;C:\Windows;C:\Windows\System32\Wbem;C:\Windows\System32\WindowsPowerShell\v1.0\;C:\Windows\System32\OpenSSH\;C:\Program Files\Git\cmd;C:\Program Files\NVIDIA Corporation\NVIDIA NvDLISR;C:\Program Files\dotnet\;C:\Program Files\nodejs\;C:\ProgramData\chocolatey\bin;C:\Users\Aanil\scoop;C:\Users\Aanil;C:\Program Files (x86)\NVIDIA Corporation\PhysX\Common;C:\Program Files\FBI Installer\fbi_installer.exe;C:\mingw64\bin;C:\Users\Aanil\.aftman\bin;C:\Users\Aanil\Documents\v;C:\Users\Aanil\.config\v-analyzer\bin\;C:\Program Files\Go\bin;C:\Program Files\upx;C:\Users\Aanil\Documents\v\.bin;C:\Users\Aanil\AppData\Local\pnpm;C:\Python311\Scripts;C:\Python311;C:\Users\Aanil\scoop\shims;C:\Users\Aanil\.cargo\bin;C:\Users\Aanil\AppData\Local\Programs\Python\Python311\Scripts;C:\Users\Aanil\AppData\Local\Programs\Python\Python311;C:\Users\Aanil\AppData\Local\Microsoft\WindowsApps;C:\Users\Aanil\AppData\Local\Programs\Microsoft VS Code\bin;C:\Users\Aanil\AppData\Local\JetBrains\IntelliJ IDEA Community Edition 2022.3.3\bin;C:\Users\Aanil\.dotnet\tools;C:\Users\Aanil\go\bin;C:\msys64\mingw64\bin;C:\Users\Aanil\AppData\Local\spicetify;C:\Users\Aanil\AppData\Roaming\npm;C:\Users\Aanil\AppData\Local\GitHubDesktop\bin;C:\tools\neovim\nvim-win64\bin;C:\Users\Aanil\AppData\Local\Programs\oh-my-posh\bin;C:\Users\Aanil\scoop;C:\Users\Aanil\.dotnet\tools;C:\Program Files\FBI Installer\fbi_installer.exe;C:\mingw64\bin;C:\Users\Aanil\.aftman\bin;C:\Users\Aanil\Documents\v;C:\Users\Aanil\.config\v-analyzer\bin\;C:\Users\Aanil\.openbin\bin;C:\Users\Aanil\.openbin\bin;C:\Users\Aanil\.openbin\bin;C:\Users\Aanil\.openbin\bin;C:\Users\Aanil\.openbin\bin;C:\Users\Aanil\.openbin\bin;C:\Users\Aanil\.openbin\bin;C:\Users\Aanil\AppData\Lo
USERNAME=Aanil
OS=Windows_NT
PROCESSOR_IDENTIFIER=Intel64 Family 6 Model 158 Stepping 10, GenuineIntel
TMP=C:\Users\Aanil\AppData\Local\Temp
TEMP=C:\Users\Aanil\AppData\Local\Temp



---------------  S Y S T E M  ---------------

OS:
 Windows 10 , 64 bit Build 19041 (10.0.19041.3636)
OS uptime: 0 days 4:47 hours
Hyper-V role detected

CPU: total 8 (initial active 8) (4 cores per cpu, 2 threads per core) family 6 model 158 stepping 10 microcode 0xc6, cx8, cmov, fxsr, ht, mmx, 3dnowpref, sse, sse2, sse3, ssse3, sse4.1, sse4.2, popcnt, lzcnt, tsc, tscinvbit, avx, avx2, aes, erms, clmul, bmi1, bmi2, adx, fma, vzeroupper, clflush, clflushopt, hv

Memory: 4k page, system-wide physical 8072M (923M free)
TotalPageFile size 25630M (AvailPageFile size 5758M)
current process WorkingSet (physical memory assigned to process): 88M, peak: 88M
current process commit charge ("private bytes"): 263M, peak: 263M

vm_info: OpenJDK 64-Bit Server VM (17.0.6+10-LTS) for windows-amd64 JRE (17.0.6+10-LTS), built on Jan 13 2023 22:57:04 by "Administrator" with MS VC++ 15.9 (VS2017)

END.
