#
# A fatal error has been detected by the Java Runtime Environment:
#
#  EXCEPTION_ACCESS_VIOLATION (0xc0000005) at pc=0x00007ff97db16bb0, pid=16744, tid=23112
#
# JRE version: OpenJDK Runtime Environment Corretto-17.0.6.10.1 (17.0.6+10) (build 17.0.6+10-LTS)
# Java VM: OpenJDK 64-Bit Server VM Corretto-17.0.6.10.1 (17.0.6+10-LTS, mixed mode, sharing, tiered, compressed oops, compressed class ptrs, g1 gc, windows-amd64)
# Problematic frame:
# C  [lwjgl_nanovg.dll+0x36bb0]
#
# No core dump will be written. Minidumps are not enabled by default on client versions of Windows
#
# If you would like to submit a bug report, please visit:
#   https://github.com/corretto/corretto-17/issues/
# The crash happened outside the Java Virtual Machine in native code.
# See problematic frame for where to report the bug.
#

---------------  S U M M A R Y ------------

Command Line: -Dfile.encoding=windows-1252 -Duser.country=GB -Duser.language=en -Duser.variant Shapes

Host: Intel(R) Core(TM) i5-9300H CPU @ 2.40GHz, 8 cores, 7G,  Windows 10 , 64 bit Build 19041 (10.0.19041.3636)
Time: Wed Jan 17 21:38:01 2024 GMT Standard Time elapsed time: 0.705985 seconds (0d 0h 0m 0s)

---------------  T H R E A D  ---------------

Current thread (0x000001b73f86b060):  JavaThread "main" [_thread_in_native, id=23112, stack(0x0000006c1da00000,0x0000006c1db00000)]

Stack: [0x0000006c1da00000,0x0000006c1db00000],  sp=0x0000006c1dafee28,  free space=1019k
Native frames: (J=compiled Java code, j=interpreted, Vv=VM code, C=native code)
C  [lwjgl_nanovg.dll+0x36bb0]

Java frames: (J=compiled Java code, j=interpreted, Vv=VM code)
j  org.lwjgl.nanovg.NanoVG.nnvgBeginPath(J)V+0
j  org.lwjgl.nanovg.NanoVG.nvgBeginPath(J)V+12
j  org.nvgu.NVGU.rectangle(FFFFLjava/awt/Color;)Lorg/nvgu/NVGU;+4
j  org.nvgu.NVGU.rectangle(Ljava/awt/Rectangle;Ljava/awt/Color;)Lorg/nvgu/NVGU;+22
j  cc.grng.brick.components.impl.Shape.render(Lorg/nvgu/NVGU;)V+64
j  cc.grng.brick.Brick.render()V+32
j  Shapes$$Lambda$2+0x0000000800c02220.run()V+4
j  Window.loop(Ljava/lang/Runnable;Ljava/lang/Runnable;)V+34
j  Window.run(Ljava/lang/Runnable;Ljava/lang/Runnable;)V+7
j  Shapes.main([Ljava/lang/String;)V+50
v  ~StubRoutines::call_stub

siginfo: EXCEPTION_ACCESS_VIOLATION (0xc0000005), reading address 0x000000000000228f


Register to memory mapping:

RIP=0x00007ff97db16bb0 lwjgl_nanovg.dll
RAX=0x00007ff97db16bb0 lwjgl_nanovg.dll
RBX={method} {0x000001b75e5cecb0} 'nnvgBeginPath' '(J)V' in 'org/lwjgl/nanovg/NanoVG'
RCX=0x000001b73f86b308 points into unknown readable memory: 0x000001b75ebad670 | 70 d6 ba 5e b7 01 00 00
RDX=0x0000006c1dafeec0 is pointing into the stack for thread: 0x000001b73f86b060
RSP=0x0000006c1dafee28 is pointing into the stack for thread: 0x000001b73f86b060
RBP=0x0000006c1dafeeb0 is pointing into the stack for thread: 0x000001b73f86b060
RSI=0x0000000000000110 is an unknown value
RDI=0x00000000000003b2 is an unknown value
R8 =0xffffffffffffffff is an unknown value
R9 =0x0000000000000002 is an unknown value
R10=0x000001b74e89d5f2 is at code_begin+946 in an Interpreter codelet
method entry point (kind = native)  [0x000001b74e89d240, 0x000001b74e89dbc0]  2432 bytes
R11=0x000000008935d940 is an oop: java.lang.Class 
{0x000000008935d940} - klass: 'java/lang/Class'
 - ---- fields (total size 40 words):
 - private volatile transient 'classRedefinedCount' 'I' @12  0
 - private volatile transient 'cachedConstructor' 'Ljava/lang/reflect/Constructor;' @40  NULL (0)
 - private transient 'name' 'Ljava/lang/String;' @44  "org.lwjgl.nanovg.NanoVG"{0x000000008935da90} (8935da90)
 - private transient 'module' 'Ljava/lang/Module;' @48  a 'java/lang/Module'{0x0000000089b66200} (89b66200)
 - private final 'classLoader' 'Ljava/lang/ClassLoader;' @52  a 'jdk/internal/loader/ClassLoaders$AppClassLoader'{0x0000000089b66040} (89b66040)
 - private transient 'classData' 'Ljava/lang/Object;' @56  NULL (0)
 - private transient 'packageName' 'Ljava/lang/String;' @60  "org.lwjgl.nanovg"{0x0000000089339808} (89339808)
 - private final 'componentType' 'Ljava/lang/Class;' @64  NULL (0)
 - private volatile transient 'reflectionData' 'Ljava/lang/ref/SoftReference;' @68  NULL (0)
 - private volatile transient 'genericInfo' 'Lsun/reflect/generics/repository/ClassRepository;' @72  NULL (0)
 - private volatile transient 'enumConstants' '[Ljava/lang/Object;' @76  NULL (0)
 - private volatile transient 'enumConstantDirectory' 'Ljava/util/Map;' @80  NULL (0)
 - private volatile transient 'annotationData' 'Ljava/lang/Class$AnnotationData;' @84  NULL (0)
 - private volatile transient 'annotationType' 'Lsun/reflect/annotation/AnnotationType;' @88  NULL (0)
 - transient 'classValueMap' 'Ljava/lang/ClassValue$ClassValueMap;' @92  NULL (0)
 - signature: Lorg/lwjgl/nanovg/NanoVG;
 - fake entry for mirror: 'org/lwjgl/nanovg/NanoVG'
 - fake entry for array: NULL
 - fake entry for oop_size: 40
 - fake entry for static_oop_field_count: 0
 - public static final 'NVG_PI' 'F' @136  3.141593 (40490fdb)
 - public static final 'NVG_CCW' 'I' @140  1
 - public static final 'NVG_CW' 'I' @144  2
 - public static final 'NVG_SOLID' 'I' @148  1
 - public static final 'NVG_HOLE' 'I' @152  2
 - public static final 'NVG_BUTT' 'I' @156  0
 - public static final 'NVG_ROUND' 'I' @160  1
 - public static final 'NVG_SQUARE' 'I' @164  2
 - public static final 'NVG_BEVEL' 'I' @168  3
 - public static final 'NVG_MITER' 'I' @172  4
 - public static final 'NVG_ALIGN_LEFT' 'I' @176  1
 - public static final 'NVG_ALIGN_CENTER' 'I' @180  2
 - public static final 'NVG_ALIGN_RIGHT' 'I' @184  4
 - public static final 'NVG_ALIGN_TOP' 'I' @188  8
 - public static final 'NVG_ALIGN_MIDDLE' 'I' @192  16 (10)
 - public static final 'NVG_ALIGN_BOTTOM' 'I' @196  32 (20)
 - public static final 'NVG_ALIGN_BASELINE' 'I' @200  64 (40)
 - public static final 'NVG_ZERO' 'I' @204  1
 - public static final 'NVG_ONE' 'I' @208  2
 - public static final 'NVG_SRC_COLOR' 'I' @212  4
 - public static final 'NVG_ONE_MINUS_SRC_COLOR' 'I' @216  8
 - public static final 'NVG_DST_COLOR' 'I' @220  16 (10)
 - public static final 'NVG_ONE_MINUS_DST_COLOR' 'I' @224  32 (20)
 - public static final 'NVG_SRC_ALPHA' 'I' @228  64 (40)
 - public static final 'NVG_ONE_MINUS_SRC_ALPHA' 'I' @232  128 (80)
 - public static final 'NVG_DST_ALPHA' 'I' @236  256 (100)
 - public static final 'NVG_ONE_MINUS_DST_ALPHA' 'I' @240  512 (200)
 - public static final 'NVG_SRC_ALPHA_SATURATE' 'I' @244  1024 (400)
 - public static final 'NVG_SOURCE_OVER' 'I' @248  0
 - public static final 'NVG_SOURCE_IN' 'I' @252  1
 - public static final 'NVG_SOURCE_OUT' 'I' @256  2
 - public static final 'NVG_ATOP' 'I' @260  3
 - public static final 'NVG_DESTINATION_OVER' 'I' @264  4
 - public static final 'NVG_DESTINATION_IN' 'I' @268  5
 - public static final 'NVG_DESTINATION_OUT' 'I' @272  6
 - public static final 'NVG_DESTINATION_ATOP' 'I' @276  7
 - public static final 'NVG_LIGHTER' 'I' @280  8
 - public static final 'NVG_COPY' 'I' @284  9
 - public static final 'NVG_XOR' 'I' @288  10 (a)
 - public static final 'NVG_IMAGE_GENERATE_MIPMAPS' 'I' @292  1
 - public static final 'NVG_IMAGE_REPEATX' 'I' @296  2
 - public static final 'NVG_IMAGE_REPEATY' 'I' @300  4
 - public static final 'NVG_IMAGE_FLIPY' 'I' @304  8
 - public static final 'NVG_IMAGE_PREMULTIPLIED' 'I' @308  16 (10)
 - public static final 'NVG_IMAGE_NEAREST' 'I' @312  32 (20)
 - static final 'nvgCreateInternal' 'J' @112  140709532328768 (7db0e340 7ff9)
 - static final 'nvgInternalParams' 'J' @120  140709532329376 (7db0e5a0 7ff9)
 - static final 'nvgDeleteInternal' 'J' @128  140709532329392 (7db0e5b0 7ff9)
R12=0x0 is NULL
R13={method} {0x000001b75e5cecb0} 'nnvgBeginPath' '(J)V' in 'org/lwjgl/nanovg/NanoVG'
R14=0x0000006c1dafeed8 is pointing into the stack for thread: 0x000001b73f86b060
R15=0x000001b73f86b060 is a thread


Registers:
RAX=0x00007ff97db16bb0, RBX=0x000001b75e5ceca8, RCX=0x000001b73f86b308, RDX=0x0000006c1dafeec0
RSP=0x0000006c1dafee28, RBP=0x0000006c1dafeeb0, RSI=0x0000000000000110, RDI=0x00000000000003b2
R8 =0xffffffffffffffff, R9 =0x0000000000000002, R10=0x000001b74e89d5f2, R11=0x000000008935d940
R12=0x0000000000000000, R13=0x000001b75e5ceca8, R14=0x0000006c1dafeed8, R15=0x000001b73f86b060
RIP=0x00007ff97db16bb0, EFLAGS=0x0000000000010287

Top of Stack: (sp=0x0000006c1dafee28)
0x0000006c1dafee28:   000001b74e89d621 00000000000003b2
0x0000006c1dafee38:   000001b74e89d352 000001b75e5ceca8
0x0000006c1dafee48:   0000000000000110 0000000000000120
0x0000006c1dafee58:   0000000000000000 000001b74e89d2f6
0x0000006c1dafee68:   0000006c1dafee68 000001b75e5ceca8
0x0000006c1dafee78:   0000006c1dafeed8 000001b75e5d60c8
0x0000006c1dafee88:   0000000000000000 000000008935d940
0x0000006c1dafee98:   000001b75e5ceca8 0000000000000000
0x0000006c1dafeea8:   0000006c1dafeed0 0000006c1dafef28
0x0000006c1dafeeb8:   000001b74e8994fe 000000008935d940
0x0000006c1dafeec8:   000001b74e89af78 ffffffffffffffff
0x0000006c1dafeed8:   0000000000000000 0000006c1dafeee0
0x0000006c1dafeee8:   000001b75e5ced4c 0000006c1dafef40
0x0000006c1dafeef8:   000001b75e5d60c8 0000000000000000
0x0000006c1dafef08:   000000008935d940 000001b75e5ced70
0x0000006c1dafef18:   0000006c1dafeed0 0000006c1dafef38 

Instructions: (pc=0x00007ff97db16bb0)
0x00007ff97db16ab0:   39 0f 11 00 45 0f c6 c0 93 f3 44 0f 10 c1 45 0f
0x00007ff97db16ac0:   c6 c9 39 44 0f 11 48 10 45 0f 28 4b b8 45 0f c6
0x00007ff97db16ad0:   c0 39 44 0f 11 44 24 48 0f 10 44 24 40 44 0f 11
0x00007ff97db16ae0:   44 24 58 0f 10 4c 24 50 0f 11 40 20 66 45 0f 15
0x00007ff97db16af0:   c0 0f 11 48 30 f2 44 0f 11 40 40 45 0f 28 43 c8
0x00007ff97db16b00:   89 48 48 49 8b e3 c3 cc cc cc cc cc cc cc cc cc
0x00007ff97db16b10:   f3 0f 10 44 24 38 0f 28 cb f3 0f 10 5c 24 30 49
0x00007ff97db16b20:   8b c8 f3 0f 10 54 24 28 f3 0f 11 44 24 28 e9 fd
0x00007ff97db16b30:   82 ff ff cc cc cc cc cc cc cc cc cc cc cc cc cc
0x00007ff97db16b40:   f3 0f 10 44 24 38 0f 28 cb f3 0f 10 5c 24 30 49
0x00007ff97db16b50:   8b c8 f3 0f 10 54 24 28 f3 0f 11 44 24 28 e9 7d
0x00007ff97db16b60:   83 ff ff cc cc cc cc cc cc cc cc cc cc cc cc cc
0x00007ff97db16b70:   49 63 80 88 22 00 00 0f 57 c0 48 69 c8 10 01 00
0x00007ff97db16b80:   00 33 c0 42 0f 11 44 01 50 4a 89 44 01 60 42 c7
0x00007ff97db16b90:   44 01 68 00 00 80 bf 42 c7 44 01 6c 00 00 80 bf
0x00007ff97db16ba0:   c3 cc cc cc cc cc cc cc cc cc cc cc cc cc cc cc
0x00007ff97db16bb0:   49 8b 80 90 22 00 00 33 c9 41 89 48 7c 89 48 08
0x00007ff97db16bc0:   49 8b 80 90 22 00 00 89 48 18 c3 cc cc cc cc cc
0x00007ff97db16bd0:   48 83 ec 38 f3 0f 10 4c 24 60 48 8d 54 24 20 49
0x00007ff97db16be0:   8b c8 f3 0f 11 4c 24 28 0f 57 c0 f3 0f 11 5c 24
0x00007ff97db16bf0:   24 41 b8 03 00 00 00 f3 0f 11 44 24 20 e8 be 85
0x00007ff97db16c00:   ff ff 48 83 c4 38 c3 cc cc cc cc cc cc cc cc cc
0x00007ff97db16c10:   48 83 ec 38 f3 0f 10 05 88 70 03 00 48 8d 54 24
0x00007ff97db16c20:   20 f3 0f 10 4c 24 60 49 8b c8 41 b8 03 00 00 00
0x00007ff97db16c30:   f3 0f 11 44 24 20 f3 0f 11 4c 24 28 f3 0f 11 5c
0x00007ff97db16c40:   24 24 e8 79 85 ff ff 48 83 c4 38 c3 cc cc cc cc
0x00007ff97db16c50:   48 8b c4 48 83 ec 48 f3 0f 10 05 81 70 03 00 48
0x00007ff97db16c60:   8d 50 d8 f3 0f 10 4c 24 70 49 8b c8 f3 0f 11 40
0x00007ff97db16c70:   d8 41 b8 07 00 00 00 f3 0f 10 44 24 78 f3 0f 11
0x00007ff97db16c80:   48 e0 f3 0f 10 8c 24 80 00 00 00 f3 0f 11 40 e4
0x00007ff97db16c90:   f3 0f 10 84 24 88 00 00 00 f3 0f 11 48 e8 f3 0f
0x00007ff97db16ca0:   10 8c 24 90 00 00 00 f3 0f 11 40 ec f3 0f 11 48 


Stack slot to memory mapping:
stack at sp + 0 slots: 0x000001b74e89d621 is at code_begin+993 in an Interpreter codelet
method entry point (kind = native)  [0x000001b74e89d240, 0x000001b74e89dbc0]  2432 bytes
stack at sp + 1 slots: 0x00000000000003b2 is an unknown value
stack at sp + 2 slots: 0x000001b74e89d352 is at code_begin+274 in an Interpreter codelet
method entry point (kind = native)  [0x000001b74e89d240, 0x000001b74e89dbc0]  2432 bytes
stack at sp + 3 slots: {method} {0x000001b75e5cecb0} 'nnvgBeginPath' '(J)V' in 'org/lwjgl/nanovg/NanoVG'
stack at sp + 4 slots: 0x0000000000000110 is an unknown value
stack at sp + 5 slots: 0x0000000000000120 is an unknown value
stack at sp + 6 slots: 0x0 is NULL
stack at sp + 7 slots: 0x000001b74e89d2f6 is at code_begin+182 in an Interpreter codelet
method entry point (kind = native)  [0x000001b74e89d240, 0x000001b74e89dbc0]  2432 bytes


---------------  P R O C E S S  ---------------

Threads class SMR info:
_java_thread_list=0x000001b75ebaaff0, length=13, elements={
0x000001b73f86b060, 0x000001b75dbab280, 0x000001b75dbac000, 0x000001b75dbc3e60,
0x000001b75dbc79a0, 0x000001b75dbc8a00, 0x000001b75dbcaa70, 0x000001b75dbcf3b0,
0x000001b75dbd3d70, 0x000001b75dbd4670, 0x000001b75e8d5610, 0x000001b75e8d98e0,
0x000001b762faa030
}

Java Threads: ( => current thread )
=>0x000001b73f86b060 JavaThread "main" [_thread_in_native, id=23112, stack(0x0000006c1da00000,0x0000006c1db00000)]
  0x000001b75dbab280 JavaThread "Reference Handler" daemon [_thread_blocked, id=22452, stack(0x0000006c1e100000,0x0000006c1e200000)]
  0x000001b75dbac000 JavaThread "Finalizer" daemon [_thread_blocked, id=4948, stack(0x0000006c1e200000,0x0000006c1e300000)]
  0x000001b75dbc3e60 JavaThread "Signal Dispatcher" daemon [_thread_blocked, id=8568, stack(0x0000006c1e300000,0x0000006c1e400000)]
  0x000001b75dbc79a0 JavaThread "Attach Listener" daemon [_thread_blocked, id=12040, stack(0x0000006c1e400000,0x0000006c1e500000)]
  0x000001b75dbc8a00 JavaThread "Service Thread" daemon [_thread_blocked, id=22696, stack(0x0000006c1e500000,0x0000006c1e600000)]
  0x000001b75dbcaa70 JavaThread "Monitor Deflation Thread" daemon [_thread_blocked, id=4848, stack(0x0000006c1e600000,0x0000006c1e700000)]
  0x000001b75dbcf3b0 JavaThread "C2 CompilerThread0" daemon [_thread_blocked, id=11692, stack(0x0000006c1e700000,0x0000006c1e800000)]
  0x000001b75dbd3d70 JavaThread "C1 CompilerThread0" daemon [_thread_blocked, id=22736, stack(0x0000006c1e800000,0x0000006c1e900000)]
  0x000001b75dbd4670 JavaThread "Sweeper thread" daemon [_thread_blocked, id=16916, stack(0x0000006c1e900000,0x0000006c1ea00000)]
  0x000001b75e8d5610 JavaThread "Notification Thread" daemon [_thread_blocked, id=21740, stack(0x0000006c1ea00000,0x0000006c1eb00000)]
  0x000001b75e8d98e0 JavaThread "Common-Cleaner" daemon [_thread_blocked, id=13124, stack(0x0000006c1ec00000,0x0000006c1ed00000)]
  0x000001b762faa030 JavaThread "C2 CompilerThread1" daemon [_thread_blocked, id=7440, stack(0x0000006c1ed00000,0x0000006c1ee00000)]

Other Threads:
  0x000001b75dba7720 VMThread "VM Thread" [stack: 0x0000006c1e000000,0x0000006c1e100000] [id=20024]
  0x000001b73f8def70 WatcherThread [stack: 0x0000006c1eb00000,0x0000006c1ec00000] [id=23188]
  0x000001b73f8c4ac0 GCTaskThread "GC Thread#0" [stack: 0x0000006c1db00000,0x0000006c1dc00000] [id=16456]
  0x000001b73f8d7670 ConcurrentGCThread "G1 Main Marker" [stack: 0x0000006c1dc00000,0x0000006c1dd00000] [id=17560]
  0x000001b73f8d8730 ConcurrentGCThread "G1 Conc#0" [stack: 0x0000006c1dd00000,0x0000006c1de00000] [id=22732]
  0x000001b73f92e2f0 ConcurrentGCThread "G1 Refine#0" [stack: 0x0000006c1de00000,0x0000006c1df00000] [id=19804]
  0x000001b73f92ec20 ConcurrentGCThread "G1 Service" [stack: 0x0000006c1df00000,0x0000006c1e000000] [id=21684]

Threads with active compile tasks:

VM state: not at safepoint (normal execution)

VM Mutex/Monitor currently owned by a thread: None

Heap address: 0x0000000081c00000, size: 2020 MB, Compressed Oops mode: 32-bit

CDS archive(s) mapped at: [0x0000000800000000-0x0000000800bc0000-0x0000000800bc0000), size 12320768, SharedBaseAddress: 0x0000000800000000, ArchiveRelocationMode: 0.
Compressed class space mapped at: 0x0000000800c00000-0x0000000840c00000, reserved size: 1073741824
Narrow klass base: 0x0000000800000000, Narrow klass shift: 0, Narrow klass range: 0x100000000

GC Precious Log:
 CPUs: 8 total, 8 available
 Memory: 8072M
 Large Page Support: Disabled
 NUMA Support: Disabled
 Compressed Oops: Enabled (32-bit)
 Heap Region Size: 1M
 Heap Min Capacity: 8M
 Heap Initial Capacity: 128M
 Heap Max Capacity: 2020M
 Pre-touch: Disabled
 Parallel Workers: 8
 Concurrent Workers: 2
 Concurrent Refinement Workers: 8
 Periodic GC: Disabled

Heap:
 garbage-first heap   total 131072K, used 8192K [0x0000000081c00000, 0x0000000100000000)
  region size 1024K, 9 young (9216K), 0 survivors (0K)
 Metaspace       used 3859K, committed 4096K, reserved 1056768K
  class space    used 254K, committed 384K, reserved 1048576K

Heap Regions: E=young(eden), S=young(survivor), O=old, HS=humongous(starts), HC=humongous(continues), CS=collection set, F=free, OA=open archive, CA=closed archive, TAMS=top-at-mark-start (previous, next)
|   0|0x0000000081c00000, 0x0000000081c00000, 0x0000000081d00000|  0%| F|  |TAMS 0x0000000081c00000, 0x0000000081c00000| Untracked 
|   1|0x0000000081d00000, 0x0000000081d00000, 0x0000000081e00000|  0%| F|  |TAMS 0x0000000081d00000, 0x0000000081d00000| Untracked 
|   2|0x0000000081e00000, 0x0000000081e00000, 0x0000000081f00000|  0%| F|  |TAMS 0x0000000081e00000, 0x0000000081e00000| Untracked 
|   3|0x0000000081f00000, 0x0000000081f00000, 0x0000000082000000|  0%| F|  |TAMS 0x0000000081f00000, 0x0000000081f00000| Untracked 
|   4|0x0000000082000000, 0x0000000082000000, 0x0000000082100000|  0%| F|  |TAMS 0x0000000082000000, 0x0000000082000000| Untracked 
|   5|0x0000000082100000, 0x0000000082100000, 0x0000000082200000|  0%| F|  |TAMS 0x0000000082100000, 0x0000000082100000| Untracked 
|   6|0x0000000082200000, 0x0000000082200000, 0x0000000082300000|  0%| F|  |TAMS 0x0000000082200000, 0x0000000082200000| Untracked 
|   7|0x0000000082300000, 0x0000000082300000, 0x0000000082400000|  0%| F|  |TAMS 0x0000000082300000, 0x0000000082300000| Untracked 
|   8|0x0000000082400000, 0x0000000082400000, 0x0000000082500000|  0%| F|  |TAMS 0x0000000082400000, 0x0000000082400000| Untracked 
|   9|0x0000000082500000, 0x0000000082500000, 0x0000000082600000|  0%| F|  |TAMS 0x0000000082500000, 0x0000000082500000| Untracked 
|  10|0x0000000082600000, 0x0000000082600000, 0x0000000082700000|  0%| F|  |TAMS 0x0000000082600000, 0x0000000082600000| Untracked 
|  11|0x0000000082700000, 0x0000000082700000, 0x0000000082800000|  0%| F|  |TAMS 0x0000000082700000, 0x0000000082700000| Untracked 
|  12|0x0000000082800000, 0x0000000082800000, 0x0000000082900000|  0%| F|  |TAMS 0x0000000082800000, 0x0000000082800000| Untracked 
|  13|0x0000000082900000, 0x0000000082900000, 0x0000000082a00000|  0%| F|  |TAMS 0x0000000082900000, 0x0000000082900000| Untracked 
|  14|0x0000000082a00000, 0x0000000082a00000, 0x0000000082b00000|  0%| F|  |TAMS 0x0000000082a00000, 0x0000000082a00000| Untracked 
|  15|0x0000000082b00000, 0x0000000082b00000, 0x0000000082c00000|  0%| F|  |TAMS 0x0000000082b00000, 0x0000000082b00000| Untracked 
|  16|0x0000000082c00000, 0x0000000082c00000, 0x0000000082d00000|  0%| F|  |TAMS 0x0000000082c00000, 0x0000000082c00000| Untracked 
|  17|0x0000000082d00000, 0x0000000082d00000, 0x0000000082e00000|  0%| F|  |TAMS 0x0000000082d00000, 0x0000000082d00000| Untracked 
|  18|0x0000000082e00000, 0x0000000082e00000, 0x0000000082f00000|  0%| F|  |TAMS 0x0000000082e00000, 0x0000000082e00000| Untracked 
|  19|0x0000000082f00000, 0x0000000082f00000, 0x0000000083000000|  0%| F|  |TAMS 0x0000000082f00000, 0x0000000082f00000| Untracked 
|  20|0x0000000083000000, 0x0000000083000000, 0x0000000083100000|  0%| F|  |TAMS 0x0000000083000000, 0x0000000083000000| Untracked 
|  21|0x0000000083100000, 0x0000000083100000, 0x0000000083200000|  0%| F|  |TAMS 0x0000000083100000, 0x0000000083100000| Untracked 
|  22|0x0000000083200000, 0x0000000083200000, 0x0000000083300000|  0%| F|  |TAMS 0x0000000083200000, 0x0000000083200000| Untracked 
|  23|0x0000000083300000, 0x0000000083300000, 0x0000000083400000|  0%| F|  |TAMS 0x0000000083300000, 0x0000000083300000| Untracked 
|  24|0x0000000083400000, 0x0000000083400000, 0x0000000083500000|  0%| F|  |TAMS 0x0000000083400000, 0x0000000083400000| Untracked 
|  25|0x0000000083500000, 0x0000000083500000, 0x0000000083600000|  0%| F|  |TAMS 0x0000000083500000, 0x0000000083500000| Untracked 
|  26|0x0000000083600000, 0x0000000083600000, 0x0000000083700000|  0%| F|  |TAMS 0x0000000083600000, 0x0000000083600000| Untracked 
|  27|0x0000000083700000, 0x0000000083700000, 0x0000000083800000|  0%| F|  |TAMS 0x0000000083700000, 0x0000000083700000| Untracked 
|  28|0x0000000083800000, 0x0000000083800000, 0x0000000083900000|  0%| F|  |TAMS 0x0000000083800000, 0x0000000083800000| Untracked 
|  29|0x0000000083900000, 0x0000000083900000, 0x0000000083a00000|  0%| F|  |TAMS 0x0000000083900000, 0x0000000083900000| Untracked 
|  30|0x0000000083a00000, 0x0000000083a00000, 0x0000000083b00000|  0%| F|  |TAMS 0x0000000083a00000, 0x0000000083a00000| Untracked 
|  31|0x0000000083b00000, 0x0000000083b00000, 0x0000000083c00000|  0%| F|  |TAMS 0x0000000083b00000, 0x0000000083b00000| Untracked 
|  32|0x0000000083c00000, 0x0000000083c00000, 0x0000000083d00000|  0%| F|  |TAMS 0x0000000083c00000, 0x0000000083c00000| Untracked 
|  33|0x0000000083d00000, 0x0000000083d00000, 0x0000000083e00000|  0%| F|  |TAMS 0x0000000083d00000, 0x0000000083d00000| Untracked 
|  34|0x0000000083e00000, 0x0000000083e00000, 0x0000000083f00000|  0%| F|  |TAMS 0x0000000083e00000, 0x0000000083e00000| Untracked 
|  35|0x0000000083f00000, 0x0000000083f00000, 0x0000000084000000|  0%| F|  |TAMS 0x0000000083f00000, 0x0000000083f00000| Untracked 
|  36|0x0000000084000000, 0x0000000084000000, 0x0000000084100000|  0%| F|  |TAMS 0x0000000084000000, 0x0000000084000000| Untracked 
|  37|0x0000000084100000, 0x0000000084100000, 0x0000000084200000|  0%| F|  |TAMS 0x0000000084100000, 0x0000000084100000| Untracked 
|  38|0x0000000084200000, 0x0000000084200000, 0x0000000084300000|  0%| F|  |TAMS 0x0000000084200000, 0x0000000084200000| Untracked 
|  39|0x0000000084300000, 0x0000000084300000, 0x0000000084400000|  0%| F|  |TAMS 0x0000000084300000, 0x0000000084300000| Untracked 
|  40|0x0000000084400000, 0x0000000084400000, 0x0000000084500000|  0%| F|  |TAMS 0x0000000084400000, 0x0000000084400000| Untracked 
|  41|0x0000000084500000, 0x0000000084500000, 0x0000000084600000|  0%| F|  |TAMS 0x0000000084500000, 0x0000000084500000| Untracked 
|  42|0x0000000084600000, 0x0000000084600000, 0x0000000084700000|  0%| F|  |TAMS 0x0000000084600000, 0x0000000084600000| Untracked 
|  43|0x0000000084700000, 0x0000000084700000, 0x0000000084800000|  0%| F|  |TAMS 0x0000000084700000, 0x0000000084700000| Untracked 
|  44|0x0000000084800000, 0x0000000084800000, 0x0000000084900000|  0%| F|  |TAMS 0x0000000084800000, 0x0000000084800000| Untracked 
|  45|0x0000000084900000, 0x0000000084900000, 0x0000000084a00000|  0%| F|  |TAMS 0x0000000084900000, 0x0000000084900000| Untracked 
|  46|0x0000000084a00000, 0x0000000084a00000, 0x0000000084b00000|  0%| F|  |TAMS 0x0000000084a00000, 0x0000000084a00000| Untracked 
|  47|0x0000000084b00000, 0x0000000084b00000, 0x0000000084c00000|  0%| F|  |TAMS 0x0000000084b00000, 0x0000000084b00000| Untracked 
|  48|0x0000000084c00000, 0x0000000084c00000, 0x0000000084d00000|  0%| F|  |TAMS 0x0000000084c00000, 0x0000000084c00000| Untracked 
|  49|0x0000000084d00000, 0x0000000084d00000, 0x0000000084e00000|  0%| F|  |TAMS 0x0000000084d00000, 0x0000000084d00000| Untracked 
|  50|0x0000000084e00000, 0x0000000084e00000, 0x0000000084f00000|  0%| F|  |TAMS 0x0000000084e00000, 0x0000000084e00000| Untracked 
|  51|0x0000000084f00000, 0x0000000084f00000, 0x0000000085000000|  0%| F|  |TAMS 0x0000000084f00000, 0x0000000084f00000| Untracked 
|  52|0x0000000085000000, 0x0000000085000000, 0x0000000085100000|  0%| F|  |TAMS 0x0000000085000000, 0x0000000085000000| Untracked 
|  53|0x0000000085100000, 0x0000000085100000, 0x0000000085200000|  0%| F|  |TAMS 0x0000000085100000, 0x0000000085100000| Untracked 
|  54|0x0000000085200000, 0x0000000085200000, 0x0000000085300000|  0%| F|  |TAMS 0x0000000085200000, 0x0000000085200000| Untracked 
|  55|0x0000000085300000, 0x0000000085300000, 0x0000000085400000|  0%| F|  |TAMS 0x0000000085300000, 0x0000000085300000| Untracked 
|  56|0x0000000085400000, 0x0000000085400000, 0x0000000085500000|  0%| F|  |TAMS 0x0000000085400000, 0x0000000085400000| Untracked 
|  57|0x0000000085500000, 0x0000000085500000, 0x0000000085600000|  0%| F|  |TAMS 0x0000000085500000, 0x0000000085500000| Untracked 
|  58|0x0000000085600000, 0x0000000085600000, 0x0000000085700000|  0%| F|  |TAMS 0x0000000085600000, 0x0000000085600000| Untracked 
|  59|0x0000000085700000, 0x0000000085700000, 0x0000000085800000|  0%| F|  |TAMS 0x0000000085700000, 0x0000000085700000| Untracked 
|  60|0x0000000085800000, 0x0000000085800000, 0x0000000085900000|  0%| F|  |TAMS 0x0000000085800000, 0x0000000085800000| Untracked 
|  61|0x0000000085900000, 0x0000000085900000, 0x0000000085a00000|  0%| F|  |TAMS 0x0000000085900000, 0x0000000085900000| Untracked 
|  62|0x0000000085a00000, 0x0000000085a00000, 0x0000000085b00000|  0%| F|  |TAMS 0x0000000085a00000, 0x0000000085a00000| Untracked 
|  63|0x0000000085b00000, 0x0000000085b00000, 0x0000000085c00000|  0%| F|  |TAMS 0x0000000085b00000, 0x0000000085b00000| Untracked 
|  64|0x0000000085c00000, 0x0000000085c00000, 0x0000000085d00000|  0%| F|  |TAMS 0x0000000085c00000, 0x0000000085c00000| Untracked 
|  65|0x0000000085d00000, 0x0000000085d00000, 0x0000000085e00000|  0%| F|  |TAMS 0x0000000085d00000, 0x0000000085d00000| Untracked 
|  66|0x0000000085e00000, 0x0000000085e00000, 0x0000000085f00000|  0%| F|  |TAMS 0x0000000085e00000, 0x0000000085e00000| Untracked 
|  67|0x0000000085f00000, 0x0000000085f00000, 0x0000000086000000|  0%| F|  |TAMS 0x0000000085f00000, 0x0000000085f00000| Untracked 
|  68|0x0000000086000000, 0x0000000086000000, 0x0000000086100000|  0%| F|  |TAMS 0x0000000086000000, 0x0000000086000000| Untracked 
|  69|0x0000000086100000, 0x0000000086100000, 0x0000000086200000|  0%| F|  |TAMS 0x0000000086100000, 0x0000000086100000| Untracked 
|  70|0x0000000086200000, 0x0000000086200000, 0x0000000086300000|  0%| F|  |TAMS 0x0000000086200000, 0x0000000086200000| Untracked 
|  71|0x0000000086300000, 0x0000000086300000, 0x0000000086400000|  0%| F|  |TAMS 0x0000000086300000, 0x0000000086300000| Untracked 
|  72|0x0000000086400000, 0x0000000086400000, 0x0000000086500000|  0%| F|  |TAMS 0x0000000086400000, 0x0000000086400000| Untracked 
|  73|0x0000000086500000, 0x0000000086500000, 0x0000000086600000|  0%| F|  |TAMS 0x0000000086500000, 0x0000000086500000| Untracked 
|  74|0x0000000086600000, 0x0000000086600000, 0x0000000086700000|  0%| F|  |TAMS 0x0000000086600000, 0x0000000086600000| Untracked 
|  75|0x0000000086700000, 0x0000000086700000, 0x0000000086800000|  0%| F|  |TAMS 0x0000000086700000, 0x0000000086700000| Untracked 
|  76|0x0000000086800000, 0x0000000086800000, 0x0000000086900000|  0%| F|  |TAMS 0x0000000086800000, 0x0000000086800000| Untracked 
|  77|0x0000000086900000, 0x0000000086900000, 0x0000000086a00000|  0%| F|  |TAMS 0x0000000086900000, 0x0000000086900000| Untracked 
|  78|0x0000000086a00000, 0x0000000086a00000, 0x0000000086b00000|  0%| F|  |TAMS 0x0000000086a00000, 0x0000000086a00000| Untracked 
|  79|0x0000000086b00000, 0x0000000086b00000, 0x0000000086c00000|  0%| F|  |TAMS 0x0000000086b00000, 0x0000000086b00000| Untracked 
|  80|0x0000000086c00000, 0x0000000086c00000, 0x0000000086d00000|  0%| F|  |TAMS 0x0000000086c00000, 0x0000000086c00000| Untracked 
|  81|0x0000000086d00000, 0x0000000086d00000, 0x0000000086e00000|  0%| F|  |TAMS 0x0000000086d00000, 0x0000000086d00000| Untracked 
|  82|0x0000000086e00000, 0x0000000086e00000, 0x0000000086f00000|  0%| F|  |TAMS 0x0000000086e00000, 0x0000000086e00000| Untracked 
|  83|0x0000000086f00000, 0x0000000086f00000, 0x0000000087000000|  0%| F|  |TAMS 0x0000000086f00000, 0x0000000086f00000| Untracked 
|  84|0x0000000087000000, 0x0000000087000000, 0x0000000087100000|  0%| F|  |TAMS 0x0000000087000000, 0x0000000087000000| Untracked 
|  85|0x0000000087100000, 0x0000000087100000, 0x0000000087200000|  0%| F|  |TAMS 0x0000000087100000, 0x0000000087100000| Untracked 
|  86|0x0000000087200000, 0x0000000087200000, 0x0000000087300000|  0%| F|  |TAMS 0x0000000087200000, 0x0000000087200000| Untracked 
|  87|0x0000000087300000, 0x0000000087300000, 0x0000000087400000|  0%| F|  |TAMS 0x0000000087300000, 0x0000000087300000| Untracked 
|  88|0x0000000087400000, 0x0000000087400000, 0x0000000087500000|  0%| F|  |TAMS 0x0000000087400000, 0x0000000087400000| Untracked 
|  89|0x0000000087500000, 0x0000000087500000, 0x0000000087600000|  0%| F|  |TAMS 0x0000000087500000, 0x0000000087500000| Untracked 
|  90|0x0000000087600000, 0x0000000087600000, 0x0000000087700000|  0%| F|  |TAMS 0x0000000087600000, 0x0000000087600000| Untracked 
|  91|0x0000000087700000, 0x0000000087700000, 0x0000000087800000|  0%| F|  |TAMS 0x0000000087700000, 0x0000000087700000| Untracked 
|  92|0x0000000087800000, 0x0000000087800000, 0x0000000087900000|  0%| F|  |TAMS 0x0000000087800000, 0x0000000087800000| Untracked 
|  93|0x0000000087900000, 0x0000000087900000, 0x0000000087a00000|  0%| F|  |TAMS 0x0000000087900000, 0x0000000087900000| Untracked 
|  94|0x0000000087a00000, 0x0000000087a00000, 0x0000000087b00000|  0%| F|  |TAMS 0x0000000087a00000, 0x0000000087a00000| Untracked 
|  95|0x0000000087b00000, 0x0000000087b00000, 0x0000000087c00000|  0%| F|  |TAMS 0x0000000087b00000, 0x0000000087b00000| Untracked 
|  96|0x0000000087c00000, 0x0000000087c00000, 0x0000000087d00000|  0%| F|  |TAMS 0x0000000087c00000, 0x0000000087c00000| Untracked 
|  97|0x0000000087d00000, 0x0000000087d00000, 0x0000000087e00000|  0%| F|  |TAMS 0x0000000087d00000, 0x0000000087d00000| Untracked 
|  98|0x0000000087e00000, 0x0000000087e00000, 0x0000000087f00000|  0%| F|  |TAMS 0x0000000087e00000, 0x0000000087e00000| Untracked 
|  99|0x0000000087f00000, 0x0000000087f00000, 0x0000000088000000|  0%| F|  |TAMS 0x0000000087f00000, 0x0000000087f00000| Untracked 
| 100|0x0000000088000000, 0x0000000088000000, 0x0000000088100000|  0%| F|  |TAMS 0x0000000088000000, 0x0000000088000000| Untracked 
| 101|0x0000000088100000, 0x0000000088100000, 0x0000000088200000|  0%| F|  |TAMS 0x0000000088100000, 0x0000000088100000| Untracked 
| 102|0x0000000088200000, 0x0000000088200000, 0x0000000088300000|  0%| F|  |TAMS 0x0000000088200000, 0x0000000088200000| Untracked 
| 103|0x0000000088300000, 0x0000000088300000, 0x0000000088400000|  0%| F|  |TAMS 0x0000000088300000, 0x0000000088300000| Untracked 
| 104|0x0000000088400000, 0x0000000088400000, 0x0000000088500000|  0%| F|  |TAMS 0x0000000088400000, 0x0000000088400000| Untracked 
| 105|0x0000000088500000, 0x0000000088500000, 0x0000000088600000|  0%| F|  |TAMS 0x0000000088500000, 0x0000000088500000| Untracked 
| 106|0x0000000088600000, 0x0000000088600000, 0x0000000088700000|  0%| F|  |TAMS 0x0000000088600000, 0x0000000088600000| Untracked 
| 107|0x0000000088700000, 0x0000000088700000, 0x0000000088800000|  0%| F|  |TAMS 0x0000000088700000, 0x0000000088700000| Untracked 
| 108|0x0000000088800000, 0x0000000088800000, 0x0000000088900000|  0%| F|  |TAMS 0x0000000088800000, 0x0000000088800000| Untracked 
| 109|0x0000000088900000, 0x0000000088900000, 0x0000000088a00000|  0%| F|  |TAMS 0x0000000088900000, 0x0000000088900000| Untracked 
| 110|0x0000000088a00000, 0x0000000088a00000, 0x0000000088b00000|  0%| F|  |TAMS 0x0000000088a00000, 0x0000000088a00000| Untracked 
| 111|0x0000000088b00000, 0x0000000088b00000, 0x0000000088c00000|  0%| F|  |TAMS 0x0000000088b00000, 0x0000000088b00000| Untracked 
| 112|0x0000000088c00000, 0x0000000088c00000, 0x0000000088d00000|  0%| F|  |TAMS 0x0000000088c00000, 0x0000000088c00000| Untracked 
| 113|0x0000000088d00000, 0x0000000088d00000, 0x0000000088e00000|  0%| F|  |TAMS 0x0000000088d00000, 0x0000000088d00000| Untracked 
| 114|0x0000000088e00000, 0x0000000088e00000, 0x0000000088f00000|  0%| F|  |TAMS 0x0000000088e00000, 0x0000000088e00000| Untracked 
| 115|0x0000000088f00000, 0x0000000088f00000, 0x0000000089000000|  0%| F|  |TAMS 0x0000000088f00000, 0x0000000088f00000| Untracked 
| 116|0x0000000089000000, 0x0000000089000000, 0x0000000089100000|  0%| F|  |TAMS 0x0000000089000000, 0x0000000089000000| Untracked 
| 117|0x0000000089100000, 0x0000000089100000, 0x0000000089200000|  0%| F|  |TAMS 0x0000000089100000, 0x0000000089100000| Untracked 
| 118|0x0000000089200000, 0x0000000089200000, 0x0000000089300000|  0%| F|  |TAMS 0x0000000089200000, 0x0000000089200000| Untracked 
| 119|0x0000000089300000, 0x00000000893ec100, 0x0000000089400000| 92%| E|  |TAMS 0x0000000089300000, 0x0000000089300000| Complete 
| 120|0x0000000089400000, 0x0000000089500000, 0x0000000089500000|100%| E|CS|TAMS 0x0000000089400000, 0x0000000089400000| Complete 
| 121|0x0000000089500000, 0x0000000089600000, 0x0000000089600000|100%| E|CS|TAMS 0x0000000089500000, 0x0000000089500000| Complete 
| 122|0x0000000089600000, 0x0000000089700000, 0x0000000089700000|100%| E|CS|TAMS 0x0000000089600000, 0x0000000089600000| Complete 
| 123|0x0000000089700000, 0x0000000089800000, 0x0000000089800000|100%| E|CS|TAMS 0x0000000089700000, 0x0000000089700000| Complete 
| 124|0x0000000089800000, 0x0000000089900000, 0x0000000089900000|100%| E|CS|TAMS 0x0000000089800000, 0x0000000089800000| Complete 
| 125|0x0000000089900000, 0x0000000089a00000, 0x0000000089a00000|100%| E|CS|TAMS 0x0000000089900000, 0x0000000089900000| Complete 
| 126|0x0000000089a00000, 0x0000000089b00000, 0x0000000089b00000|100%| E|CS|TAMS 0x0000000089a00000, 0x0000000089a00000| Complete 
| 127|0x0000000089b00000, 0x0000000089c00000, 0x0000000089c00000|100%| E|CS|TAMS 0x0000000089b00000, 0x0000000089b00000| Complete 

Card table byte_map: [0x000001b756a90000,0x000001b756e90000] _byte_map_base: 0x000001b756682000

Marking Bits (Prev, Next): (CMBitMap*) 0x000001b73f8c6ff0, (CMBitMap*) 0x000001b73f8c7030
 Prev Bits: [0x000001b757290000, 0x000001b759220000)
 Next Bits: [0x000001b759220000, 0x000001b75b1b0000)

Polling page: 0x000001b73d7e0000

Metaspace:

Usage:
  Non-class:      3.52 MB used.
      Class:    254.14 KB used.
       Both:      3.77 MB used.

Virtual space:
  Non-class space:        8.00 MB reserved,       3.63 MB ( 45%) committed,  1 nodes.
      Class space:        1.00 GB reserved,     384.00 KB ( <1%) committed,  1 nodes.
             Both:        1.01 GB reserved,       4.00 MB ( <1%) committed. 

Chunk freelists:
   Non-Class:  2.14 MB
       Class:  3.62 MB
        Both:  5.76 MB

MaxMetaspaceSize: unlimited
CompressedClassSpaceSize: 1.00 GB
Initial GC threshold: 21.00 MB
Current GC threshold: 21.00 MB
CDS: on
MetaspaceReclaimPolicy: balanced
 - commit_granule_bytes: 65536.
 - commit_granule_words: 8192.
 - virtual_space_node_default_size: 1048576.
 - enlarge_chunks_in_place: 1.
 - new_chunks_are_fully_committed: 0.
 - uncommit_free_chunks: 1.
 - use_allocation_guard: 0.
 - handle_deallocations: 1.


Internal statistics:

num_allocs_failed_limit: 0.
num_arena_births: 108.
num_arena_deaths: 0.
num_vsnodes_births: 2.
num_vsnodes_deaths: 0.
num_space_committed: 62.
num_space_uncommitted: 0.
num_chunks_returned_to_freelist: 0.
num_chunks_taken_from_freelist: 198.
num_chunk_merges: 0.
num_chunk_splits: 128.
num_chunks_enlarged: 84.
num_purges: 0.
num_inconsistent_stats: 0.

CodeHeap 'non-profiled nmethods': size=120000Kb used=231Kb max_used=231Kb free=119768Kb
 bounds [0x000001b74ee30000, 0x000001b74f0a0000, 0x000001b756360000]
CodeHeap 'profiled nmethods': size=120000Kb used=1197Kb max_used=1197Kb free=118802Kb
 bounds [0x000001b747360000, 0x000001b7475d0000, 0x000001b74e890000]
CodeHeap 'non-nmethods': size=5760Kb used=1631Kb max_used=1646Kb free=4128Kb
 bounds [0x000001b74e890000, 0x000001b74eb00000, 0x000001b74ee30000]
 total_blobs=1808 nmethods=736 adapters=985
 compilation: enabled
              stopped_count=0, restarted_count=0
 full_count=0

Compilation events (20 events):
Event: 0.679 Thread 0x000001b75dbd3d70  726   !   3       sun.nio.ch.NativeThreadSet::remove (50 bytes)
Event: 0.679 Thread 0x000001b75dbd3d70 nmethod 726 0x000001b747486810 code [0x000001b7474869c0, 0x000001b747486ca8]
Event: 0.679 Thread 0x000001b75dbd3d70  727       3       java.nio.MappedByteBuffer::limit (6 bytes)
Event: 0.679 Thread 0x000001b75dbd3d70 nmethod 727 0x000001b747486e10 code [0x000001b747486fc0, 0x000001b7474871c8]
Event: 0.679 Thread 0x000001b75dbd3d70  728       3       java.io.InputStream::read (9 bytes)
Event: 0.679 Thread 0x000001b75dbd3d70 nmethod 728 0x000001b747487310 code [0x000001b7474874c0, 0x000001b7474876a8]
Event: 0.679 Thread 0x000001b75dbd3d70  729  s    3       sun.nio.ch.ChannelInputStream::read (77 bytes)
Event: 0.679 Thread 0x000001b75dbd3d70 nmethod 729 0x000001b747487790 code [0x000001b7474879c0, 0x000001b7474882a8]
Event: 0.679 Thread 0x000001b75dbd3d70  730       3       sun.nio.ch.ChannelInputStream::read (10 bytes)
Event: 0.679 Thread 0x000001b75dbd3d70 nmethod 730 0x000001b747488590 code [0x000001b747488720, 0x000001b747488868]
Event: 0.681 Thread 0x000001b75dbd3d70  731       3       jdk.internal.jimage.BasicImageReader::getLocationIndex (52 bytes)
Event: 0.681 Thread 0x000001b75dbd3d70 nmethod 731 0x000001b747488910 code [0x000001b747488b00, 0x000001b747488f98]
Event: 0.681 Thread 0x000001b75dbd3d70  733       3       jdk.internal.jimage.ImageLocation::verify (218 bytes)
Event: 0.682 Thread 0x000001b75dbd3d70 nmethod 733 0x000001b747489210 code [0x000001b7474894c0, 0x000001b74748a258]
Event: 0.682 Thread 0x000001b75dbd3d70  732       3       jdk.internal.jimage.ImageStringsReader::hashCode (8 bytes)
Event: 0.682 Thread 0x000001b75dbd3d70 nmethod 732 0x000001b74748a790 code [0x000001b74748a940, 0x000001b74748aaf8]
Event: 0.682 Thread 0x000001b75dbd3d70  734       3       jdk.internal.jimage.BasicImageReader::verifyLocation (39 bytes)
Event: 0.682 Thread 0x000001b75dbd3d70 nmethod 734 0x000001b74748ac10 code [0x000001b74748ade0, 0x000001b74748b0a8]
Event: 0.682 Thread 0x000001b75dbd3d70  735       3       java.io.RandomAccessFile::seek (22 bytes)
Event: 0.682 Thread 0x000001b75dbd3d70 nmethod 735 0x000001b74748b210 code [0x000001b74748b3c0, 0x000001b74748b5f8]

GC Heap History (0 events):
No events

Dll operation events (10 events):
Event: 0.008 Loaded shared library C:\Program Files\Amazon Corretto\jdk17.0.6_10\bin\java.dll
Event: 0.016 Loaded shared library C:\Program Files\Amazon Corretto\jdk17.0.6_10\bin\jsvml.dll
Event: 0.061 Loaded shared library C:\Program Files\Amazon Corretto\jdk17.0.6_10\bin\net.dll
Event: 0.063 Loaded shared library C:\Program Files\Amazon Corretto\jdk17.0.6_10\bin\nio.dll
Event: 0.067 Loaded shared library C:\Program Files\Amazon Corretto\jdk17.0.6_10\bin\zip.dll
Event: 0.130 Loaded shared library C:\Program Files\Amazon Corretto\jdk17.0.6_10\bin\jimage.dll
Event: 0.159 Loaded shared library C:\Users\Aanil\AppData\Local\Temp\lwjgl_Aanil\3.3.3+5\x64\lwjgl.dll
Event: 0.534 Loaded shared library C:\Users\Aanil\AppData\Local\Temp\lwjgl_Aanil\3.3.3+5\x64\lwjgl_opengl.dll
Event: 0.654 Loaded shared library C:\Program Files\Amazon Corretto\jdk17.0.6_10\bin\awt.dll
Event: 0.680 Loaded shared library C:\Users\Aanil\AppData\Local\Temp\lwjgl_Aanil\3.3.3+5\x64\lwjgl_nanovg.dll

Deoptimization events (20 events):
Event: 0.546 Thread 0x000001b73f86b060 DEOPT PACKING pc=0x000001b7473ed64a sp=0x0000006c1dafe050
Event: 0.546 Thread 0x000001b73f86b060 DEOPT UNPACKING pc=0x000001b74e8e7143 sp=0x0000006c1dafd4c8 mode 0
Event: 0.546 Thread 0x000001b73f86b060 DEOPT PACKING pc=0x000001b7473ed759 sp=0x0000006c1dafe050
Event: 0.546 Thread 0x000001b73f86b060 DEOPT UNPACKING pc=0x000001b74e8e7143 sp=0x0000006c1dafd4c8 mode 0
Event: 0.546 Thread 0x000001b73f86b060 DEOPT PACKING pc=0x000001b7473ed759 sp=0x0000006c1dafe050
Event: 0.546 Thread 0x000001b73f86b060 DEOPT UNPACKING pc=0x000001b74e8e7143 sp=0x0000006c1dafd4c8 mode 0
Event: 0.546 Thread 0x000001b73f86b060 DEOPT PACKING pc=0x000001b7473ed64a sp=0x0000006c1dafe050
Event: 0.546 Thread 0x000001b73f86b060 DEOPT UNPACKING pc=0x000001b74e8e7143 sp=0x0000006c1dafd4c8 mode 0
Event: 0.546 Thread 0x000001b73f86b060 DEOPT PACKING pc=0x000001b7473ed64a sp=0x0000006c1dafe050
Event: 0.546 Thread 0x000001b73f86b060 DEOPT UNPACKING pc=0x000001b74e8e7143 sp=0x0000006c1dafd4c8 mode 0
Event: 0.546 Thread 0x000001b73f86b060 DEOPT PACKING pc=0x000001b7473ed64a sp=0x0000006c1dafe050
Event: 0.546 Thread 0x000001b73f86b060 DEOPT UNPACKING pc=0x000001b74e8e7143 sp=0x0000006c1dafd4c8 mode 0
Event: 0.546 Thread 0x000001b73f86b060 DEOPT PACKING pc=0x000001b7473ed64a sp=0x0000006c1dafe050
Event: 0.546 Thread 0x000001b73f86b060 DEOPT UNPACKING pc=0x000001b74e8e7143 sp=0x0000006c1dafd4c8 mode 0
Event: 0.547 Thread 0x000001b73f86b060 DEOPT PACKING pc=0x000001b7473ed759 sp=0x0000006c1dafe050
Event: 0.547 Thread 0x000001b73f86b060 DEOPT UNPACKING pc=0x000001b74e8e7143 sp=0x0000006c1dafd4c8 mode 0
Event: 0.556 Thread 0x000001b73f86b060 Uncommon trap: trap_request=0xffffff54 fr.pc=0x000001b74ee5c660 relative=0x0000000000000060
Event: 0.556 Thread 0x000001b73f86b060 Uncommon trap: reason=speculate_null_assert action=make_not_entrant pc=0x000001b74ee5c660 method=sun.misc.Unsafe.putLong(Ljava/lang/Object;JJ)V @ 7 c2
Event: 0.556 Thread 0x000001b73f86b060 DEOPT PACKING pc=0x000001b74ee5c660 sp=0x0000006c1dafed60
Event: 0.556 Thread 0x000001b73f86b060 DEOPT UNPACKING pc=0x000001b74e8e69a3 sp=0x0000006c1dafecd8 mode 2

Classes unloaded (0 events):
No events

Classes redefined (0 events):
No events

Internal exceptions (20 events):
Event: 0.124 Thread 0x000001b73f86b060 Exception <a 'java/lang/NoSuchMethodError'{0x0000000089809950}: 'int java.lang.invoke.DirectMethodHandle$Holder.invokeSpecial(java.lang.Object, java.lang.Object, java.lang.Object)'> (0x0000000089809950) 
thrown [s\src\hotspot\share\interpreter\linkResolver.cpp, line 759]
Event: 0.157 Thread 0x000001b73f86b060 Exception <a 'sun/nio/fs/WindowsException'{0x00000000898f1c48}> (0x00000000898f1c48) 
thrown [s\src\hotspot\share\prims\jni.cpp, line 516]
Event: 0.157 Thread 0x000001b73f86b060 Exception <a 'sun/nio/fs/WindowsException'{0x00000000898f2198}> (0x00000000898f2198) 
thrown [s\src\hotspot\share\prims\jni.cpp, line 516]
Event: 0.203 Thread 0x000001b73f86b060 Exception <a 'java/lang/NoSuchMethodError'{0x00000000897a2430}: 'int java.lang.invoke.DirectMethodHandle$Holder.invokeStaticInit(java.lang.Object, java.lang.Object, int, long)'> (0x00000000897a2430) 
thrown [s\src\hotspot\share\interpreter\linkResolver.cpp, line 759]
Event: 0.203 Thread 0x000001b73f86b060 Exception <a 'java/lang/NoSuchMethodError'{0x00000000897a7cf8}: 'java.lang.Object java.lang.invoke.DirectMethodHandle$Holder.newInvokeSpecial(java.lang.Object, java.lang.Object, int)'> (0x00000000897a7cf8) 
thrown [s\src\hotspot\share\interpreter\linkResolver.cpp, line 759]
Event: 0.206 Thread 0x000001b73f86b060 Exception <a 'java/lang/NoSuchMethodError'{0x00000000897b80d0}: 'int java.lang.invoke.DirectMethodHandle$Holder.invokeStaticInit(java.lang.Object, java.lang.Object, long, long)'> (0x00000000897b80d0) 
thrown [s\src\hotspot\share\interpreter\linkResolver.cpp, line 759]
Event: 0.207 Thread 0x000001b73f86b060 Exception <a 'java/lang/NoSuchMethodError'{0x00000000897be1e0}: 'java.lang.Object java.lang.invoke.DirectMethodHandle$Holder.newInvokeSpecial(java.lang.Object, java.lang.Object, long)'> (0x00000000897be1e0) 
thrown [s\src\hotspot\share\interpreter\linkResolver.cpp, line 759]
Event: 0.208 Thread 0x000001b73f86b060 Exception <a 'java/lang/NoSuchMethodError'{0x00000000897c2228}: 'java.lang.Object java.lang.invoke.Invokers$Holder.linkToTargetMethod(java.lang.Object, long, java.lang.Object)'> (0x00000000897c2228) 
thrown [s\src\hotspot\share\interpreter\linkResolver.cpp, line 759]
Event: 0.209 Thread 0x000001b73f86b060 Exception <a 'java/lang/NoSuchMethodError'{0x00000000897c9940}: 'int java.lang.invoke.DirectMethodHandle$Holder.invokeStaticInit(java.lang.Object, java.lang.Object, java.lang.Object, long)'> (0x00000000897c9940) 
thrown [s\src\hotspot\share\interpreter\linkResolver.cpp, line 759]
Event: 0.239 Thread 0x000001b73f86b060 Exception <a 'sun/nio/fs/WindowsException'{0x0000000089689308}> (0x0000000089689308) 
thrown [s\src\hotspot\share\prims\jni.cpp, line 516]
Event: 0.239 Thread 0x000001b73f86b060 Exception <a 'sun/nio/fs/WindowsException'{0x0000000089689668}> (0x0000000089689668) 
thrown [s\src\hotspot\share\prims\jni.cpp, line 516]
Event: 0.532 Thread 0x000001b73f86b060 Exception <a 'sun/nio/fs/WindowsException'{0x0000000089536750}> (0x0000000089536750) 
thrown [s\src\hotspot\share\prims\jni.cpp, line 516]
Event: 0.532 Thread 0x000001b73f86b060 Exception <a 'sun/nio/fs/WindowsException'{0x0000000089536af0}> (0x0000000089536af0) 
thrown [s\src\hotspot\share\prims\jni.cpp, line 516]
Event: 0.548 Thread 0x000001b73f86b060 Exception <a 'sun/nio/fs/WindowsException'{0x0000000089542918}> (0x0000000089542918) 
thrown [s\src\hotspot\share\prims\jni.cpp, line 516]
Event: 0.548 Thread 0x000001b73f86b060 Exception <a 'sun/nio/fs/WindowsException'{0x0000000089542be8}> (0x0000000089542be8) 
thrown [s\src\hotspot\share\prims\jni.cpp, line 516]
Event: 0.650 Thread 0x000001b73f86b060 Exception <a 'java/lang/ClassNotFoundException'{0x00000000894bbee8}: sun/awt/resources/spi/awtProvider> (0x00000000894bbee8) 
thrown [s\src\hotspot\share\classfile\systemDictionary.cpp, line 256]
Event: 0.663 Thread 0x000001b73f86b060 Exception <a 'java/io/FileNotFoundException'{0x0000000089303f50}> (0x0000000089303f50) 
thrown [s\src\hotspot\share\prims\jni.cpp, line 516]
Event: 0.667 Thread 0x000001b73f86b060 Exception <a 'java/io/FileNotFoundException'{0x0000000089330e58}> (0x0000000089330e58) 
thrown [s\src\hotspot\share\prims\jni.cpp, line 516]
Event: 0.679 Thread 0x000001b73f86b060 Exception <a 'sun/nio/fs/WindowsException'{0x00000000893743f8}> (0x00000000893743f8) 
thrown [s\src\hotspot\share\prims\jni.cpp, line 516]
Event: 0.679 Thread 0x000001b73f86b060 Exception <a 'sun/nio/fs/WindowsException'{0x0000000089374798}> (0x0000000089374798) 
thrown [s\src\hotspot\share\prims\jni.cpp, line 516]

VM Operations (6 events):
Event: 0.068 Executing VM operation: HandshakeAllThreads
Event: 0.068 Executing VM operation: HandshakeAllThreads done
Event: 0.152 Executing VM operation: HandshakeAllThreads
Event: 0.152 Executing VM operation: HandshakeAllThreads done
Event: 0.171 Executing VM operation: HandshakeAllThreads
Event: 0.171 Executing VM operation: HandshakeAllThreads done

Events (20 events):
Event: 0.652 loading class sun/awt/resources/awt_en_GB
Event: 0.652 loading class sun/awt/resources/awt_en_GB done
Event: 0.652 loading class java/awt/Toolkit$2
Event: 0.652 loading class java/awt/Toolkit$2 done
Event: 0.655 loading class java/awt/Toolkit$1
Event: 0.655 loading class java/awt/Toolkit$1 done
Event: 0.667 loading class java/awt/Insets
Event: 0.667 loading class java/awt/Insets done
Event: 0.667 loading class java/awt/GraphicsEnvironment
Event: 0.667 loading class java/awt/GraphicsEnvironment done
Event: 0.668 loading class sun/awt/PlatformGraphicsInfo
Event: 0.668 loading class sun/awt/PlatformGraphicsInfo done
Event: 0.669 loading class java/awt/Rectangle
Event: 0.669 loading class java/awt/Shape
Event: 0.669 loading class java/awt/Shape done
Event: 0.669 loading class java/awt/geom/Rectangle2D
Event: 0.669 loading class java/awt/geom/RectangularShape
Event: 0.669 loading class java/awt/geom/RectangularShape done
Event: 0.669 loading class java/awt/geom/Rectangle2D done
Event: 0.669 loading class java/awt/Rectangle done


Dynamic libraries:
0x00007ff69b420000 - 0x00007ff69b42d000 	C:\Program Files\Amazon Corretto\jdk17.0.6_10\bin\java.exe
0x00007ff9e2c10000 - 0x00007ff9e2e08000 	C:\Windows\SYSTEM32\ntdll.dll
0x00007ff9c1c30000 - 0x00007ff9c1c49000 	C:\Program Files\AVG\Antivirus\aswhook.dll
0x00007ff9e2980000 - 0x00007ff9e2a3d000 	C:\Windows\System32\KERNEL32.DLL
0x00007ff9e0460000 - 0x00007ff9e0756000 	C:\Windows\System32\KERNELBASE.dll
0x00007ff9e02e0000 - 0x00007ff9e03e0000 	C:\Windows\System32\ucrtbase.dll
0x00007ff9ba680000 - 0x00007ff9ba695000 	C:\Program Files\Amazon Corretto\jdk17.0.6_10\bin\VCRUNTIME140.dll
0x00007ff9ba030000 - 0x00007ff9ba047000 	C:\Program Files\Amazon Corretto\jdk17.0.6_10\bin\jli.dll
0x00007ff9e1130000 - 0x00007ff9e12ce000 	C:\Windows\System32\USER32.dll
0x00007ff9e0760000 - 0x00007ff9e0782000 	C:\Windows\System32\win32u.dll
0x00007ff9e15d0000 - 0x00007ff9e15fc000 	C:\Windows\System32\GDI32.dll
0x00007ff9c2f80000 - 0x00007ff9c321a000 	C:\Windows\WinSxS\amd64_microsoft.windows.common-controls_6595b64144ccf1df_6.0.19041.3636_none_60b6a03d71f818d5\COMCTL32.dll
0x00007ff9e0790000 - 0x00007ff9e08aa000 	C:\Windows\System32\gdi32full.dll
0x00007ff9e1510000 - 0x00007ff9e15ae000 	C:\Windows\System32\msvcrt.dll
0x00007ff9e08b0000 - 0x00007ff9e094d000 	C:\Windows\System32\msvcp_win.dll
0x00007ff9e1b60000 - 0x00007ff9e1b90000 	C:\Windows\System32\IMM32.DLL
0x00007ff9a1160000 - 0x00007ff9a11fb000 	C:\Program Files\Amazon Corretto\jdk17.0.6_10\bin\msvcp140.dll
0x00007ff97f400000 - 0x00007ff980018000 	C:\Program Files\Amazon Corretto\jdk17.0.6_10\bin\server\jvm.dll
0x00007ff9e2a40000 - 0x00007ff9e2af3000 	C:\Windows\System32\ADVAPI32.dll
0x00007ff9e1910000 - 0x00007ff9e19af000 	C:\Windows\System32\sechost.dll
0x00007ff9e27d0000 - 0x00007ff9e28f6000 	C:\Windows\System32\RPCRT4.dll
0x00007ff9e0430000 - 0x00007ff9e0457000 	C:\Windows\System32\bcrypt.dll
0x00007ff9bfc30000 - 0x00007ff9bfc39000 	C:\Windows\SYSTEM32\WSOCK32.dll
0x00007ff9d6e70000 - 0x00007ff9d6e7a000 	C:\Windows\SYSTEM32\VERSION.dll
0x00007ff9cb1b0000 - 0x00007ff9cb1d7000 	C:\Windows\SYSTEM32\WINMM.dll
0x00007ff9e1b90000 - 0x00007ff9e1bfb000 	C:\Windows\System32\WS2_32.dll
0x00007ff9deae0000 - 0x00007ff9deaf2000 	C:\Windows\SYSTEM32\kernel.appcore.dll
0x00007ff9ba500000 - 0x00007ff9ba50a000 	C:\Program Files\Amazon Corretto\jdk17.0.6_10\bin\jimage.dll
0x00007ff9de050000 - 0x00007ff9de234000 	C:\Windows\SYSTEM32\DBGHELP.DLL
0x00007ff9d5c20000 - 0x00007ff9d5c54000 	C:\Windows\SYSTEM32\dbgcore.DLL
0x00007ff9e0b20000 - 0x00007ff9e0ba2000 	C:\Windows\System32\bcryptPrimitives.dll
0x00007ff9b9c00000 - 0x00007ff9b9c25000 	C:\Program Files\Amazon Corretto\jdk17.0.6_10\bin\java.dll
0x00007ff998ab0000 - 0x00007ff998b86000 	C:\Program Files\Amazon Corretto\jdk17.0.6_10\bin\jsvml.dll
0x00007ff9e1cc0000 - 0x00007ff9e2405000 	C:\Windows\System32\SHELL32.dll
0x00007ff9de330000 - 0x00007ff9deacb000 	C:\Windows\SYSTEM32\windows.storage.dll
0x00007ff9e2410000 - 0x00007ff9e2764000 	C:\Windows\System32\combase.dll
0x00007ff9dfd10000 - 0x00007ff9dfd3d000 	C:\Windows\SYSTEM32\Wldp.dll
0x00007ff9e1c00000 - 0x00007ff9e1cad000 	C:\Windows\System32\SHCORE.dll
0x00007ff9e13d0000 - 0x00007ff9e1425000 	C:\Windows\System32\shlwapi.dll
0x00007ff9e0210000 - 0x00007ff9e0235000 	C:\Windows\SYSTEM32\profapi.dll
0x00007ff9b9fb0000 - 0x00007ff9b9fc9000 	C:\Program Files\Amazon Corretto\jdk17.0.6_10\bin\net.dll
0x00007ff9d8980000 - 0x00007ff9d8a8a000 	C:\Windows\SYSTEM32\WINHTTP.dll
0x00007ff9dfa50000 - 0x00007ff9dfaba000 	C:\Windows\system32\mswsock.dll
0x00007ff9b99e0000 - 0x00007ff9b99f5000 	C:\Program Files\Amazon Corretto\jdk17.0.6_10\bin\nio.dll
0x00007ff9b96f0000 - 0x00007ff9b9708000 	C:\Program Files\Amazon Corretto\jdk17.0.6_10\bin\zip.dll
0x00007ff9aae70000 - 0x00007ff9aaeeb000 	C:\Users\Aanil\AppData\Local\Temp\lwjgl_Aanil\3.3.3+5\x64\lwjgl.dll
0x00007ff97e9c0000 - 0x00007ff97ea42000 	C:\Users\Aanil\AppData\Local\Temp\lwjgl_Aanil\3.3.3+5\x64\glfw.dll
0x00007ff9b8850000 - 0x00007ff9b8895000 	C:\Windows\SYSTEM32\dinput8.dll
0x00007ff95d510000 - 0x00007ff95d521000 	C:\Windows\SYSTEM32\xinput1_4.dll
0x00007ff9e03e0000 - 0x00007ff9e042e000 	C:\Windows\System32\cfgmgr32.dll
0x00007ff9e0070000 - 0x00007ff9e00a3000 	C:\Windows\SYSTEM32\DEVOBJ.dll
0x00007ff9ddac0000 - 0x00007ff9ddaef000 	C:\Windows\SYSTEM32\dwmapi.dll
0x00007ff9d4ef0000 - 0x00007ff9d5042000 	C:\Windows\SYSTEM32\inputhost.dll
0x00007ff9e2b00000 - 0x00007ff9e2bcd000 	C:\Windows\System32\OLEAUT32.dll
0x00007ff9dd240000 - 0x00007ff9dd332000 	C:\Windows\SYSTEM32\CoreMessaging.dll
0x00007ff9dbb80000 - 0x00007ff9dbcd5000 	C:\Windows\SYSTEM32\wintypes.dll
0x00007ff9dd480000 - 0x00007ff9dd576000 	C:\Windows\SYSTEM32\PROPSYS.dll
0x00007ff9dcb60000 - 0x00007ff9dcebb000 	C:\Windows\SYSTEM32\CoreUIComponents.dll
0x00007ff9df410000 - 0x00007ff9df443000 	C:\Windows\SYSTEM32\ntmarta.dll
0x00007ff9dd8e0000 - 0x00007ff9dd97e000 	C:\Windows\system32\uxtheme.dll
0x00007ff9e1600000 - 0x00007ff9e1714000 	C:\Windows\System32\MSCTF.dll
0x00007ff997270000 - 0x00007ff997395000 	C:\Windows\SYSTEM32\opengl32.dll
0x00007ff9a3400000 - 0x00007ff9a342c000 	C:\Windows\SYSTEM32\GLU32.dll
0x00007ff9e1860000 - 0x00007ff9e1909000 	C:\Windows\System32\clbcatq.dll
0x00007ff922920000 - 0x00007ff926bac000 	C:\Windows\System32\DriverStore\FileRepository\nvlti.inf_amd64_13e554e5b0753033\nvoglv64.dll
0x00007ff9e0c60000 - 0x00007ff9e10ce000 	C:\Windows\System32\SETUPAPI.dll
0x00007ff9e1720000 - 0x00007ff9e184b000 	C:\Windows\System32\ole32.dll
0x00007ff9d9a30000 - 0x00007ff9d9a44000 	C:\Windows\SYSTEM32\WTSAPI32.dll
0x00007ff9dfea0000 - 0x00007ff9dfeb2000 	C:\Windows\SYSTEM32\msasn1.dll
0x00007ff9d6dc0000 - 0x00007ff9d6df1000 	C:\Windows\SYSTEM32\cryptnet.dll
0x00007ff9e0950000 - 0x00007ff9e0aad000 	C:\Windows\System32\CRYPT32.dll
0x00007ff9d6c10000 - 0x00007ff9d6d58000 	C:\Windows\SYSTEM32\drvstore.dll
0x00007ff9dfc60000 - 0x00007ff9dfc6c000 	C:\Windows\SYSTEM32\cryptbase.dll
0x00007ff9e0ab0000 - 0x00007ff9e0b17000 	C:\Windows\System32\WINTRUST.dll
0x00007ff9d13d0000 - 0x00007ff9d140b000 	C:\Windows\SYSTEM32\dxcore.dll
0x00007ff981c50000 - 0x00007ff981f21000 	C:\Windows\system32\nvspcap64.dll
0x00007ff9df800000 - 0x00007ff9df84b000 	C:\Windows\SYSTEM32\powrprof.dll
0x00007ff9df6c0000 - 0x00007ff9df6d2000 	C:\Windows\SYSTEM32\UMPDC.dll
0x00007ff9def80000 - 0x00007ff9defdb000 	C:\Windows\SYSTEM32\WINSTA.dll
0x00007ff9d5050000 - 0x00007ff9d5149000 	C:\Windows\SYSTEM32\textinputframework.dll
0x00007ff992c80000 - 0x00007ff992cde000 	C:\Users\Aanil\AppData\Local\Temp\lwjgl_Aanil\3.3.3+5\x64\lwjgl_opengl.dll
0x00007ff97d7e0000 - 0x00007ff97d988000 	C:\Program Files\Amazon Corretto\jdk17.0.6_10\bin\awt.dll
0x00007ff9dd5e0000 - 0x00007ff9dd670000 	C:\Windows\SYSTEM32\apphelp.dll
0x00007ff97dae0000 - 0x00007ff97db73000 	C:\Users\Aanil\AppData\Local\Temp\lwjgl_Aanil\3.3.3+5\x64\lwjgl_nanovg.dll

dbghelp: loaded successfully - version: 4.0.5 - missing functions: none
symbol engine: initialized successfully - sym options: 0x614 - pdb path: .;C:\Program Files\Amazon Corretto\jdk17.0.6_10\bin;C:\Windows\SYSTEM32;C:\Program Files\AVG\Antivirus;C:\Windows\WinSxS\amd64_microsoft.windows.common-controls_6595b64144ccf1df_6.0.19041.3636_none_60b6a03d71f818d5;C:\Program Files\Amazon Corretto\jdk17.0.6_10\bin\server;C:\Users\Aanil\AppData\Local\Temp\lwjgl_Aanil\3.3.3+5\x64;C:\Windows\System32\DriverStore\FileRepository\nvlti.inf_amd64_13e554e5b0753033

VM Arguments:
jvm_args: -Dfile.encoding=windows-1252 -Duser.country=GB -Duser.language=en -Duser.variant 
java_command: Shapes
java_class_path (initial): E:\Java\Brick\build\classes\java\test;E:\Java\Brick\build\resources\test;E:\Java\Brick\build\classes\java\main;E:\Java\Brick\build\resources\main;C:\Users\Aanil\.gradle\caches\modules-2\files-2.1\org.projectlombok\lombok\1.18.28\a2ff5da8bcd8b1b26f36b806ced63213362c6dcc\lombok-1.18.28.jar;C:\Users\Aanil\.gradle\caches\modules-2\files-2.1\com.github.Wolfsurge\NVGU\1.2\77e8e63fe45399b15961c33e0972fa75fd15578d\NVGU-1.2.jar;C:\Users\Aanil\.gradle\caches\modules-2\files-2.1\org.jetbrains\annotations\24.0.0\69b8b443c437fdeefa8d20c18d257b94836a92b9\annotations-24.0.0.jar;C:\Users\Aanil\.gradle\caches\modules-2\files-2.1\org.lwjgl\lwjgl-glfw\3.3.3\efa1eb78c5ccd840e9f329717109b5e892d72f8e\lwjgl-glfw-3.3.3.jar;C:\Users\Aanil\.gradle\caches\modules-2\files-2.1\org.lwjgl\lwjgl-glfw\3.3.3\e449e28b4891fc423c54c85fbc5bb0b9efece67a\lwjgl-glfw-3.3.3-natives-windows.jar;C:\Users\Aanil\.gradle\caches\modules-2\files-2.1\org.lwjgl\lwjgl-nanovg\3.3.3\37f0b9fc142948c3b2c6cd563db7233b14b9640c\lwjgl-nanovg-3.3.3.jar;C:\Users\Aanil\.gradle\caches\modules-2\files-2.1\org.lwjgl\lwjgl-nanovg\3.3.3\ccfbc346c4ce0737b7fe758d6337a3741af2f256\lwjgl-nanovg-3.3.3-natives-windows.jar;C:\Users\Aanil\.gradle\caches\modules-2\files-2.1\org.lwjgl\lwjgl-opengl\3.3.3\2f6b0147078396a58979125a4c947664e98293a\lwjgl-opengl-3.3.3.jar;C:\Users\Aanil\.gradle\caches\modules-2\files-2.1\org.lwjgl\lwjgl-opengl\3.3.3\e6c1eec8be8a71951b830a4d69efc01c6531900c\lwjgl-opengl-3.3.3-natives-windows.jar;C:\Users\Aanil\.gradle\caches\modules-2\files-2.1\org.lwjgl\lwjgl\3.3.3\29589b5f87ed335a6c7e7ee6a5775f81f97ecb84\lwjgl-3.3.3.jar;C:\Users\Aanil\.gradle\caches\modules-2\files-2.1\org.lwjgl\lwjgl\3.3.3\a5ed18a2b82fc91b81f40d717cb1f64c9dcb0540\lwjgl-3.3.3-natives-windows.jar;C:\Users\Aanil\.gradle\caches\modules-2\files-2.1\com.github.zhogoshi\animations\4.0\7ff6975936ed95bd2ad09e75b6ddfe4e545b7a\animations-4.0.jar
Launcher Type: SUN_STANDARD

[Global flags]
     intx CICompilerCount                          = 4                                         {product} {ergonomic}
     uint ConcGCThreads                            = 2                                         {product} {ergonomic}
     uint G1ConcRefinementThreads                  = 8                                         {product} {ergonomic}
   size_t G1HeapRegionSize                         = 1048576                                   {product} {ergonomic}
    uintx GCDrainStackTargetSize                   = 64                                        {product} {ergonomic}
   size_t InitialHeapSize                          = 134217728                                 {product} {ergonomic}
   size_t MarkStackSize                            = 4194304                                   {product} {ergonomic}
   size_t MaxHeapSize                              = 2118123520                                {product} {ergonomic}
   size_t MaxNewSize                               = 1270874112                                {product} {ergonomic}
   size_t MinHeapDeltaBytes                        = 1048576                                   {product} {ergonomic}
   size_t MinHeapSize                              = 8388608                                   {product} {ergonomic}
    uintx NonNMethodCodeHeapSize                   = 5839372                                {pd product} {ergonomic}
    uintx NonProfiledCodeHeapSize                  = 122909434                              {pd product} {ergonomic}
    uintx ProfiledCodeHeapSize                     = 122909434                              {pd product} {ergonomic}
    uintx ReservedCodeCacheSize                    = 251658240                              {pd product} {ergonomic}
     bool SegmentedCodeCache                       = true                                      {product} {ergonomic}
   size_t SoftMaxHeapSize                          = 2118123520                             {manageable} {ergonomic}
     bool UseCompressedClassPointers               = true                           {product lp64_product} {ergonomic}
     bool UseCompressedOops                        = true                           {product lp64_product} {ergonomic}
     bool UseG1GC                                  = true                                      {product} {ergonomic}
     bool UseLargePagesIndividualAllocation        = false                                  {pd product} {ergonomic}

Logging:
Log output configuration:
 #0: stdout all=warning uptime,level,tags
 #1: stderr all=off uptime,level,tags

Environment Variables:
JAVA_HOME=C:\Program Files\Amazon Corretto\jdk17.0.6_10
PATH=c:\devkitPro\msys2\usr\bin;C:\Program Files\Alacritty\;C:\Program Files (x86)\Common Files\Intel\Shared Libraries\redist\intel64\compiler;C:\Program Files\Amazon Corretto\jdk17.0.6_10\bin;C:\Program Files\Eclipse Adoptium\jdk-8.0.362.9-hotspot\bin;C:\Windows\system32;C:\Windows;C:\Windows\System32\Wbem;C:\Windows\System32\WindowsPowerShell\v1.0\;C:\Windows\System32\OpenSSH\;C:\Program Files\Git\cmd;C:\Program Files\NVIDIA Corporation\NVIDIA NvDLISR;C:\Program Files\dotnet\;C:\Program Files\nodejs\;C:\ProgramData\chocolatey\bin;C:\Users\Aanil\scoop;C:\Users\Aanil;C:\Program Files (x86)\NVIDIA Corporation\PhysX\Common;C:\Program Files\FBI Installer\fbi_installer.exe;C:\mingw64\bin;C:\Users\Aanil\.aftman\bin;C:\Users\Aanil\Documents\v;C:\Users\Aanil\.config\v-analyzer\bin\;C:\Program Files\Go\bin;C:\Program Files\upx;C:\Users\Aanil\Documents\v\.bin;C:\Users\Aanil\AppData\Local\pnpm;C:\Python311\Scripts;C:\Python311;C:\Users\Aanil\scoop\shims;C:\Users\Aanil\.cargo\bin;C:\Users\Aanil\AppData\Local\Programs\Python\Python311\Scripts;C:\Users\Aanil\AppData\Local\Programs\Python\Python311;C:\Users\Aanil\AppData\Local\Microsoft\WindowsApps;C:\Users\Aanil\AppData\Local\Programs\Microsoft VS Code\bin;C:\Users\Aanil\AppData\Local\JetBrains\IntelliJ IDEA Community Edition 2022.3.3\bin;C:\Users\Aanil\.dotnet\tools;C:\Users\Aanil\go\bin;C:\msys64\mingw64\bin;C:\Users\Aanil\AppData\Local\spicetify;C:\Users\Aanil\AppData\Roaming\npm;C:\Users\Aanil\AppData\Local\GitHubDesktop\bin;C:\tools\neovim\nvim-win64\bin;C:\Users\Aanil\AppData\Local\Programs\oh-my-posh\bin;C:\Users\Aanil\scoop;C:\Users\Aanil\.dotnet\tools;C:\Program Files\FBI Installer\fbi_installer.exe;C:\mingw64\bin;C:\Users\Aanil\.aftman\bin;C:\Users\Aanil\Documents\v;C:\Users\Aanil\.config\v-analyzer\bin\;C:\Users\Aanil\.openbin\bin;C:\Users\Aanil\.openbin\bin;C:\Users\Aanil\.openbin\bin;C:\Users\Aanil\.openbin\bin;C:\Users\Aanil\.openbin\bin;C:\Users\Aanil\.openbin\bin;C:\Users\Aanil\.openbin\bin;C:\Users\Aanil\AppData\Lo
USERNAME=Aanil
OS=Windows_NT
PROCESSOR_IDENTIFIER=Intel64 Family 6 Model 158 Stepping 10, GenuineIntel
TMP=C:\Users\Aanil\AppData\Local\Temp
TEMP=C:\Users\Aanil\AppData\Local\Temp



---------------  S Y S T E M  ---------------

OS:
 Windows 10 , 64 bit Build 19041 (10.0.19041.3636)
OS uptime: 0 days 4:39 hours
Hyper-V role detected

CPU: total 8 (initial active 8) (4 cores per cpu, 2 threads per core) family 6 model 158 stepping 10 microcode 0xc6, cx8, cmov, fxsr, ht, mmx, 3dnowpref, sse, sse2, sse3, ssse3, sse4.1, sse4.2, popcnt, lzcnt, tsc, tscinvbit, avx, avx2, aes, erms, clmul, bmi1, bmi2, adx, fma, vzeroupper, clflush, clflushopt, hv

Memory: 4k page, system-wide physical 8072M (960M free)
TotalPageFile size 25630M (AvailPageFile size 5850M)
current process WorkingSet (physical memory assigned to process): 90M, peak: 90M
current process commit charge ("private bytes"): 264M, peak: 264M

vm_info: OpenJDK 64-Bit Server VM (17.0.6+10-LTS) for windows-amd64 JRE (17.0.6+10-LTS), built on Jan 13 2023 22:57:04 by "Administrator" with MS VC++ 15.9 (VS2017)

END.
