#
# A fatal error has been detected by the Java Runtime Environment:
#
#  EXCEPTION_ACCESS_VIOLATION (0xc0000005) at pc=0x00007ff97db155e4, pid=4948, tid=22788
#
# JRE version: OpenJDK Runtime Environment Corretto-17.0.6.10.1 (17.0.6+10) (build 17.0.6+10-LTS)
# Java VM: OpenJDK 64-Bit Server VM Corretto-17.0.6.10.1 (17.0.6+10-LTS, mixed mode, sharing, tiered, compressed oops, compressed class ptrs, g1 gc, windows-amd64)
# Problematic frame:
# C  [lwjgl_nanovg.dll+0x355e4]
#
# No core dump will be written. Minidumps are not enabled by default on client versions of Windows
#
# If you would like to submit a bug report, please visit:
#   https://github.com/corretto/corretto-17/issues/
# The crash happened outside the Java Virtual Machine in native code.
# See problematic frame for where to report the bug.
#

---------------  S U M M A R Y ------------

Command Line: -Dfile.encoding=windows-1252 -Duser.country=GB -Duser.language=en -Duser.variant Shapes

Host: Intel(R) Core(TM) i5-9300H CPU @ 2.40GHz, 8 cores, 7G,  Windows 10 , 64 bit Build 19041 (10.0.19041.3636)
Time: Wed Jan 17 21:43:54 2024 GMT Standard Time elapsed time: 0.704309 seconds (0d 0h 0m 0s)

---------------  T H R E A D  ---------------

Current thread (0x000001d709c9a820):  JavaThread "main" [_thread_in_native, id=22788, stack(0x00000029d5600000,0x00000029d5700000)]

Stack: [0x00000029d5600000,0x00000029d5700000],  sp=0x00000029d56ff0d0,  free space=1020k
Native frames: (J=compiled Java code, j=interpreted, Vv=VM code, C=native code)
C  [lwjgl_nanovg.dll+0x355e4]

Java frames: (J=compiled Java code, j=interpreted, Vv=VM code)
j  org.lwjgl.nanovg.NanoVG.nnvgBeginFrame(JFFF)V+0
j  org.lwjgl.nanovg.NanoVG.nvgBeginFrame(JFFF)V+16
j  org.nvgu.NVGU.beginFrame(II)Lorg/nvgu/NVGU;+9
j  org.nvgu.NVGU.frame(IILjava/lang/Runnable;)Lorg/nvgu/NVGU;+3
j  Shapes.lambda$main$1(Lorg/nvgu/NVGU;Lcc/grng/brick/Brick;)V+18
j  Shapes$$Lambda$2+0x0000000800c02220.run()V+8
j  Window.loop(Ljava/lang/Runnable;Ljava/lang/Runnable;)V+34
j  Window.run(Ljava/lang/Runnable;Ljava/lang/Runnable;)V+7
j  Shapes.main([Ljava/lang/String;)V+46
v  ~StubRoutines::call_stub

siginfo: EXCEPTION_ACCESS_VIOLATION (0xc0000005), writing address 0x0000000000002287


Register to memory mapping:

RIP=0x00007ff97db155e4 lwjgl_nanovg.dll
RAX=0x00007ff97db155d0 lwjgl_nanovg.dll
RBX={method} {0x000001d7289c9cd8} 'nnvgBeginFrame' '(JFFF)V' in 'org/lwjgl/nanovg/NanoVG'
RCX=0xffffffffffffffff is an unknown value
RDX=0x00000029d56ff1b0 is pointing into the stack for thread: 0x000001d709c9a820
RSP=0x00000029d56ff0d0 is pointing into the stack for thread: 0x000001d709c9a820
RBP=0x00000029d56ff1a0 is pointing into the stack for thread: 0x000001d709c9a820
RSI=0x0000000000000110 is an unknown value
RDI=0x0 is NULL
R8 =0xffffffffffffffff is an unknown value
R9 =0x0000000000000002 is an unknown value
R10=0x000001d718ccd5f2 is at code_begin+946 in an Interpreter codelet
method entry point (kind = native)  [0x000001d718ccd240, 0x000001d718ccdbc0]  2432 bytes
R11=0x000000008935d140 is an oop: java.lang.Class 
{0x000000008935d140} - klass: 'java/lang/Class'
 - ---- fields (total size 40 words):
 - private volatile transient 'classRedefinedCount' 'I' @12  0
 - private volatile transient 'cachedConstructor' 'Ljava/lang/reflect/Constructor;' @40  NULL (0)
 - private transient 'name' 'Ljava/lang/String;' @44  "org.lwjgl.nanovg.NanoVG"{0x000000008935d290} (8935d290)
 - private transient 'module' 'Ljava/lang/Module;' @48  a 'java/lang/Module'{0x0000000089b663b0} (89b663b0)
 - private final 'classLoader' 'Ljava/lang/ClassLoader;' @52  a 'jdk/internal/loader/ClassLoaders$AppClassLoader'{0x0000000089b661f0} (89b661f0)
 - private transient 'classData' 'Ljava/lang/Object;' @56  NULL (0)
 - private transient 'packageName' 'Ljava/lang/String;' @60  "org.lwjgl.nanovg"{0x0000000089339008} (89339008)
 - private final 'componentType' 'Ljava/lang/Class;' @64  NULL (0)
 - private volatile transient 'reflectionData' 'Ljava/lang/ref/SoftReference;' @68  NULL (0)
 - private volatile transient 'genericInfo' 'Lsun/reflect/generics/repository/ClassRepository;' @72  NULL (0)
 - private volatile transient 'enumConstants' '[Ljava/lang/Object;' @76  NULL (0)
 - private volatile transient 'enumConstantDirectory' 'Ljava/util/Map;' @80  NULL (0)
 - private volatile transient 'annotationData' 'Ljava/lang/Class$AnnotationData;' @84  NULL (0)
 - private volatile transient 'annotationType' 'Lsun/reflect/annotation/AnnotationType;' @88  NULL (0)
 - transient 'classValueMap' 'Ljava/lang/ClassValue$ClassValueMap;' @92  NULL (0)
 - signature: Lorg/lwjgl/nanovg/NanoVG;
 - fake entry for mirror: 'org/lwjgl/nanovg/NanoVG'
 - fake entry for array: NULL
 - fake entry for oop_size: 40
 - fake entry for static_oop_field_count: 0
 - public static final 'NVG_PI' 'F' @136  3.141593 (40490fdb)
 - public static final 'NVG_CCW' 'I' @140  1
 - public static final 'NVG_CW' 'I' @144  2
 - public static final 'NVG_SOLID' 'I' @148  1
 - public static final 'NVG_HOLE' 'I' @152  2
 - public static final 'NVG_BUTT' 'I' @156  0
 - public static final 'NVG_ROUND' 'I' @160  1
 - public static final 'NVG_SQUARE' 'I' @164  2
 - public static final 'NVG_BEVEL' 'I' @168  3
 - public static final 'NVG_MITER' 'I' @172  4
 - public static final 'NVG_ALIGN_LEFT' 'I' @176  1
 - public static final 'NVG_ALIGN_CENTER' 'I' @180  2
 - public static final 'NVG_ALIGN_RIGHT' 'I' @184  4
 - public static final 'NVG_ALIGN_TOP' 'I' @188  8
 - public static final 'NVG_ALIGN_MIDDLE' 'I' @192  16 (10)
 - public static final 'NVG_ALIGN_BOTTOM' 'I' @196  32 (20)
 - public static final 'NVG_ALIGN_BASELINE' 'I' @200  64 (40)
 - public static final 'NVG_ZERO' 'I' @204  1
 - public static final 'NVG_ONE' 'I' @208  2
 - public static final 'NVG_SRC_COLOR' 'I' @212  4
 - public static final 'NVG_ONE_MINUS_SRC_COLOR' 'I' @216  8
 - public static final 'NVG_DST_COLOR' 'I' @220  16 (10)
 - public static final 'NVG_ONE_MINUS_DST_COLOR' 'I' @224  32 (20)
 - public static final 'NVG_SRC_ALPHA' 'I' @228  64 (40)
 - public static final 'NVG_ONE_MINUS_SRC_ALPHA' 'I' @232  128 (80)
 - public static final 'NVG_DST_ALPHA' 'I' @236  256 (100)
 - public static final 'NVG_ONE_MINUS_DST_ALPHA' 'I' @240  512 (200)
 - public static final 'NVG_SRC_ALPHA_SATURATE' 'I' @244  1024 (400)
 - public static final 'NVG_SOURCE_OVER' 'I' @248  0
 - public static final 'NVG_SOURCE_IN' 'I' @252  1
 - public static final 'NVG_SOURCE_OUT' 'I' @256  2
 - public static final 'NVG_ATOP' 'I' @260  3
 - public static final 'NVG_DESTINATION_OVER' 'I' @264  4
 - public static final 'NVG_DESTINATION_IN' 'I' @268  5
 - public static final 'NVG_DESTINATION_OUT' 'I' @272  6
 - public static final 'NVG_DESTINATION_ATOP' 'I' @276  7
 - public static final 'NVG_LIGHTER' 'I' @280  8
 - public static final 'NVG_COPY' 'I' @284  9
 - public static final 'NVG_XOR' 'I' @288  10 (a)
 - public static final 'NVG_IMAGE_GENERATE_MIPMAPS' 'I' @292  1
 - public static final 'NVG_IMAGE_REPEATX' 'I' @296  2
 - public static final 'NVG_IMAGE_REPEATY' 'I' @300  4
 - public static final 'NVG_IMAGE_FLIPY' 'I' @304  8
 - public static final 'NVG_IMAGE_PREMULTIPLIED' 'I' @308  16 (10)
 - public static final 'NVG_IMAGE_NEAREST' 'I' @312  32 (20)
 - static final 'nvgCreateInternal' 'J' @112  140709532328768 (7db0e340 7ff9)
 - static final 'nvgInternalParams' 'J' @120  140709532329376 (7db0e5a0 7ff9)
 - static final 'nvgDeleteInternal' 'J' @128  140709532329392 (7db0e5b0 7ff9)
R12=0x0 is NULL
R13=0x000001d7289bbfe8 is pointing into metadata
R14=0x00000029d56ff1e0 is pointing into the stack for thread: 0x000001d709c9a820
R15=0x000001d709c9a820 is a thread


Registers:
RAX=0x00007ff97db155d0, RBX=0x000001d7289c9cd0, RCX=0xffffffffffffffff, RDX=0x00000029d56ff1b0
RSP=0x00000029d56ff0d0, RBP=0x00000029d56ff1a0, RSI=0x0000000000000110, RDI=0x0000000000000000
R8 =0xffffffffffffffff, R9 =0x0000000000000002, R10=0x000001d718ccd5f2, R11=0x000000008935d140
R12=0x0000000000000000, R13=0x000001d7289bbfe8, R14=0x00000029d56ff1e0, R15=0x000001d709c9a820
RIP=0x00007ff97db155e4, EFLAGS=0x0000000000010246

Top of Stack: (sp=0x00000029d56ff0d0)
0x00000029d56ff0d0:   00000000000002f0 000001d718ccd48e
0x00000029d56ff0e0:   000001d7289c9cd0 000001d7289c9cd0
0x00000029d56ff0f0:   0000000000000000 0000000000000000
0x00000029d56ff100:   00000000000002f0 000001d718ccd621
0x00000029d56ff110:   000001d7289c9cd0 00007ff97fa02f47
0x00000029d56ff120:   00000000000002f0 000001d718ccd352
0x00000029d56ff130:   000001d744160000 000000003f800000
0x00000029d56ff140:   000001d718cc94fe 00007ff97f9fc5a7
0x00000029d56ff150:   000001d718ccd2f6 00000029d56ff158
0x00000029d56ff160:   000001d7289bbfe8 00000029d56ff1e0
0x00000029d56ff170:   000001d7289d6a28 0000000000000000
0x00000029d56ff180:   000000008935d140 000001d7289c9cd0
0x00000029d56ff190:   0000000000000000 00000029d56ff1c0
0x00000029d56ff1a0:   00000029d56ff230 000001d718cc94fe
0x00000029d56ff1b0:   000000008935d140 000001d718ccaf78
0x00000029d56ff1c0:   000000293f800000 000001d744160000 

Instructions: (pc=0x00007ff97db155e4)
0x00007ff97db154e4:   c8 74 50 00 00 85 c0 0f 88 8a 00 00 00 41 3b 40
0x00007ff97db154f4:   74 0f 8d 80 00 00 00 f3 43 0f 10 84 c8 7c 50 00
0x00007ff97db15504:   00 48 8b c8 49 8b 40 60 f3 0f 10 1d 40 88 03 00
0x00007ff97db15514:   f3 0f 59 c3 48 8b 14 c8 f3 0f 2c c0 48 83 ba e0
0x00007ff97db15524:   00 00 00 00 74 51 98 48 85 f6 74 17 66 0f 6e c0
0x00007ff97db15534:   0f 5b c0 f3 0f 59 82 f0 00 00 00 f3 0f 5e c3 f3
0x00007ff97db15544:   0f 11 06 66 0f 6e c8 0f 5b c9 48 85 ff 74 13 0f
0x00007ff97db15554:   28 c1 f3 0f 59 82 f4 00 00 00 f3 0f 5e c3 f3 0f
0x00007ff97db15564:   11 07 48 85 db 74 10 f3 0f 59 8a f8 00 00 00 f3
0x00007ff97db15574:   0f 5e cb f3 0f 11 0b 48 85 f6 74 0b 0f 28 c2 f3
0x00007ff97db15584:   0f 59 06 f3 0f 11 06 48 85 ff 74 0b 0f 28 c2 f3
0x00007ff97db15594:   0f 59 07 f3 0f 11 07 48 85 db 74 08 f3 0f 59 13
0x00007ff97db155a4:   f3 0f 11 13 48 8b 5c 24 30 48 8b 6c 24 38 48 8b
0x00007ff97db155b4:   74 24 40 48 8b 7c 24 48 48 83 c4 20 41 5e c3 cc
0x00007ff97db155c4:   cc cc cc cc cc cc cc cc cc cc cc cc 48 89 5c 24
0x00007ff97db155d4:   08 57 48 83 ec 30 33 ff 0f 29 74 24 20 49 8b c8
0x00007ff97db155e4:   41 89 b8 88 22 00 00 0f 28 f3 49 8b d8 e8 ea 94
0x00007ff97db155f4:   ff ff e8 95 95 ff ff f3 0f 10 5c 24 68 f3 0f 10
0x00007ff97db15604:   05 67 86 03 00 f3 0f 10 0d 93 86 03 00 f3 0f 10
0x00007ff97db15614:   54 24 60 48 8b 0b f3 0f 5e c3 f3 0f 5e cb f3 0f
0x00007ff97db15624:   11 83 98 22 00 00 f3 0f 10 05 1e 86 03 00 f3 0f
0x00007ff97db15634:   5e c3 f3 0f 11 8b a0 22 00 00 0f 28 ce f3 0f 11
0x00007ff97db15644:   83 9c 22 00 00 f3 0f 11 9b a4 22 00 00 ff 53 38
0x00007ff97db15654:   0f 28 74 24 20 48 89 bb c4 22 00 00 48 89 bb cc
0x00007ff97db15664:   22 00 00 48 8b 5c 24 40 48 83 c4 30 5f c3 cc cc
0x00007ff97db15674:   cc cc cc cc cc cc cc cc cc cc cc cc 49 8b 08 49
0x00007ff97db15684:   ff 60 40 cc cc cc cc cc cc cc cc cc 40 53 48 83
0x00007ff97db15694:   ec 60 49 8b 08 49 8b d8 41 ff 50 48 48 63 83 c0
0x00007ff97db156a4:   22 00 00 85 c0 0f 84 0f 01 00 00 4c 89 6c 24 40
0x00007ff97db156b4:   44 8b ac 83 b0 22 00 00 c7 84 83 b0 22 00 00 00
0x00007ff97db156c4:   00 00 00 45 85 ed 0f 84 e9 00 00 00 48 8b 0b 4c
0x00007ff97db156d4:   8d 4c 24 20 48 89 6c 24 70 4c 8d 84 24 80 00 00 


Stack slot to memory mapping:
stack at sp + 0 slots: 0x00000000000002f0 is an unknown value
stack at sp + 1 slots: 0x000001d718ccd48e is at code_begin+590 in an Interpreter codelet
method entry point (kind = native)  [0x000001d718ccd240, 0x000001d718ccdbc0]  2432 bytes
stack at sp + 2 slots: {method} {0x000001d7289c9cd8} 'nnvgBeginFrame' '(JFFF)V' in 'org/lwjgl/nanovg/NanoVG'
stack at sp + 3 slots: {method} {0x000001d7289c9cd8} 'nnvgBeginFrame' '(JFFF)V' in 'org/lwjgl/nanovg/NanoVG'
stack at sp + 4 slots: 0x0 is NULL
stack at sp + 5 slots: 0x0 is NULL
stack at sp + 6 slots: 0x00000000000002f0 is an unknown value
stack at sp + 7 slots: 0x000001d718ccd621 is at code_begin+993 in an Interpreter codelet
method entry point (kind = native)  [0x000001d718ccd240, 0x000001d718ccdbc0]  2432 bytes


---------------  P R O C E S S  ---------------

Threads class SMR info:
_java_thread_list=0x000001d72d38b530, length=13, elements={
0x000001d709c9a820, 0x000001d727fe16e0, 0x000001d727fe2550, 0x000001d727ff60e0,
0x000001d727ff8e60, 0x000001d727ffa820, 0x000001d727ffc1e0, 0x000001d7280003c0,
0x000001d728008e70, 0x000001d728009860, 0x000001d728cdee50, 0x000001d728d01dd0,
0x000001d72d3eef40
}

Java Threads: ( => current thread )
=>0x000001d709c9a820 JavaThread "main" [_thread_in_native, id=22788, stack(0x00000029d5600000,0x00000029d5700000)]
  0x000001d727fe16e0 JavaThread "Reference Handler" daemon [_thread_blocked, id=8036, stack(0x00000029d5d00000,0x00000029d5e00000)]
  0x000001d727fe2550 JavaThread "Finalizer" daemon [_thread_blocked, id=2916, stack(0x00000029d5e00000,0x00000029d5f00000)]
  0x000001d727ff60e0 JavaThread "Signal Dispatcher" daemon [_thread_blocked, id=2820, stack(0x00000029d5f00000,0x00000029d6000000)]
  0x000001d727ff8e60 JavaThread "Attach Listener" daemon [_thread_blocked, id=10320, stack(0x00000029d6000000,0x00000029d6100000)]
  0x000001d727ffa820 JavaThread "Service Thread" daemon [_thread_blocked, id=22692, stack(0x00000029d6100000,0x00000029d6200000)]
  0x000001d727ffc1e0 JavaThread "Monitor Deflation Thread" daemon [_thread_blocked, id=20332, stack(0x00000029d6200000,0x00000029d6300000)]
  0x000001d7280003c0 JavaThread "C2 CompilerThread0" daemon [_thread_blocked, id=4872, stack(0x00000029d6300000,0x00000029d6400000)]
  0x000001d728008e70 JavaThread "C1 CompilerThread0" daemon [_thread_blocked, id=19476, stack(0x00000029d6400000,0x00000029d6500000)]
  0x000001d728009860 JavaThread "Sweeper thread" daemon [_thread_blocked, id=10396, stack(0x00000029d6500000,0x00000029d6600000)]
  0x000001d728cdee50 JavaThread "Notification Thread" daemon [_thread_blocked, id=5468, stack(0x00000029d6600000,0x00000029d6700000)]
  0x000001d728d01dd0 JavaThread "Common-Cleaner" daemon [_thread_blocked, id=23292, stack(0x00000029d6800000,0x00000029d6900000)]
  0x000001d72d3eef40 JavaThread "C2 CompilerThread1" daemon [_thread_blocked, id=22312, stack(0x00000029d6900000,0x00000029d6a00000)]

Other Threads:
  0x000001d727fdaae0 VMThread "VM Thread" [stack: 0x00000029d5c00000,0x00000029d5d00000] [id=10540]
  0x000001d709d0c1e0 WatcherThread [stack: 0x00000029d6700000,0x00000029d6800000] [id=2768]
  0x000001d709cf46b0 GCTaskThread "GC Thread#0" [stack: 0x00000029d5700000,0x00000029d5800000] [id=21084]
  0x000001d709d05270 ConcurrentGCThread "G1 Main Marker" [stack: 0x00000029d5800000,0x00000029d5900000] [id=5196]
  0x000001d709d06420 ConcurrentGCThread "G1 Conc#0" [stack: 0x00000029d5900000,0x00000029d5a00000] [id=22644]
  0x000001d727e920c0 ConcurrentGCThread "G1 Refine#0" [stack: 0x00000029d5a00000,0x00000029d5b00000] [id=17928]
  0x000001d727e92ae0 ConcurrentGCThread "G1 Service" [stack: 0x00000029d5b00000,0x00000029d5c00000] [id=16092]

Threads with active compile tasks:

VM state: not at safepoint (normal execution)

VM Mutex/Monitor currently owned by a thread: None

Heap address: 0x0000000081c00000, size: 2020 MB, Compressed Oops mode: 32-bit

CDS archive(s) mapped at: [0x0000000800000000-0x0000000800bc0000-0x0000000800bc0000), size 12320768, SharedBaseAddress: 0x0000000800000000, ArchiveRelocationMode: 0.
Compressed class space mapped at: 0x0000000800c00000-0x0000000840c00000, reserved size: 1073741824
Narrow klass base: 0x0000000800000000, Narrow klass shift: 0, Narrow klass range: 0x100000000

GC Precious Log:
 CPUs: 8 total, 8 available
 Memory: 8072M
 Large Page Support: Disabled
 NUMA Support: Disabled
 Compressed Oops: Enabled (32-bit)
 Heap Region Size: 1M
 Heap Min Capacity: 8M
 Heap Initial Capacity: 128M
 Heap Max Capacity: 2020M
 Pre-touch: Disabled
 Parallel Workers: 8
 Concurrent Workers: 2
 Concurrent Refinement Workers: 8
 Periodic GC: Disabled

Heap:
 garbage-first heap   total 131072K, used 8192K [0x0000000081c00000, 0x0000000100000000)
  region size 1024K, 9 young (9216K), 0 survivors (0K)
 Metaspace       used 3840K, committed 4096K, reserved 1056768K
  class space    used 251K, committed 384K, reserved 1048576K

Heap Regions: E=young(eden), S=young(survivor), O=old, HS=humongous(starts), HC=humongous(continues), CS=collection set, F=free, OA=open archive, CA=closed archive, TAMS=top-at-mark-start (previous, next)
|   0|0x0000000081c00000, 0x0000000081c00000, 0x0000000081d00000|  0%| F|  |TAMS 0x0000000081c00000, 0x0000000081c00000| Untracked 
|   1|0x0000000081d00000, 0x0000000081d00000, 0x0000000081e00000|  0%| F|  |TAMS 0x0000000081d00000, 0x0000000081d00000| Untracked 
|   2|0x0000000081e00000, 0x0000000081e00000, 0x0000000081f00000|  0%| F|  |TAMS 0x0000000081e00000, 0x0000000081e00000| Untracked 
|   3|0x0000000081f00000, 0x0000000081f00000, 0x0000000082000000|  0%| F|  |TAMS 0x0000000081f00000, 0x0000000081f00000| Untracked 
|   4|0x0000000082000000, 0x0000000082000000, 0x0000000082100000|  0%| F|  |TAMS 0x0000000082000000, 0x0000000082000000| Untracked 
|   5|0x0000000082100000, 0x0000000082100000, 0x0000000082200000|  0%| F|  |TAMS 0x0000000082100000, 0x0000000082100000| Untracked 
|   6|0x0000000082200000, 0x0000000082200000, 0x0000000082300000|  0%| F|  |TAMS 0x0000000082200000, 0x0000000082200000| Untracked 
|   7|0x0000000082300000, 0x0000000082300000, 0x0000000082400000|  0%| F|  |TAMS 0x0000000082300000, 0x0000000082300000| Untracked 
|   8|0x0000000082400000, 0x0000000082400000, 0x0000000082500000|  0%| F|  |TAMS 0x0000000082400000, 0x0000000082400000| Untracked 
|   9|0x0000000082500000, 0x0000000082500000, 0x0000000082600000|  0%| F|  |TAMS 0x0000000082500000, 0x0000000082500000| Untracked 
|  10|0x0000000082600000, 0x0000000082600000, 0x0000000082700000|  0%| F|  |TAMS 0x0000000082600000, 0x0000000082600000| Untracked 
|  11|0x0000000082700000, 0x0000000082700000, 0x0000000082800000|  0%| F|  |TAMS 0x0000000082700000, 0x0000000082700000| Untracked 
|  12|0x0000000082800000, 0x0000000082800000, 0x0000000082900000|  0%| F|  |TAMS 0x0000000082800000, 0x0000000082800000| Untracked 
|  13|0x0000000082900000, 0x0000000082900000, 0x0000000082a00000|  0%| F|  |TAMS 0x0000000082900000, 0x0000000082900000| Untracked 
|  14|0x0000000082a00000, 0x0000000082a00000, 0x0000000082b00000|  0%| F|  |TAMS 0x0000000082a00000, 0x0000000082a00000| Untracked 
|  15|0x0000000082b00000, 0x0000000082b00000, 0x0000000082c00000|  0%| F|  |TAMS 0x0000000082b00000, 0x0000000082b00000| Untracked 
|  16|0x0000000082c00000, 0x0000000082c00000, 0x0000000082d00000|  0%| F|  |TAMS 0x0000000082c00000, 0x0000000082c00000| Untracked 
|  17|0x0000000082d00000, 0x0000000082d00000, 0x0000000082e00000|  0%| F|  |TAMS 0x0000000082d00000, 0x0000000082d00000| Untracked 
|  18|0x0000000082e00000, 0x0000000082e00000, 0x0000000082f00000|  0%| F|  |TAMS 0x0000000082e00000, 0x0000000082e00000| Untracked 
|  19|0x0000000082f00000, 0x0000000082f00000, 0x0000000083000000|  0%| F|  |TAMS 0x0000000082f00000, 0x0000000082f00000| Untracked 
|  20|0x0000000083000000, 0x0000000083000000, 0x0000000083100000|  0%| F|  |TAMS 0x0000000083000000, 0x0000000083000000| Untracked 
|  21|0x0000000083100000, 0x0000000083100000, 0x0000000083200000|  0%| F|  |TAMS 0x0000000083100000, 0x0000000083100000| Untracked 
|  22|0x0000000083200000, 0x0000000083200000, 0x0000000083300000|  0%| F|  |TAMS 0x0000000083200000, 0x0000000083200000| Untracked 
|  23|0x0000000083300000, 0x0000000083300000, 0x0000000083400000|  0%| F|  |TAMS 0x0000000083300000, 0x0000000083300000| Untracked 
|  24|0x0000000083400000, 0x0000000083400000, 0x0000000083500000|  0%| F|  |TAMS 0x0000000083400000, 0x0000000083400000| Untracked 
|  25|0x0000000083500000, 0x0000000083500000, 0x0000000083600000|  0%| F|  |TAMS 0x0000000083500000, 0x0000000083500000| Untracked 
|  26|0x0000000083600000, 0x0000000083600000, 0x0000000083700000|  0%| F|  |TAMS 0x0000000083600000, 0x0000000083600000| Untracked 
|  27|0x0000000083700000, 0x0000000083700000, 0x0000000083800000|  0%| F|  |TAMS 0x0000000083700000, 0x0000000083700000| Untracked 
|  28|0x0000000083800000, 0x0000000083800000, 0x0000000083900000|  0%| F|  |TAMS 0x0000000083800000, 0x0000000083800000| Untracked 
|  29|0x0000000083900000, 0x0000000083900000, 0x0000000083a00000|  0%| F|  |TAMS 0x0000000083900000, 0x0000000083900000| Untracked 
|  30|0x0000000083a00000, 0x0000000083a00000, 0x0000000083b00000|  0%| F|  |TAMS 0x0000000083a00000, 0x0000000083a00000| Untracked 
|  31|0x0000000083b00000, 0x0000000083b00000, 0x0000000083c00000|  0%| F|  |TAMS 0x0000000083b00000, 0x0000000083b00000| Untracked 
|  32|0x0000000083c00000, 0x0000000083c00000, 0x0000000083d00000|  0%| F|  |TAMS 0x0000000083c00000, 0x0000000083c00000| Untracked 
|  33|0x0000000083d00000, 0x0000000083d00000, 0x0000000083e00000|  0%| F|  |TAMS 0x0000000083d00000, 0x0000000083d00000| Untracked 
|  34|0x0000000083e00000, 0x0000000083e00000, 0x0000000083f00000|  0%| F|  |TAMS 0x0000000083e00000, 0x0000000083e00000| Untracked 
|  35|0x0000000083f00000, 0x0000000083f00000, 0x0000000084000000|  0%| F|  |TAMS 0x0000000083f00000, 0x0000000083f00000| Untracked 
|  36|0x0000000084000000, 0x0000000084000000, 0x0000000084100000|  0%| F|  |TAMS 0x0000000084000000, 0x0000000084000000| Untracked 
|  37|0x0000000084100000, 0x0000000084100000, 0x0000000084200000|  0%| F|  |TAMS 0x0000000084100000, 0x0000000084100000| Untracked 
|  38|0x0000000084200000, 0x0000000084200000, 0x0000000084300000|  0%| F|  |TAMS 0x0000000084200000, 0x0000000084200000| Untracked 
|  39|0x0000000084300000, 0x0000000084300000, 0x0000000084400000|  0%| F|  |TAMS 0x0000000084300000, 0x0000000084300000| Untracked 
|  40|0x0000000084400000, 0x0000000084400000, 0x0000000084500000|  0%| F|  |TAMS 0x0000000084400000, 0x0000000084400000| Untracked 
|  41|0x0000000084500000, 0x0000000084500000, 0x0000000084600000|  0%| F|  |TAMS 0x0000000084500000, 0x0000000084500000| Untracked 
|  42|0x0000000084600000, 0x0000000084600000, 0x0000000084700000|  0%| F|  |TAMS 0x0000000084600000, 0x0000000084600000| Untracked 
|  43|0x0000000084700000, 0x0000000084700000, 0x0000000084800000|  0%| F|  |TAMS 0x0000000084700000, 0x0000000084700000| Untracked 
|  44|0x0000000084800000, 0x0000000084800000, 0x0000000084900000|  0%| F|  |TAMS 0x0000000084800000, 0x0000000084800000| Untracked 
|  45|0x0000000084900000, 0x0000000084900000, 0x0000000084a00000|  0%| F|  |TAMS 0x0000000084900000, 0x0000000084900000| Untracked 
|  46|0x0000000084a00000, 0x0000000084a00000, 0x0000000084b00000|  0%| F|  |TAMS 0x0000000084a00000, 0x0000000084a00000| Untracked 
|  47|0x0000000084b00000, 0x0000000084b00000, 0x0000000084c00000|  0%| F|  |TAMS 0x0000000084b00000, 0x0000000084b00000| Untracked 
|  48|0x0000000084c00000, 0x0000000084c00000, 0x0000000084d00000|  0%| F|  |TAMS 0x0000000084c00000, 0x0000000084c00000| Untracked 
|  49|0x0000000084d00000, 0x0000000084d00000, 0x0000000084e00000|  0%| F|  |TAMS 0x0000000084d00000, 0x0000000084d00000| Untracked 
|  50|0x0000000084e00000, 0x0000000084e00000, 0x0000000084f00000|  0%| F|  |TAMS 0x0000000084e00000, 0x0000000084e00000| Untracked 
|  51|0x0000000084f00000, 0x0000000084f00000, 0x0000000085000000|  0%| F|  |TAMS 0x0000000084f00000, 0x0000000084f00000| Untracked 
|  52|0x0000000085000000, 0x0000000085000000, 0x0000000085100000|  0%| F|  |TAMS 0x0000000085000000, 0x0000000085000000| Untracked 
|  53|0x0000000085100000, 0x0000000085100000, 0x0000000085200000|  0%| F|  |TAMS 0x0000000085100000, 0x0000000085100000| Untracked 
|  54|0x0000000085200000, 0x0000000085200000, 0x0000000085300000|  0%| F|  |TAMS 0x0000000085200000, 0x0000000085200000| Untracked 
|  55|0x0000000085300000, 0x0000000085300000, 0x0000000085400000|  0%| F|  |TAMS 0x0000000085300000, 0x0000000085300000| Untracked 
|  56|0x0000000085400000, 0x0000000085400000, 0x0000000085500000|  0%| F|  |TAMS 0x0000000085400000, 0x0000000085400000| Untracked 
|  57|0x0000000085500000, 0x0000000085500000, 0x0000000085600000|  0%| F|  |TAMS 0x0000000085500000, 0x0000000085500000| Untracked 
|  58|0x0000000085600000, 0x0000000085600000, 0x0000000085700000|  0%| F|  |TAMS 0x0000000085600000, 0x0000000085600000| Untracked 
|  59|0x0000000085700000, 0x0000000085700000, 0x0000000085800000|  0%| F|  |TAMS 0x0000000085700000, 0x0000000085700000| Untracked 
|  60|0x0000000085800000, 0x0000000085800000, 0x0000000085900000|  0%| F|  |TAMS 0x0000000085800000, 0x0000000085800000| Untracked 
|  61|0x0000000085900000, 0x0000000085900000, 0x0000000085a00000|  0%| F|  |TAMS 0x0000000085900000, 0x0000000085900000| Untracked 
|  62|0x0000000085a00000, 0x0000000085a00000, 0x0000000085b00000|  0%| F|  |TAMS 0x0000000085a00000, 0x0000000085a00000| Untracked 
|  63|0x0000000085b00000, 0x0000000085b00000, 0x0000000085c00000|  0%| F|  |TAMS 0x0000000085b00000, 0x0000000085b00000| Untracked 
|  64|0x0000000085c00000, 0x0000000085c00000, 0x0000000085d00000|  0%| F|  |TAMS 0x0000000085c00000, 0x0000000085c00000| Untracked 
|  65|0x0000000085d00000, 0x0000000085d00000, 0x0000000085e00000|  0%| F|  |TAMS 0x0000000085d00000, 0x0000000085d00000| Untracked 
|  66|0x0000000085e00000, 0x0000000085e00000, 0x0000000085f00000|  0%| F|  |TAMS 0x0000000085e00000, 0x0000000085e00000| Untracked 
|  67|0x0000000085f00000, 0x0000000085f00000, 0x0000000086000000|  0%| F|  |TAMS 0x0000000085f00000, 0x0000000085f00000| Untracked 
|  68|0x0000000086000000, 0x0000000086000000, 0x0000000086100000|  0%| F|  |TAMS 0x0000000086000000, 0x0000000086000000| Untracked 
|  69|0x0000000086100000, 0x0000000086100000, 0x0000000086200000|  0%| F|  |TAMS 0x0000000086100000, 0x0000000086100000| Untracked 
|  70|0x0000000086200000, 0x0000000086200000, 0x0000000086300000|  0%| F|  |TAMS 0x0000000086200000, 0x0000000086200000| Untracked 
|  71|0x0000000086300000, 0x0000000086300000, 0x0000000086400000|  0%| F|  |TAMS 0x0000000086300000, 0x0000000086300000| Untracked 
|  72|0x0000000086400000, 0x0000000086400000, 0x0000000086500000|  0%| F|  |TAMS 0x0000000086400000, 0x0000000086400000| Untracked 
|  73|0x0000000086500000, 0x0000000086500000, 0x0000000086600000|  0%| F|  |TAMS 0x0000000086500000, 0x0000000086500000| Untracked 
|  74|0x0000000086600000, 0x0000000086600000, 0x0000000086700000|  0%| F|  |TAMS 0x0000000086600000, 0x0000000086600000| Untracked 
|  75|0x0000000086700000, 0x0000000086700000, 0x0000000086800000|  0%| F|  |TAMS 0x0000000086700000, 0x0000000086700000| Untracked 
|  76|0x0000000086800000, 0x0000000086800000, 0x0000000086900000|  0%| F|  |TAMS 0x0000000086800000, 0x0000000086800000| Untracked 
|  77|0x0000000086900000, 0x0000000086900000, 0x0000000086a00000|  0%| F|  |TAMS 0x0000000086900000, 0x0000000086900000| Untracked 
|  78|0x0000000086a00000, 0x0000000086a00000, 0x0000000086b00000|  0%| F|  |TAMS 0x0000000086a00000, 0x0000000086a00000| Untracked 
|  79|0x0000000086b00000, 0x0000000086b00000, 0x0000000086c00000|  0%| F|  |TAMS 0x0000000086b00000, 0x0000000086b00000| Untracked 
|  80|0x0000000086c00000, 0x0000000086c00000, 0x0000000086d00000|  0%| F|  |TAMS 0x0000000086c00000, 0x0000000086c00000| Untracked 
|  81|0x0000000086d00000, 0x0000000086d00000, 0x0000000086e00000|  0%| F|  |TAMS 0x0000000086d00000, 0x0000000086d00000| Untracked 
|  82|0x0000000086e00000, 0x0000000086e00000, 0x0000000086f00000|  0%| F|  |TAMS 0x0000000086e00000, 0x0000000086e00000| Untracked 
|  83|0x0000000086f00000, 0x0000000086f00000, 0x0000000087000000|  0%| F|  |TAMS 0x0000000086f00000, 0x0000000086f00000| Untracked 
|  84|0x0000000087000000, 0x0000000087000000, 0x0000000087100000|  0%| F|  |TAMS 0x0000000087000000, 0x0000000087000000| Untracked 
|  85|0x0000000087100000, 0x0000000087100000, 0x0000000087200000|  0%| F|  |TAMS 0x0000000087100000, 0x0000000087100000| Untracked 
|  86|0x0000000087200000, 0x0000000087200000, 0x0000000087300000|  0%| F|  |TAMS 0x0000000087200000, 0x0000000087200000| Untracked 
|  87|0x0000000087300000, 0x0000000087300000, 0x0000000087400000|  0%| F|  |TAMS 0x0000000087300000, 0x0000000087300000| Untracked 
|  88|0x0000000087400000, 0x0000000087400000, 0x0000000087500000|  0%| F|  |TAMS 0x0000000087400000, 0x0000000087400000| Untracked 
|  89|0x0000000087500000, 0x0000000087500000, 0x0000000087600000|  0%| F|  |TAMS 0x0000000087500000, 0x0000000087500000| Untracked 
|  90|0x0000000087600000, 0x0000000087600000, 0x0000000087700000|  0%| F|  |TAMS 0x0000000087600000, 0x0000000087600000| Untracked 
|  91|0x0000000087700000, 0x0000000087700000, 0x0000000087800000|  0%| F|  |TAMS 0x0000000087700000, 0x0000000087700000| Untracked 
|  92|0x0000000087800000, 0x0000000087800000, 0x0000000087900000|  0%| F|  |TAMS 0x0000000087800000, 0x0000000087800000| Untracked 
|  93|0x0000000087900000, 0x0000000087900000, 0x0000000087a00000|  0%| F|  |TAMS 0x0000000087900000, 0x0000000087900000| Untracked 
|  94|0x0000000087a00000, 0x0000000087a00000, 0x0000000087b00000|  0%| F|  |TAMS 0x0000000087a00000, 0x0000000087a00000| Untracked 
|  95|0x0000000087b00000, 0x0000000087b00000, 0x0000000087c00000|  0%| F|  |TAMS 0x0000000087b00000, 0x0000000087b00000| Untracked 
|  96|0x0000000087c00000, 0x0000000087c00000, 0x0000000087d00000|  0%| F|  |TAMS 0x0000000087c00000, 0x0000000087c00000| Untracked 
|  97|0x0000000087d00000, 0x0000000087d00000, 0x0000000087e00000|  0%| F|  |TAMS 0x0000000087d00000, 0x0000000087d00000| Untracked 
|  98|0x0000000087e00000, 0x0000000087e00000, 0x0000000087f00000|  0%| F|  |TAMS 0x0000000087e00000, 0x0000000087e00000| Untracked 
|  99|0x0000000087f00000, 0x0000000087f00000, 0x0000000088000000|  0%| F|  |TAMS 0x0000000087f00000, 0x0000000087f00000| Untracked 
| 100|0x0000000088000000, 0x0000000088000000, 0x0000000088100000|  0%| F|  |TAMS 0x0000000088000000, 0x0000000088000000| Untracked 
| 101|0x0000000088100000, 0x0000000088100000, 0x0000000088200000|  0%| F|  |TAMS 0x0000000088100000, 0x0000000088100000| Untracked 
| 102|0x0000000088200000, 0x0000000088200000, 0x0000000088300000|  0%| F|  |TAMS 0x0000000088200000, 0x0000000088200000| Untracked 
| 103|0x0000000088300000, 0x0000000088300000, 0x0000000088400000|  0%| F|  |TAMS 0x0000000088300000, 0x0000000088300000| Untracked 
| 104|0x0000000088400000, 0x0000000088400000, 0x0000000088500000|  0%| F|  |TAMS 0x0000000088400000, 0x0000000088400000| Untracked 
| 105|0x0000000088500000, 0x0000000088500000, 0x0000000088600000|  0%| F|  |TAMS 0x0000000088500000, 0x0000000088500000| Untracked 
| 106|0x0000000088600000, 0x0000000088600000, 0x0000000088700000|  0%| F|  |TAMS 0x0000000088600000, 0x0000000088600000| Untracked 
| 107|0x0000000088700000, 0x0000000088700000, 0x0000000088800000|  0%| F|  |TAMS 0x0000000088700000, 0x0000000088700000| Untracked 
| 108|0x0000000088800000, 0x0000000088800000, 0x0000000088900000|  0%| F|  |TAMS 0x0000000088800000, 0x0000000088800000| Untracked 
| 109|0x0000000088900000, 0x0000000088900000, 0x0000000088a00000|  0%| F|  |TAMS 0x0000000088900000, 0x0000000088900000| Untracked 
| 110|0x0000000088a00000, 0x0000000088a00000, 0x0000000088b00000|  0%| F|  |TAMS 0x0000000088a00000, 0x0000000088a00000| Untracked 
| 111|0x0000000088b00000, 0x0000000088b00000, 0x0000000088c00000|  0%| F|  |TAMS 0x0000000088b00000, 0x0000000088b00000| Untracked 
| 112|0x0000000088c00000, 0x0000000088c00000, 0x0000000088d00000|  0%| F|  |TAMS 0x0000000088c00000, 0x0000000088c00000| Untracked 
| 113|0x0000000088d00000, 0x0000000088d00000, 0x0000000088e00000|  0%| F|  |TAMS 0x0000000088d00000, 0x0000000088d00000| Untracked 
| 114|0x0000000088e00000, 0x0000000088e00000, 0x0000000088f00000|  0%| F|  |TAMS 0x0000000088e00000, 0x0000000088e00000| Untracked 
| 115|0x0000000088f00000, 0x0000000088f00000, 0x0000000089000000|  0%| F|  |TAMS 0x0000000088f00000, 0x0000000088f00000| Untracked 
| 116|0x0000000089000000, 0x0000000089000000, 0x0000000089100000|  0%| F|  |TAMS 0x0000000089000000, 0x0000000089000000| Untracked 
| 117|0x0000000089100000, 0x0000000089100000, 0x0000000089200000|  0%| F|  |TAMS 0x0000000089100000, 0x0000000089100000| Untracked 
| 118|0x0000000089200000, 0x0000000089200000, 0x0000000089300000|  0%| F|  |TAMS 0x0000000089200000, 0x0000000089200000| Untracked 
| 119|0x0000000089300000, 0x00000000893ec0a8, 0x0000000089400000| 92%| E|  |TAMS 0x0000000089300000, 0x0000000089300000| Complete 
| 120|0x0000000089400000, 0x0000000089500000, 0x0000000089500000|100%| E|CS|TAMS 0x0000000089400000, 0x0000000089400000| Complete 
| 121|0x0000000089500000, 0x0000000089600000, 0x0000000089600000|100%| E|CS|TAMS 0x0000000089500000, 0x0000000089500000| Complete 
| 122|0x0000000089600000, 0x0000000089700000, 0x0000000089700000|100%| E|CS|TAMS 0x0000000089600000, 0x0000000089600000| Complete 
| 123|0x0000000089700000, 0x0000000089800000, 0x0000000089800000|100%| E|CS|TAMS 0x0000000089700000, 0x0000000089700000| Complete 
| 124|0x0000000089800000, 0x0000000089900000, 0x0000000089900000|100%| E|CS|TAMS 0x0000000089800000, 0x0000000089800000| Complete 
| 125|0x0000000089900000, 0x0000000089a00000, 0x0000000089a00000|100%| E|CS|TAMS 0x0000000089900000, 0x0000000089900000| Complete 
| 126|0x0000000089a00000, 0x0000000089b00000, 0x0000000089b00000|100%| E|CS|TAMS 0x0000000089a00000, 0x0000000089a00000| Complete 
| 127|0x0000000089b00000, 0x0000000089c00000, 0x0000000089c00000|100%| E|CS|TAMS 0x0000000089b00000, 0x0000000089b00000| Complete 

Card table byte_map: [0x000001d720ec0000,0x000001d7212c0000] _byte_map_base: 0x000001d720ab2000

Marking Bits (Prev, Next): (CMBitMap*) 0x000001d709cf4cc0, (CMBitMap*) 0x000001d709cf4d00
 Prev Bits: [0x000001d7216c0000, 0x000001d723650000)
 Next Bits: [0x000001d723650000, 0x000001d7255e0000)

Polling page: 0x000001d707c50000

Metaspace:

Usage:
  Non-class:      3.50 MB used.
      Class:    251.36 KB used.
       Both:      3.75 MB used.

Virtual space:
  Non-class space:        8.00 MB reserved,       3.63 MB ( 45%) committed,  1 nodes.
      Class space:        1.00 GB reserved,     384.00 KB ( <1%) committed,  1 nodes.
             Both:        1.01 GB reserved,       4.00 MB ( <1%) committed. 

Chunk freelists:
   Non-Class:  2.14 MB
       Class:  3.62 MB
        Both:  5.76 MB

MaxMetaspaceSize: unlimited
CompressedClassSpaceSize: 1.00 GB
Initial GC threshold: 21.00 MB
Current GC threshold: 21.00 MB
CDS: on
MetaspaceReclaimPolicy: balanced
 - commit_granule_bytes: 65536.
 - commit_granule_words: 8192.
 - virtual_space_node_default_size: 1048576.
 - enlarge_chunks_in_place: 1.
 - new_chunks_are_fully_committed: 0.
 - uncommit_free_chunks: 1.
 - use_allocation_guard: 0.
 - handle_deallocations: 1.


Internal statistics:

num_allocs_failed_limit: 0.
num_arena_births: 110.
num_arena_deaths: 0.
num_vsnodes_births: 2.
num_vsnodes_deaths: 0.
num_space_committed: 62.
num_space_uncommitted: 0.
num_chunks_returned_to_freelist: 0.
num_chunks_taken_from_freelist: 202.
num_chunk_merges: 0.
num_chunk_splits: 130.
num_chunks_enlarged: 84.
num_purges: 0.
num_inconsistent_stats: 0.

CodeHeap 'non-profiled nmethods': size=120000Kb used=231Kb max_used=231Kb free=119769Kb
 bounds [0x000001d719260000, 0x000001d7194d0000, 0x000001d720790000]
CodeHeap 'profiled nmethods': size=120000Kb used=1207Kb max_used=1207Kb free=118792Kb
 bounds [0x000001d711790000, 0x000001d711a00000, 0x000001d718cc0000]
CodeHeap 'non-nmethods': size=5760Kb used=1630Kb max_used=1645Kb free=4129Kb
 bounds [0x000001d718cc0000, 0x000001d718f30000, 0x000001d719260000]
 total_blobs=1806 nmethods=734 adapters=985
 compilation: enabled
              stopped_count=0, restarted_count=0
 full_count=0

Compilation events (20 events):
Event: 0.677 Thread 0x000001d728008e70  724   !   3       sun.nio.ch.NativeThreadSet::add (155 bytes)
Event: 0.677 Thread 0x000001d728008e70 nmethod 724 0x000001d7118b8b10 code [0x000001d7118b8ce0, 0x000001d7118b92e8]
Event: 0.677 Thread 0x000001d728008e70  725   !   3       sun.nio.ch.NativeThreadSet::remove (50 bytes)
Event: 0.677 Thread 0x000001d728008e70 nmethod 725 0x000001d7118b9590 code [0x000001d7118b9740, 0x000001d7118b9a28]
Event: 0.677 Thread 0x000001d728008e70  726       3       java.nio.MappedByteBuffer::limit (6 bytes)
Event: 0.677 Thread 0x000001d728008e70 nmethod 726 0x000001d7118b9b90 code [0x000001d7118b9d40, 0x000001d7118b9f48]
Event: 0.677 Thread 0x000001d728008e70  727       3       java.io.InputStream::read (9 bytes)
Event: 0.677 Thread 0x000001d728008e70 nmethod 727 0x000001d7118ba090 code [0x000001d7118ba240, 0x000001d7118ba428]
Event: 0.677 Thread 0x000001d728008e70  728  s    3       sun.nio.ch.ChannelInputStream::read (77 bytes)
Event: 0.678 Thread 0x000001d728008e70 nmethod 728 0x000001d7118ba510 code [0x000001d7118ba740, 0x000001d7118bb028]
Event: 0.678 Thread 0x000001d728008e70  729       3       sun.nio.ch.ChannelInputStream::read (10 bytes)
Event: 0.678 Thread 0x000001d728008e70 nmethod 729 0x000001d7118bb310 code [0x000001d7118bb4a0, 0x000001d7118bb5e8]
Event: 0.679 Thread 0x000001d728008e70  730       3       jdk.internal.jimage.BasicImageReader::getLocationIndex (52 bytes)
Event: 0.679 Thread 0x000001d728008e70 nmethod 730 0x000001d7118bb690 code [0x000001d7118bb880, 0x000001d7118bbd18]
Event: 0.679 Thread 0x000001d728008e70  732       3       jdk.internal.jimage.ImageLocation::verify (218 bytes)
Event: 0.680 Thread 0x000001d728008e70 nmethod 732 0x000001d7118bbf90 code [0x000001d7118bc240, 0x000001d7118bcfd8]
Event: 0.680 Thread 0x000001d728008e70  731       3       jdk.internal.jimage.ImageStringsReader::hashCode (8 bytes)
Event: 0.680 Thread 0x000001d728008e70 nmethod 731 0x000001d7118bd510 code [0x000001d7118bd6c0, 0x000001d7118bd878]
Event: 0.680 Thread 0x000001d728008e70  733       3       jdk.internal.jimage.BasicImageReader::verifyLocation (39 bytes)
Event: 0.680 Thread 0x000001d728008e70 nmethod 733 0x000001d7118bd990 code [0x000001d7118bdb60, 0x000001d7118bde28]

GC Heap History (0 events):
No events

Dll operation events (10 events):
Event: 0.008 Loaded shared library C:\Program Files\Amazon Corretto\jdk17.0.6_10\bin\java.dll
Event: 0.017 Loaded shared library C:\Program Files\Amazon Corretto\jdk17.0.6_10\bin\jsvml.dll
Event: 0.061 Loaded shared library C:\Program Files\Amazon Corretto\jdk17.0.6_10\bin\net.dll
Event: 0.063 Loaded shared library C:\Program Files\Amazon Corretto\jdk17.0.6_10\bin\nio.dll
Event: 0.067 Loaded shared library C:\Program Files\Amazon Corretto\jdk17.0.6_10\bin\zip.dll
Event: 0.131 Loaded shared library C:\Program Files\Amazon Corretto\jdk17.0.6_10\bin\jimage.dll
Event: 0.161 Loaded shared library C:\Users\Aanil\AppData\Local\Temp\lwjgl_Aanil\3.3.3+5\x64\lwjgl.dll
Event: 0.547 Loaded shared library C:\Users\Aanil\AppData\Local\Temp\lwjgl_Aanil\3.3.3+5\x64\lwjgl_opengl.dll
Event: 0.654 Loaded shared library C:\Program Files\Amazon Corretto\jdk17.0.6_10\bin\awt.dll
Event: 0.679 Loaded shared library C:\Users\Aanil\AppData\Local\Temp\lwjgl_Aanil\3.3.3+5\x64\lwjgl_nanovg.dll

Deoptimization events (20 events):
Event: 0.558 Thread 0x000001d709c9a820 DEOPT PACKING pc=0x000001d711829b4a sp=0x00000029d56fe2f0
Event: 0.558 Thread 0x000001d709c9a820 DEOPT UNPACKING pc=0x000001d718d17143 sp=0x00000029d56fd768 mode 0
Event: 0.558 Thread 0x000001d709c9a820 DEOPT PACKING pc=0x000001d711829b4a sp=0x00000029d56fe2f0
Event: 0.558 Thread 0x000001d709c9a820 DEOPT UNPACKING pc=0x000001d718d17143 sp=0x00000029d56fd768 mode 0
Event: 0.558 Thread 0x000001d709c9a820 DEOPT PACKING pc=0x000001d711829b4a sp=0x00000029d56fe2f0
Event: 0.558 Thread 0x000001d709c9a820 DEOPT UNPACKING pc=0x000001d718d17143 sp=0x00000029d56fd768 mode 0
Event: 0.558 Thread 0x000001d709c9a820 DEOPT PACKING pc=0x000001d711829be7 sp=0x00000029d56fe2f0
Event: 0.558 Thread 0x000001d709c9a820 DEOPT UNPACKING pc=0x000001d718d17143 sp=0x00000029d56fd768 mode 0
Event: 0.558 Thread 0x000001d709c9a820 DEOPT PACKING pc=0x000001d711829b4a sp=0x00000029d56fe2f0
Event: 0.558 Thread 0x000001d709c9a820 DEOPT UNPACKING pc=0x000001d718d17143 sp=0x00000029d56fd768 mode 0
Event: 0.558 Thread 0x000001d709c9a820 DEOPT PACKING pc=0x000001d711829b4a sp=0x00000029d56fe2f0
Event: 0.558 Thread 0x000001d709c9a820 DEOPT UNPACKING pc=0x000001d718d17143 sp=0x00000029d56fd768 mode 0
Event: 0.558 Thread 0x000001d709c9a820 DEOPT PACKING pc=0x000001d711829b4a sp=0x00000029d56fe2f0
Event: 0.558 Thread 0x000001d709c9a820 DEOPT UNPACKING pc=0x000001d718d17143 sp=0x00000029d56fd768 mode 0
Event: 0.559 Thread 0x000001d709c9a820 DEOPT PACKING pc=0x000001d711829b4a sp=0x00000029d56fe2f0
Event: 0.559 Thread 0x000001d709c9a820 DEOPT UNPACKING pc=0x000001d718d17143 sp=0x00000029d56fd768 mode 0
Event: 0.604 Thread 0x000001d709c9a820 Uncommon trap: trap_request=0xffffff54 fr.pc=0x000001d71928d15c relative=0x000000000000005c
Event: 0.604 Thread 0x000001d709c9a820 Uncommon trap: reason=speculate_null_assert action=make_not_entrant pc=0x000001d71928d15c method=sun.misc.Unsafe.getLong(Ljava/lang/Object;J)J @ 5 c2
Event: 0.604 Thread 0x000001d709c9a820 DEOPT PACKING pc=0x000001d71928d15c sp=0x00000029d56fef50
Event: 0.604 Thread 0x000001d709c9a820 DEOPT UNPACKING pc=0x000001d718d169a3 sp=0x00000029d56feed8 mode 2

Classes unloaded (0 events):
No events

Classes redefined (0 events):
No events

Internal exceptions (20 events):
Event: 0.159 Thread 0x000001d709c9a820 Exception <a 'sun/nio/fs/WindowsException'{0x00000000898efb08}> (0x00000000898efb08) 
thrown [s\src\hotspot\share\prims\jni.cpp, line 516]
Event: 0.159 Thread 0x000001d709c9a820 Exception <a 'sun/nio/fs/WindowsException'{0x00000000898f0058}> (0x00000000898f0058) 
thrown [s\src\hotspot\share\prims\jni.cpp, line 516]
Event: 0.211 Thread 0x000001d709c9a820 Exception <a 'java/lang/NoSuchMethodError'{0x00000000897a0948}: 'int java.lang.invoke.DirectMethodHandle$Holder.invokeStaticInit(java.lang.Object, java.lang.Object, int, long)'> (0x00000000897a0948) 
thrown [s\src\hotspot\share\interpreter\linkResolver.cpp, line 759]
Event: 0.212 Thread 0x000001d709c9a820 Exception <a 'java/lang/NoSuchMethodError'{0x00000000897a6210}: 'java.lang.Object java.lang.invoke.DirectMethodHandle$Holder.newInvokeSpecial(java.lang.Object, java.lang.Object, int)'> (0x00000000897a6210) 
thrown [s\src\hotspot\share\interpreter\linkResolver.cpp, line 759]
Event: 0.216 Thread 0x000001d709c9a820 Exception <a 'java/lang/NoSuchMethodError'{0x00000000897b64f8}: 'int java.lang.invoke.DirectMethodHandle$Holder.invokeStaticInit(java.lang.Object, java.lang.Object, long, long)'> (0x00000000897b64f8) 
thrown [s\src\hotspot\share\interpreter\linkResolver.cpp, line 759]
Event: 0.217 Thread 0x000001d709c9a820 Exception <a 'java/lang/NoSuchMethodError'{0x00000000897bc608}: 'java.lang.Object java.lang.invoke.DirectMethodHandle$Holder.newInvokeSpecial(java.lang.Object, java.lang.Object, long)'> (0x00000000897bc608) 
thrown [s\src\hotspot\share\interpreter\linkResolver.cpp, line 759]
Event: 0.218 Thread 0x000001d709c9a820 Exception <a 'java/lang/NoSuchMethodError'{0x00000000897c0650}: 'java.lang.Object java.lang.invoke.Invokers$Holder.linkToTargetMethod(java.lang.Object, long, java.lang.Object)'> (0x00000000897c0650) 
thrown [s\src\hotspot\share\interpreter\linkResolver.cpp, line 759]
Event: 0.219 Thread 0x000001d709c9a820 Exception <a 'java/lang/NoSuchMethodError'{0x00000000897c7d68}: 'int java.lang.invoke.DirectMethodHandle$Holder.invokeStaticInit(java.lang.Object, java.lang.Object, java.lang.Object, long)'> (0x00000000897c7d68) 
thrown [s\src\hotspot\share\interpreter\linkResolver.cpp, line 759]
Event: 0.250 Thread 0x000001d709c9a820 Exception <a 'sun/nio/fs/WindowsException'{0x0000000089688210}> (0x0000000089688210) 
thrown [s\src\hotspot\share\prims\jni.cpp, line 516]
Event: 0.250 Thread 0x000001d709c9a820 Exception <a 'sun/nio/fs/WindowsException'{0x0000000089688570}> (0x0000000089688570) 
thrown [s\src\hotspot\share\prims\jni.cpp, line 516]
Event: 0.544 Thread 0x000001d709c9a820 Exception <a 'sun/nio/fs/WindowsException'{0x0000000089535ca8}> (0x0000000089535ca8) 
thrown [s\src\hotspot\share\prims\jni.cpp, line 516]
Event: 0.545 Thread 0x000001d709c9a820 Exception <a 'sun/nio/fs/WindowsException'{0x0000000089536048}> (0x0000000089536048) 
thrown [s\src\hotspot\share\prims\jni.cpp, line 516]
Event: 0.560 Thread 0x000001d709c9a820 Exception <a 'sun/nio/fs/WindowsException'{0x0000000089541e70}> (0x0000000089541e70) 
thrown [s\src\hotspot\share\prims\jni.cpp, line 516]
Event: 0.560 Thread 0x000001d709c9a820 Exception <a 'sun/nio/fs/WindowsException'{0x0000000089542140}> (0x0000000089542140) 
thrown [s\src\hotspot\share\prims\jni.cpp, line 516]
Event: 0.650 Thread 0x000001d709c9a820 Exception <a 'java/lang/ClassNotFoundException'{0x00000000894b8050}: sun/awt/resources/spi/awtProvider> (0x00000000894b8050) 
thrown [s\src\hotspot\share\classfile\systemDictionary.cpp, line 256]
Event: 0.661 Thread 0x000001d709c9a820 Exception <a 'java/io/FileNotFoundException'{0x00000000894ffb78}> (0x00000000894ffb78) 
thrown [s\src\hotspot\share\prims\jni.cpp, line 516]
Event: 0.666 Thread 0x000001d709c9a820 Exception <a 'java/io/FileNotFoundException'{0x000000008932cf50}> (0x000000008932cf50) 
thrown [s\src\hotspot\share\prims\jni.cpp, line 516]
Event: 0.668 Thread 0x000001d709c9a820 Exception <a 'java/lang/NoSuchMethodError'{0x0000000089332a20}: 'void java.lang.invoke.DirectMethodHandle$Holder.invokeVirtual(java.lang.Object, java.lang.Object)'> (0x0000000089332a20) 
thrown [s\src\hotspot\share\interpreter\linkResolver.cpp, line 759]
Event: 0.677 Thread 0x000001d709c9a820 Exception <a 'sun/nio/fs/WindowsException'{0x0000000089373bf8}> (0x0000000089373bf8) 
thrown [s\src\hotspot\share\prims\jni.cpp, line 516]
Event: 0.677 Thread 0x000001d709c9a820 Exception <a 'sun/nio/fs/WindowsException'{0x0000000089373f98}> (0x0000000089373f98) 
thrown [s\src\hotspot\share\prims\jni.cpp, line 516]

VM Operations (6 events):
Event: 0.068 Executing VM operation: HandshakeAllThreads
Event: 0.068 Executing VM operation: HandshakeAllThreads done
Event: 0.153 Executing VM operation: HandshakeAllThreads
Event: 0.153 Executing VM operation: HandshakeAllThreads done
Event: 0.174 Executing VM operation: HandshakeAllThreads
Event: 0.174 Executing VM operation: HandshakeAllThreads done

Events (20 events):
Event: 0.651 loading class java/util/ResourceBundle$BundleReference
Event: 0.651 loading class java/util/ResourceBundle$BundleReference done
Event: 0.651 loading class sun/awt/resources/awt_en
Event: 0.651 loading class sun/awt/resources/awt_en done
Event: 0.651 loading class sun/awt/resources/awt_en
Event: 0.651 loading class sun/awt/resources/awt_en done
Event: 0.652 loading class sun/awt/resources/awt_en_GB
Event: 0.652 loading class sun/awt/resources/awt_en_GB done
Event: 0.652 loading class sun/awt/resources/awt_en_GB
Event: 0.652 loading class sun/awt/resources/awt_en_GB done
Event: 0.652 loading class java/awt/Toolkit$2
Event: 0.652 loading class java/awt/Toolkit$2 done
Event: 0.654 loading class java/awt/Toolkit$1
Event: 0.654 loading class java/awt/Toolkit$1 done
Event: 0.666 loading class java/awt/Insets
Event: 0.667 loading class java/awt/Insets done
Event: 0.667 loading class java/awt/GraphicsEnvironment
Event: 0.667 loading class java/awt/GraphicsEnvironment done
Event: 0.667 loading class sun/awt/PlatformGraphicsInfo
Event: 0.667 loading class sun/awt/PlatformGraphicsInfo done


Dynamic libraries:
0x00007ff69b420000 - 0x00007ff69b42d000 	C:\Program Files\Amazon Corretto\jdk17.0.6_10\bin\java.exe
0x00007ff9e2c10000 - 0x00007ff9e2e08000 	C:\Windows\SYSTEM32\ntdll.dll
0x00007ff9c1c30000 - 0x00007ff9c1c49000 	C:\Program Files\AVG\Antivirus\aswhook.dll
0x00007ff9e2980000 - 0x00007ff9e2a3d000 	C:\Windows\System32\KERNEL32.DLL
0x00007ff9e0460000 - 0x00007ff9e0756000 	C:\Windows\System32\KERNELBASE.dll
0x00007ff9e02e0000 - 0x00007ff9e03e0000 	C:\Windows\System32\ucrtbase.dll
0x00007ff9ba030000 - 0x00007ff9ba047000 	C:\Program Files\Amazon Corretto\jdk17.0.6_10\bin\jli.dll
0x00007ff9ba680000 - 0x00007ff9ba695000 	C:\Program Files\Amazon Corretto\jdk17.0.6_10\bin\VCRUNTIME140.dll
0x00007ff9e1130000 - 0x00007ff9e12ce000 	C:\Windows\System32\USER32.dll
0x00007ff9e0760000 - 0x00007ff9e0782000 	C:\Windows\System32\win32u.dll
0x00007ff9e15d0000 - 0x00007ff9e15fc000 	C:\Windows\System32\GDI32.dll
0x00007ff9c2f80000 - 0x00007ff9c321a000 	C:\Windows\WinSxS\amd64_microsoft.windows.common-controls_6595b64144ccf1df_6.0.19041.3636_none_60b6a03d71f818d5\COMCTL32.dll
0x00007ff9e0790000 - 0x00007ff9e08aa000 	C:\Windows\System32\gdi32full.dll
0x00007ff9e1510000 - 0x00007ff9e15ae000 	C:\Windows\System32\msvcrt.dll
0x00007ff9e08b0000 - 0x00007ff9e094d000 	C:\Windows\System32\msvcp_win.dll
0x00007ff9e1b60000 - 0x00007ff9e1b90000 	C:\Windows\System32\IMM32.DLL
0x00007ff9a1160000 - 0x00007ff9a11fb000 	C:\Program Files\Amazon Corretto\jdk17.0.6_10\bin\msvcp140.dll
0x00007ff97f400000 - 0x00007ff980018000 	C:\Program Files\Amazon Corretto\jdk17.0.6_10\bin\server\jvm.dll
0x00007ff9e2a40000 - 0x00007ff9e2af3000 	C:\Windows\System32\ADVAPI32.dll
0x00007ff9e1910000 - 0x00007ff9e19af000 	C:\Windows\System32\sechost.dll
0x00007ff9e27d0000 - 0x00007ff9e28f6000 	C:\Windows\System32\RPCRT4.dll
0x00007ff9e0430000 - 0x00007ff9e0457000 	C:\Windows\System32\bcrypt.dll
0x00007ff9d6e70000 - 0x00007ff9d6e7a000 	C:\Windows\SYSTEM32\VERSION.dll
0x00007ff9bfc30000 - 0x00007ff9bfc39000 	C:\Windows\SYSTEM32\WSOCK32.dll
0x00007ff9cb1b0000 - 0x00007ff9cb1d7000 	C:\Windows\SYSTEM32\WINMM.dll
0x00007ff9e1b90000 - 0x00007ff9e1bfb000 	C:\Windows\System32\WS2_32.dll
0x00007ff9deae0000 - 0x00007ff9deaf2000 	C:\Windows\SYSTEM32\kernel.appcore.dll
0x00007ff9ba500000 - 0x00007ff9ba50a000 	C:\Program Files\Amazon Corretto\jdk17.0.6_10\bin\jimage.dll
0x00007ff9de050000 - 0x00007ff9de234000 	C:\Windows\SYSTEM32\DBGHELP.DLL
0x00007ff9d5c20000 - 0x00007ff9d5c54000 	C:\Windows\SYSTEM32\dbgcore.DLL
0x00007ff9e0b20000 - 0x00007ff9e0ba2000 	C:\Windows\System32\bcryptPrimitives.dll
0x00007ff9b9c00000 - 0x00007ff9b9c25000 	C:\Program Files\Amazon Corretto\jdk17.0.6_10\bin\java.dll
0x00007ff998ab0000 - 0x00007ff998b86000 	C:\Program Files\Amazon Corretto\jdk17.0.6_10\bin\jsvml.dll
0x00007ff9e1cc0000 - 0x00007ff9e2405000 	C:\Windows\System32\SHELL32.dll
0x00007ff9de330000 - 0x00007ff9deacb000 	C:\Windows\SYSTEM32\windows.storage.dll
0x00007ff9e2410000 - 0x00007ff9e2764000 	C:\Windows\System32\combase.dll
0x00007ff9dfd10000 - 0x00007ff9dfd3d000 	C:\Windows\SYSTEM32\Wldp.dll
0x00007ff9e1c00000 - 0x00007ff9e1cad000 	C:\Windows\System32\SHCORE.dll
0x00007ff9e13d0000 - 0x00007ff9e1425000 	C:\Windows\System32\shlwapi.dll
0x00007ff9e0210000 - 0x00007ff9e0235000 	C:\Windows\SYSTEM32\profapi.dll
0x00007ff9b9fb0000 - 0x00007ff9b9fc9000 	C:\Program Files\Amazon Corretto\jdk17.0.6_10\bin\net.dll
0x00007ff9d8980000 - 0x00007ff9d8a8a000 	C:\Windows\SYSTEM32\WINHTTP.dll
0x00007ff9dfa50000 - 0x00007ff9dfaba000 	C:\Windows\system32\mswsock.dll
0x00007ff9b99e0000 - 0x00007ff9b99f5000 	C:\Program Files\Amazon Corretto\jdk17.0.6_10\bin\nio.dll
0x00007ff9b96f0000 - 0x00007ff9b9708000 	C:\Program Files\Amazon Corretto\jdk17.0.6_10\bin\zip.dll
0x00007ff9aae70000 - 0x00007ff9aaeeb000 	C:\Users\Aanil\AppData\Local\Temp\lwjgl_Aanil\3.3.3+5\x64\lwjgl.dll
0x00007ff97e9c0000 - 0x00007ff97ea42000 	C:\Users\Aanil\AppData\Local\Temp\lwjgl_Aanil\3.3.3+5\x64\glfw.dll
0x00007ff9b8850000 - 0x00007ff9b8895000 	C:\Windows\SYSTEM32\dinput8.dll
0x00007ff95d510000 - 0x00007ff95d521000 	C:\Windows\SYSTEM32\xinput1_4.dll
0x00007ff9e03e0000 - 0x00007ff9e042e000 	C:\Windows\System32\cfgmgr32.dll
0x00007ff9e0070000 - 0x00007ff9e00a3000 	C:\Windows\SYSTEM32\DEVOBJ.dll
0x00007ff9ddac0000 - 0x00007ff9ddaef000 	C:\Windows\SYSTEM32\dwmapi.dll
0x00007ff9d4ef0000 - 0x00007ff9d5042000 	C:\Windows\SYSTEM32\inputhost.dll
0x00007ff9e2b00000 - 0x00007ff9e2bcd000 	C:\Windows\System32\OLEAUT32.dll
0x00007ff9dbb80000 - 0x00007ff9dbcd5000 	C:\Windows\SYSTEM32\wintypes.dll
0x00007ff9dd240000 - 0x00007ff9dd332000 	C:\Windows\SYSTEM32\CoreMessaging.dll
0x00007ff9dd480000 - 0x00007ff9dd576000 	C:\Windows\SYSTEM32\PROPSYS.dll
0x00007ff9dcb60000 - 0x00007ff9dcebb000 	C:\Windows\SYSTEM32\CoreUIComponents.dll
0x00007ff9df410000 - 0x00007ff9df443000 	C:\Windows\SYSTEM32\ntmarta.dll
0x00007ff9dd8e0000 - 0x00007ff9dd97e000 	C:\Windows\system32\uxtheme.dll
0x00007ff9e1600000 - 0x00007ff9e1714000 	C:\Windows\System32\MSCTF.dll
0x00007ff997270000 - 0x00007ff997395000 	C:\Windows\SYSTEM32\opengl32.dll
0x00007ff9a3400000 - 0x00007ff9a342c000 	C:\Windows\SYSTEM32\GLU32.dll
0x00007ff9e1860000 - 0x00007ff9e1909000 	C:\Windows\System32\clbcatq.dll
0x00007ff922920000 - 0x00007ff926bac000 	C:\Windows\System32\DriverStore\FileRepository\nvlti.inf_amd64_13e554e5b0753033\nvoglv64.dll
0x00007ff9e0c60000 - 0x00007ff9e10ce000 	C:\Windows\System32\SETUPAPI.dll
0x00007ff9e1720000 - 0x00007ff9e184b000 	C:\Windows\System32\ole32.dll
0x00007ff9d9a30000 - 0x00007ff9d9a44000 	C:\Windows\SYSTEM32\WTSAPI32.dll
0x00007ff9dfea0000 - 0x00007ff9dfeb2000 	C:\Windows\SYSTEM32\msasn1.dll
0x00007ff9d6dc0000 - 0x00007ff9d6df1000 	C:\Windows\SYSTEM32\cryptnet.dll
0x00007ff9e0950000 - 0x00007ff9e0aad000 	C:\Windows\System32\CRYPT32.dll
0x00007ff9d6c10000 - 0x00007ff9d6d58000 	C:\Windows\SYSTEM32\drvstore.dll
0x00007ff9dfc60000 - 0x00007ff9dfc6c000 	C:\Windows\SYSTEM32\cryptbase.dll
0x00007ff9e0ab0000 - 0x00007ff9e0b17000 	C:\Windows\System32\WINTRUST.dll
0x00007ff9d13d0000 - 0x00007ff9d140b000 	C:\Windows\SYSTEM32\dxcore.dll
0x00007ff981c50000 - 0x00007ff981f21000 	C:\Windows\system32\nvspcap64.dll
0x00007ff9df800000 - 0x00007ff9df84b000 	C:\Windows\SYSTEM32\powrprof.dll
0x00007ff9df6c0000 - 0x00007ff9df6d2000 	C:\Windows\SYSTEM32\UMPDC.dll
0x00007ff9def80000 - 0x00007ff9defdb000 	C:\Windows\SYSTEM32\WINSTA.dll
0x00007ff9d5050000 - 0x00007ff9d5149000 	C:\Windows\SYSTEM32\textinputframework.dll
0x00007ff992c80000 - 0x00007ff992cde000 	C:\Users\Aanil\AppData\Local\Temp\lwjgl_Aanil\3.3.3+5\x64\lwjgl_opengl.dll
0x00007ff97d7e0000 - 0x00007ff97d988000 	C:\Program Files\Amazon Corretto\jdk17.0.6_10\bin\awt.dll
0x00007ff9dd5e0000 - 0x00007ff9dd670000 	C:\Windows\SYSTEM32\apphelp.dll
0x00007ff97dae0000 - 0x00007ff97db73000 	C:\Users\Aanil\AppData\Local\Temp\lwjgl_Aanil\3.3.3+5\x64\lwjgl_nanovg.dll

dbghelp: loaded successfully - version: 4.0.5 - missing functions: none
symbol engine: initialized successfully - sym options: 0x614 - pdb path: .;C:\Program Files\Amazon Corretto\jdk17.0.6_10\bin;C:\Windows\SYSTEM32;C:\Program Files\AVG\Antivirus;C:\Windows\WinSxS\amd64_microsoft.windows.common-controls_6595b64144ccf1df_6.0.19041.3636_none_60b6a03d71f818d5;C:\Program Files\Amazon Corretto\jdk17.0.6_10\bin\server;C:\Users\Aanil\AppData\Local\Temp\lwjgl_Aanil\3.3.3+5\x64;C:\Windows\System32\DriverStore\FileRepository\nvlti.inf_amd64_13e554e5b0753033

VM Arguments:
jvm_args: -Dfile.encoding=windows-1252 -Duser.country=GB -Duser.language=en -Duser.variant 
java_command: Shapes
java_class_path (initial): E:\Java\Brick\build\classes\java\test;E:\Java\Brick\build\resources\test;E:\Java\Brick\build\classes\java\main;E:\Java\Brick\build\resources\main;C:\Users\Aanil\.gradle\caches\modules-2\files-2.1\org.projectlombok\lombok\1.18.28\a2ff5da8bcd8b1b26f36b806ced63213362c6dcc\lombok-1.18.28.jar;C:\Users\Aanil\.gradle\caches\modules-2\files-2.1\com.github.Wolfsurge\NVGU\1.2\77e8e63fe45399b15961c33e0972fa75fd15578d\NVGU-1.2.jar;C:\Users\Aanil\.gradle\caches\modules-2\files-2.1\org.jetbrains\annotations\24.0.0\69b8b443c437fdeefa8d20c18d257b94836a92b9\annotations-24.0.0.jar;C:\Users\Aanil\.gradle\caches\modules-2\files-2.1\org.lwjgl\lwjgl-glfw\3.3.3\efa1eb78c5ccd840e9f329717109b5e892d72f8e\lwjgl-glfw-3.3.3.jar;C:\Users\Aanil\.gradle\caches\modules-2\files-2.1\org.lwjgl\lwjgl-glfw\3.3.3\e449e28b4891fc423c54c85fbc5bb0b9efece67a\lwjgl-glfw-3.3.3-natives-windows.jar;C:\Users\Aanil\.gradle\caches\modules-2\files-2.1\org.lwjgl\lwjgl-nanovg\3.3.3\37f0b9fc142948c3b2c6cd563db7233b14b9640c\lwjgl-nanovg-3.3.3.jar;C:\Users\Aanil\.gradle\caches\modules-2\files-2.1\org.lwjgl\lwjgl-nanovg\3.3.3\ccfbc346c4ce0737b7fe758d6337a3741af2f256\lwjgl-nanovg-3.3.3-natives-windows.jar;C:\Users\Aanil\.gradle\caches\modules-2\files-2.1\org.lwjgl\lwjgl-opengl\3.3.3\2f6b0147078396a58979125a4c947664e98293a\lwjgl-opengl-3.3.3.jar;C:\Users\Aanil\.gradle\caches\modules-2\files-2.1\org.lwjgl\lwjgl-opengl\3.3.3\e6c1eec8be8a71951b830a4d69efc01c6531900c\lwjgl-opengl-3.3.3-natives-windows.jar;C:\Users\Aanil\.gradle\caches\modules-2\files-2.1\org.lwjgl\lwjgl\3.3.3\29589b5f87ed335a6c7e7ee6a5775f81f97ecb84\lwjgl-3.3.3.jar;C:\Users\Aanil\.gradle\caches\modules-2\files-2.1\org.lwjgl\lwjgl\3.3.3\a5ed18a2b82fc91b81f40d717cb1f64c9dcb0540\lwjgl-3.3.3-natives-windows.jar;C:\Users\Aanil\.gradle\caches\modules-2\files-2.1\com.github.zhogoshi\animations\4.0\7ff6975936ed95bd2ad09e75b6ddfe4e545b7a\animations-4.0.jar
Launcher Type: SUN_STANDARD

[Global flags]
     intx CICompilerCount                          = 4                                         {product} {ergonomic}
     uint ConcGCThreads                            = 2                                         {product} {ergonomic}
     uint G1ConcRefinementThreads                  = 8                                         {product} {ergonomic}
   size_t G1HeapRegionSize                         = 1048576                                   {product} {ergonomic}
    uintx GCDrainStackTargetSize                   = 64                                        {product} {ergonomic}
   size_t InitialHeapSize                          = 134217728                                 {product} {ergonomic}
   size_t MarkStackSize                            = 4194304                                   {product} {ergonomic}
   size_t MaxHeapSize                              = 2118123520                                {product} {ergonomic}
   size_t MaxNewSize                               = 1270874112                                {product} {ergonomic}
   size_t MinHeapDeltaBytes                        = 1048576                                   {product} {ergonomic}
   size_t MinHeapSize                              = 8388608                                   {product} {ergonomic}
    uintx NonNMethodCodeHeapSize                   = 5839372                                {pd product} {ergonomic}
    uintx NonProfiledCodeHeapSize                  = 122909434                              {pd product} {ergonomic}
    uintx ProfiledCodeHeapSize                     = 122909434                              {pd product} {ergonomic}
    uintx ReservedCodeCacheSize                    = 251658240                              {pd product} {ergonomic}
     bool SegmentedCodeCache                       = true                                      {product} {ergonomic}
   size_t SoftMaxHeapSize                          = 2118123520                             {manageable} {ergonomic}
     bool UseCompressedClassPointers               = true                           {product lp64_product} {ergonomic}
     bool UseCompressedOops                        = true                           {product lp64_product} {ergonomic}
     bool UseG1GC                                  = true                                      {product} {ergonomic}
     bool UseLargePagesIndividualAllocation        = false                                  {pd product} {ergonomic}

Logging:
Log output configuration:
 #0: stdout all=warning uptime,level,tags
 #1: stderr all=off uptime,level,tags

Environment Variables:
JAVA_HOME=C:\Program Files\Amazon Corretto\jdk17.0.6_10
PATH=c:\devkitPro\msys2\usr\bin;C:\Program Files\Alacritty\;C:\Program Files (x86)\Common Files\Intel\Shared Libraries\redist\intel64\compiler;C:\Program Files\Amazon Corretto\jdk17.0.6_10\bin;C:\Program Files\Eclipse Adoptium\jdk-8.0.362.9-hotspot\bin;C:\Windows\system32;C:\Windows;C:\Windows\System32\Wbem;C:\Windows\System32\WindowsPowerShell\v1.0\;C:\Windows\System32\OpenSSH\;C:\Program Files\Git\cmd;C:\Program Files\NVIDIA Corporation\NVIDIA NvDLISR;C:\Program Files\dotnet\;C:\Program Files\nodejs\;C:\ProgramData\chocolatey\bin;C:\Users\Aanil\scoop;C:\Users\Aanil;C:\Program Files (x86)\NVIDIA Corporation\PhysX\Common;C:\Program Files\FBI Installer\fbi_installer.exe;C:\mingw64\bin;C:\Users\Aanil\.aftman\bin;C:\Users\Aanil\Documents\v;C:\Users\Aanil\.config\v-analyzer\bin\;C:\Program Files\Go\bin;C:\Program Files\upx;C:\Users\Aanil\Documents\v\.bin;C:\Users\Aanil\AppData\Local\pnpm;C:\Python311\Scripts;C:\Python311;C:\Users\Aanil\scoop\shims;C:\Users\Aanil\.cargo\bin;C:\Users\Aanil\AppData\Local\Programs\Python\Python311\Scripts;C:\Users\Aanil\AppData\Local\Programs\Python\Python311;C:\Users\Aanil\AppData\Local\Microsoft\WindowsApps;C:\Users\Aanil\AppData\Local\Programs\Microsoft VS Code\bin;C:\Users\Aanil\AppData\Local\JetBrains\IntelliJ IDEA Community Edition 2022.3.3\bin;C:\Users\Aanil\.dotnet\tools;C:\Users\Aanil\go\bin;C:\msys64\mingw64\bin;C:\Users\Aanil\AppData\Local\spicetify;C:\Users\Aanil\AppData\Roaming\npm;C:\Users\Aanil\AppData\Local\GitHubDesktop\bin;C:\tools\neovim\nvim-win64\bin;C:\Users\Aanil\AppData\Local\Programs\oh-my-posh\bin;C:\Users\Aanil\scoop;C:\Users\Aanil\.dotnet\tools;C:\Program Files\FBI Installer\fbi_installer.exe;C:\mingw64\bin;C:\Users\Aanil\.aftman\bin;C:\Users\Aanil\Documents\v;C:\Users\Aanil\.config\v-analyzer\bin\;C:\Users\Aanil\.openbin\bin;C:\Users\Aanil\.openbin\bin;C:\Users\Aanil\.openbin\bin;C:\Users\Aanil\.openbin\bin;C:\Users\Aanil\.openbin\bin;C:\Users\Aanil\.openbin\bin;C:\Users\Aanil\.openbin\bin;C:\Users\Aanil\AppData\Lo
USERNAME=Aanil
OS=Windows_NT
PROCESSOR_IDENTIFIER=Intel64 Family 6 Model 158 Stepping 10, GenuineIntel
TMP=C:\Users\Aanil\AppData\Local\Temp
TEMP=C:\Users\Aanil\AppData\Local\Temp



---------------  S Y S T E M  ---------------

OS:
 Windows 10 , 64 bit Build 19041 (10.0.19041.3636)
OS uptime: 0 days 4:45 hours
Hyper-V role detected

CPU: total 8 (initial active 8) (4 cores per cpu, 2 threads per core) family 6 model 158 stepping 10 microcode 0xc6, cx8, cmov, fxsr, ht, mmx, 3dnowpref, sse, sse2, sse3, ssse3, sse4.1, sse4.2, popcnt, lzcnt, tsc, tscinvbit, avx, avx2, aes, erms, clmul, bmi1, bmi2, adx, fma, vzeroupper, clflush, clflushopt, hv

Memory: 4k page, system-wide physical 8072M (642M free)
TotalPageFile size 25630M (AvailPageFile size 5760M)
current process WorkingSet (physical memory assigned to process): 89M, peak: 89M
current process commit charge ("private bytes"): 263M, peak: 263M

vm_info: OpenJDK 64-Bit Server VM (17.0.6+10-LTS) for windows-amd64 JRE (17.0.6+10-LTS), built on Jan 13 2023 22:57:04 by "Administrator" with MS VC++ 15.9 (VS2017)

END.
